Using pre-set license
Built from '2020.2/staging' branch; Version is '2020.2.6f1 (8a2143876886) revision 9052483'; Using compiler version '192528614'; Build Type 'Release'
OS: 'Windows 10 Pro; OS build 18363.1198; Version 1909; 64bit' Language: 'en' Physical Memory: 12222 MB
BatchMode: 1, IsHumanControllingUs: 0, StartBugReporterOnCrash: 0, Is64bit: 1, IsPro: 0

 COMMAND LINE ARGUMENTS:
C:\Program Files\Unity\Hub\Editor\2020.2.6f1\Editor\Unity.exe
-adb2
-batchMode
-noUpm
-name
AssetImportWorker5
-projectPath
C:/Users/Jamal Kamusoko/Documents/GitHub/PatientZero.RE/Patient_Zero
-logFile
Logs/AssetImportWorker5.log
-srvPort
61129
Successfully changed project path to: C:/Users/Jamal Kamusoko/Documents/GitHub/PatientZero.RE/Patient_Zero
C:/Users/Jamal Kamusoko/Documents/GitHub/PatientZero.RE/Patient_Zero
Using Asset Import Pipeline V2.
Refreshing native plugins compatible for Editor in 322.83 ms, found 0 plugins.
Preloading 0 native plugins for Editor in 0.00 ms.
Initialize engine version: 2020.2.6f1 (8a2143876886)
[Subsystems] Discovering subsystems at path C:/Program Files/Unity/Hub/Editor/2020.2.6f1/Editor/Data/Resources/UnitySubsystems
[Subsystems] Discovering subsystems at path C:/Users/Jamal Kamusoko/Documents/GitHub/PatientZero.RE/Patient_Zero/Assets
GfxDevice: creating device client; threaded=0
Direct3D:
    Version:  Direct3D 11.0 [level 11.1]
    Renderer: NVIDIA GeForce GTX 950 (ID=0x1402)
    Vendor:   
    VRAM:     2007 MB
    Driver:   27.21.14.6172
Initialize mono
Mono path[0] = 'C:/Program Files/Unity/Hub/Editor/2020.2.6f1/Editor/Data/Managed'
Mono path[1] = 'C:/Program Files/Unity/Hub/Editor/2020.2.6f1/Editor/Data/MonoBleedingEdge/lib/mono/unityjit'
Mono config path = 'C:/Program Files/Unity/Hub/Editor/2020.2.6f1/Editor/Data/MonoBleedingEdge/etc'
Using monoOptions --debugger-agent=transport=dt_socket,embedding=1,server=y,suspend=n,address=127.0.0.1:56612
Begin MonoManager ReloadAssembly
Registering precompiled unity dll's ...
Register platform support module: C:/Program Files/Unity/Hub/Editor/2020.2.6f1/Editor/Data/PlaybackEngines/WebGLSupport/UnityEditor.WebGL.Extensions.dll
Register platform support module: C:/Program Files/Unity/Hub/Editor/2020.2.6f1/Editor/Data/PlaybackEngines/MacStandaloneSupport/UnityEditor.OSXStandalone.Extensions.dll
Register platform support module: C:/Program Files/Unity/Hub/Editor/2020.2.6f1/Editor/Data/PlaybackEngines/WindowsStandaloneSupport/UnityEditor.WindowsStandalone.Extensions.dll
Register platform support module: C:/Program Files/Unity/Hub/Editor/2020.2.6f1/Editor/Data/PlaybackEngines/LinuxStandaloneSupport/UnityEditor.LinuxStandalone.Extensions.dll
Registered in 0.006336 seconds.
Native extension for LinuxStandalone target not found
Native extension for WindowsStandalone target not found
Native extension for OSXStandalone target not found
Native extension for WebGL target not found
Refreshing native plugins compatible for Editor in 151.74 ms, found 0 plugins.
Preloading 0 native plugins for Editor in 0.00 ms.
Invoked RoslynAnalysisRunner static constructor.
RoslynAnalysisRunner will not be running.
RoslynAnalysisRunner has terminated.
Mono: successfully reloaded assembly
- Completed reload, in  2.275 seconds
Platform modules already initialized, skipping
Registering precompiled user dll's ...
Registered in 0.009749 seconds.
Begin MonoManager ReloadAssembly
Native extension for LinuxStandalone target not found
Native extension for WindowsStandalone target not found
Native extension for OSXStandalone target not found
Native extension for WebGL target not found
Refreshing native plugins compatible for Editor in 1.36 ms, found 0 plugins.
Preloading 0 native plugins for Editor in 0.00 ms.
Invoked RoslynAnalysisRunner static constructor.
RoslynAnalysisRunner will not be running.
RoslynAnalysisRunner has terminated.
Mono: successfully reloaded assembly
- Completed reload, in  5.273 seconds
Platform modules already initialized, skipping
========================================================================
Worker process is ready to serve import requests
Launched and connected shader compiler UnityShaderCompiler.exe after 0.37 seconds
Refreshing native plugins compatible for Editor in 1.25 ms, found 0 plugins.
Preloading 0 native plugins for Editor in 0.00 ms.
Unloading 2014 Unused Serialized files (Serialized files now loaded: 0)
System memory in use before: 120.6 MB.
System memory in use after: 120.7 MB.

Unloading 110 unused Assets to reduce memory usage. Loaded Objects now: 2457.
Total: 4.402900 ms (FindLiveObjects: 0.297300 ms CreateObjectMapping: 0.098400 ms MarkObjects: 3.688500 ms  DeleteObjects: 0.316900 ms)

========================================================================
Received Import Request.
  path: Assets/LevelDesign/AssetStoreOriginals/_SNAPS_PrototypingAssets/About/Readme.asset
  artifactKey: Guid(83c2ed844a8c74b779a4c823d16594b1) Importer(815301076,1909f56bfc062723c751e8b465ee728b)
Start importing Assets/LevelDesign/AssetStoreOriginals/_SNAPS_PrototypingAssets/About/Readme.asset using Guid(83c2ed844a8c74b779a4c823d16594b1) Importer(815301076,1909f56bfc062723c751e8b465ee728b)  -> (artifact id: '3910b317677b53ef090fd74542167456') in 0.500897 seconds
  Import took 0.581541 seconds .

========================================================================
Received Import Request.
  Time since last request: 102.125082 seconds.
  path: Assets/LevelDesign/AssetStoreOriginals/_SNAPS_PrototypingAssets/About/Readme.asset
  artifactKey: Guid(83c2ed844a8c74b779a4c823d16594b1) Importer(815301076,1909f56bfc062723c751e8b465ee728b)
Start importing Assets/LevelDesign/AssetStoreOriginals/_SNAPS_PrototypingAssets/About/Readme.asset using Guid(83c2ed844a8c74b779a4c823d16594b1) Importer(815301076,1909f56bfc062723c751e8b465ee728b)  -> (artifact id: '3910b317677b53ef090fd74542167456') in 0.015175 seconds
  Import took 0.049501 seconds .

========================================================================
Received Import Request.
  Time since last request: 287.567437 seconds.
  path: Assets/Scripts/End trigger.prefab
  artifactKey: Guid(9f6ea673d88d3c8468c157f7fa1a4ec9) Importer(815301076,1909f56bfc062723c751e8b465ee728b)
Start importing Assets/Scripts/End trigger.prefab using Guid(9f6ea673d88d3c8468c157f7fa1a4ec9) Importer(815301076,1909f56bfc062723c751e8b465ee728b)  -> (artifact id: '5cda4c8431afce78d59b2c869adb13e4') in 1.185506 seconds
  Import took 1.319356 seconds .

========================================================================
Received Import Request.
  Time since last request: 1.670400 seconds.
  path: Assets/Scripts/Enemy
  artifactKey: Guid(1feb0b1b3c0932b49a0d671f3e6c0228) Importer(815301076,1909f56bfc062723c751e8b465ee728b)
Start importing Assets/Scripts/Enemy using Guid(1feb0b1b3c0932b49a0d671f3e6c0228) Importer(815301076,1909f56bfc062723c751e8b465ee728b)  -> (artifact id: 'd99410fd09ec9636ce662a39c86ef5b3') in 0.004624 seconds
  Import took 0.043006 seconds .

========================================================================
Received Import Request.
  Time since last request: 2.619164 seconds.
  path: Assets/Scripts/Enemy/EnemyFollow.cs
  artifactKey: Guid(075c7c3cc19c9f04e88a2cb14ec1c20f) Importer(815301076,1909f56bfc062723c751e8b465ee728b)
Start importing Assets/Scripts/Enemy/EnemyFollow.cs using Guid(075c7c3cc19c9f04e88a2cb14ec1c20f) Importer(815301076,1909f56bfc062723c751e8b465ee728b)  -> (artifact id: 'cb74cddbbe34c190007b257dfe399c6f') in 0.090585 seconds
  Import took 0.145736 seconds .

========================================================================
Received Import Request.
  Time since last request: 0.322813 seconds.
  path: Assets/Scripts/Enemy/EnemyFollow.cs
  artifactKey: Guid(075c7c3cc19c9f04e88a2cb14ec1c20f) Importer(815301076,1909f56bfc062723c751e8b465ee728b)
Start importing Assets/Scripts/Enemy/EnemyFollow.cs using Guid(075c7c3cc19c9f04e88a2cb14ec1c20f) Importer(815301076,1909f56bfc062723c751e8b465ee728b)  -> (artifact id: 'cb74cddbbe34c190007b257dfe399c6f') in 0.033786 seconds
  Import took 0.038908 seconds .

========================================================================
Received Prepare
Registering precompiled user dll's ...
Registered in 0.009491 seconds.
Begin MonoManager ReloadAssembly
Native extension for LinuxStandalone target not found
Native extension for WindowsStandalone target not found
Native extension for OSXStandalone target not found
Native extension for WebGL target not found
Refreshing native plugins compatible for Editor in 1.34 ms, found 0 plugins.
Preloading 0 native plugins for Editor in 0.00 ms.
Warning: Annotation not found!
UnityEngine.StackTraceUtility:ExtractStackTrace ()
UnityEditor.ProBuilder.EditorUtility:SetGizmoIconEnabled (System.Type,bool) (at Library/PackageCache/com.unity.probuilder@4.5.0/Editor/EditorCore/EditorUtility.cs:593)
UnityEditor.ProBuilder.HierarchyListener:.cctor () (at Library/PackageCache/com.unity.probuilder@4.5.0/Editor/EditorCore/HierarchyListener.cs:21)
System.Runtime.CompilerServices.RuntimeHelpers:RunClassConstructor (System.RuntimeTypeHandle)
UnityEditor.EditorAssemblies:ProcessInitializeOnLoadAttributes (System.Type[])

[Library/PackageCache/com.unity.probuilder@4.5.0/Editor/EditorCore/EditorUtility.cs line 593]

Invoked RoslynAnalysisRunner static constructor.
RoslynAnalysisRunner will not be running.
RoslynAnalysisRunner has terminated.
Mono: successfully reloaded assembly
- Completed reload, in  4.222 seconds
Platform modules already initialized, skipping
Refreshing native plugins compatible for Editor in 1.33 ms, found 0 plugins.
Preloading 0 native plugins for Editor in 0.00 ms.
Unloading 1934 Unused Serialized files (Serialized files now loaded: 0)
System memory in use before: 117.6 MB.
System memory in use after: 117.7 MB.

Unloading 30 unused Assets to reduce memory usage. Loaded Objects now: 2467.
Total: 4.000600 ms (FindLiveObjects: 0.385700 ms CreateObjectMapping: 0.090700 ms MarkObjects: 3.300700 ms  DeleteObjects: 0.219400 ms)

========================================================================
Received Import Request.
  Time since last request: 3270.698806 seconds.
  path: Assets/Scripts/Player.cs
  artifactKey: Guid(fb6093c0c28b30640ac0c23f7a57d8c5) Importer(815301076,1909f56bfc062723c751e8b465ee728b)
Start importing Assets/Scripts/Player.cs using Guid(fb6093c0c28b30640ac0c23f7a57d8c5) Importer(815301076,1909f56bfc062723c751e8b465ee728b)  -> (artifact id: '39f61b4c662a531435b9db877b984af0') in 0.164096 seconds
  Import took 0.227115 seconds .

========================================================================
Received Import Request.
  Time since last request: 111.533116 seconds.
  path: Assets/Scripts/Bullet
  artifactKey: Guid(e30382a1a38cd7d42b93243700f121af) Importer(815301076,1909f56bfc062723c751e8b465ee728b)
Start importing Assets/Scripts/Bullet using Guid(e30382a1a38cd7d42b93243700f121af) Importer(815301076,1909f56bfc062723c751e8b465ee728b)  -> (artifact id: '6777c9efeede44e6589c31db968efe8e') in 0.021951 seconds
  Import took 0.076757 seconds .

========================================================================
Received Import Request.
  Time since last request: 1.418327 seconds.
  path: Assets/Scripts/Bullet/BulletScript.cs
  artifactKey: Guid(02ff3ea705a4a7244a59eef82e75c660) Importer(815301076,1909f56bfc062723c751e8b465ee728b)
Start importing Assets/Scripts/Bullet/BulletScript.cs using Guid(02ff3ea705a4a7244a59eef82e75c660) Importer(815301076,1909f56bfc062723c751e8b465ee728b)  -> (artifact id: '4cfcff02333c86147bacb012991954ba') in 0.059822 seconds
  Import took 0.147925 seconds .

========================================================================
Received Import Request.
  Time since last request: 0.074012 seconds.
  path: Assets/Scripts/Bullet/BulletScript.cs
  artifactKey: Guid(02ff3ea705a4a7244a59eef82e75c660) Importer(815301076,1909f56bfc062723c751e8b465ee728b)
Start importing Assets/Scripts/Bullet/BulletScript.cs using Guid(02ff3ea705a4a7244a59eef82e75c660) Importer(815301076,1909f56bfc062723c751e8b465ee728b)  -> (artifact id: '4cfcff02333c86147bacb012991954ba') in 0.004403 seconds
  Import took 0.062909 seconds .

========================================================================
Received Prepare
Registering precompiled user dll's ...
Registered in 0.009796 seconds.
Begin MonoManager ReloadAssembly
Native extension for LinuxStandalone target not found
Native extension for WindowsStandalone target not found
Native extension for OSXStandalone target not found
Native extension for WebGL target not found
Refreshing native plugins compatible for Editor in 1.45 ms, found 0 plugins.
Preloading 0 native plugins for Editor in 0.00 ms.
Warning: Annotation not found!
UnityEngine.StackTraceUtility:ExtractStackTrace ()
UnityEditor.ProBuilder.EditorUtility:SetGizmoIconEnabled (System.Type,bool) (at Library/PackageCache/com.unity.probuilder@4.5.0/Editor/EditorCore/EditorUtility.cs:593)
UnityEditor.ProBuilder.HierarchyListener:.cctor () (at Library/PackageCache/com.unity.probuilder@4.5.0/Editor/EditorCore/HierarchyListener.cs:21)
System.Runtime.CompilerServices.RuntimeHelpers:RunClassConstructor (System.RuntimeTypeHandle)
UnityEditor.EditorAssemblies:ProcessInitializeOnLoadAttributes (System.Type[])

[Library/PackageCache/com.unity.probuilder@4.5.0/Editor/EditorCore/EditorUtility.cs line 593]

Invoked RoslynAnalysisRunner static constructor.
RoslynAnalysisRunner will not be running.
RoslynAnalysisRunner has terminated.
Mono: successfully reloaded assembly
- Completed reload, in  1.814 seconds
Platform modules already initialized, skipping
Refreshing native plugins compatible for Editor in 1.30 ms, found 0 plugins.
Preloading 0 native plugins for Editor in 0.00 ms.
Unloading 1934 Unused Serialized files (Serialized files now loaded: 0)
System memory in use before: 117.6 MB.
System memory in use after: 117.7 MB.

Unloading 30 unused Assets to reduce memory usage. Loaded Objects now: 2469.
Total: 4.597800 ms (FindLiveObjects: 0.485000 ms CreateObjectMapping: 0.118800 ms MarkObjects: 3.731400 ms  DeleteObjects: 0.257700 ms)

========================================================================
Received Import Request.
  Time since last request: 1548.795295 seconds.
  path: Assets/Prefabs/Assault_Rifle_Controller.prefab
  artifactKey: Guid(c4bd9a1739c10a04aa6bea70b09c7136) Importer(815301076,1909f56bfc062723c751e8b465ee728b)
Start importing Assets/Prefabs/Assault_Rifle_Controller.prefab using Guid(c4bd9a1739c10a04aa6bea70b09c7136) Importer(815301076,1909f56bfc062723c751e8b465ee728b)  -> (artifact id: 'd0117123b928bcca77d980474aa72932') in 2.436294 seconds
  Import took 2.467979 seconds .

========================================================================
Received Import Request.
  Time since last request: 0.000391 seconds.
  path: Assets/Prefabs/Explosive Barrel.prefab
  artifactKey: Guid(ba67efa6dcab9a54aac7e607f17f759c) Importer(815301076,1909f56bfc062723c751e8b465ee728b)
Start importing Assets/Prefabs/Explosive Barrel.prefab using Guid(ba67efa6dcab9a54aac7e607f17f759c) Importer(815301076,1909f56bfc062723c751e8b465ee728b)  -> (artifact id: '758a1abc1b71ec6959402b25d3f4d412') in 0.265325 seconds
  Import took 0.296479 seconds .

========================================================================
Received Import Request.
  Time since last request: 0.000313 seconds.
  path: Assets/Prefabs/Zombie I Prefab.prefab
  artifactKey: Guid(f68a7f546cf31484291013444ed3ef60) Importer(815301076,1909f56bfc062723c751e8b465ee728b)
Start importing Assets/Prefabs/Zombie I Prefab.prefab using Guid(f68a7f546cf31484291013444ed3ef60) Importer(815301076,1909f56bfc062723c751e8b465ee728b)  -> (artifact id: '6908ce1ef4c4ca6c639864c0dbf5a6cd') in 0.694207 seconds
  Import took 0.730254 seconds .

========================================================================
Received Import Request.
  Time since last request: 0.000304 seconds.
  path: Assets/Prefabs/Target.prefab
  artifactKey: Guid(84e2da24fceb32c45a3059b4c1d82538) Importer(815301076,1909f56bfc062723c751e8b465ee728b)
Start importing Assets/Prefabs/Target.prefab using Guid(84e2da24fceb32c45a3059b4c1d82538) Importer(815301076,1909f56bfc062723c751e8b465ee728b)  -> (artifact id: '873dac602b37c265b33b1c56c974239c') in 0.158304 seconds
  Import took 0.189195 seconds .

========================================================================
Received Import Request.
  Time since last request: 0.000277 seconds.
  path: Assets/Prefabs/Explosive Barrel (Destroyed).prefab
  artifactKey: Guid(69583eba87a3a60449692cb2c09f4706) Importer(815301076,1909f56bfc062723c751e8b465ee728b)
Start importing Assets/Prefabs/Explosive Barrel (Destroyed).prefab using Guid(69583eba87a3a60449692cb2c09f4706) Importer(815301076,1909f56bfc062723c751e8b465ee728b)  -> (artifact id: '749369ede379652ce27196923c4ad5ac') in 0.043345 seconds
  Import took 0.079187 seconds .

========================================================================
Received Import Request.
  Time since last request: 0.000309 seconds.
  path: Assets/Prefabs/Handgun_Controller.prefab
  artifactKey: Guid(42f5bf363cd724b44bd390777ad01001) Importer(815301076,1909f56bfc062723c751e8b465ee728b)
Start importing Assets/Prefabs/Handgun_Controller.prefab using Guid(42f5bf363cd724b44bd390777ad01001) Importer(815301076,1909f56bfc062723c751e8b465ee728b)  -> (artifact id: '4f38133f5cc5c0027ede497b7376245f') in 1.073637 seconds
  Import took 1.115783 seconds .

========================================================================
Received Import Request.
  Time since last request: 0.000264 seconds.
  path: Assets/Prefabs/WaveSpawner.prefab
  artifactKey: Guid(0880deb8157057749b3ff117fcf30ad5) Importer(815301076,1909f56bfc062723c751e8b465ee728b)
Start importing Assets/Prefabs/WaveSpawner.prefab using Guid(0880deb8157057749b3ff117fcf30ad5) Importer(815301076,1909f56bfc062723c751e8b465ee728b)  -> (artifact id: '8a02fcb573e8f609400f10d9130793c3') in 0.019764 seconds
  Import took 0.035692 seconds .

========================================================================
Received Prepare
Registering precompiled user dll's ...
Registered in 0.236649 seconds.
Begin MonoManager ReloadAssembly
Native extension for LinuxStandalone target not found
Native extension for WindowsStandalone target not found
Native extension for OSXStandalone target not found
Native extension for WebGL target not found
Refreshing native plugins compatible for Editor in 1.35 ms, found 0 plugins.
Preloading 0 native plugins for Editor in 0.00 ms.
Warning: Annotation not found!
UnityEngine.StackTraceUtility:ExtractStackTrace ()
UnityEditor.ProBuilder.EditorUtility:SetGizmoIconEnabled (System.Type,bool) (at Library/PackageCache/com.unity.probuilder@4.5.0/Editor/EditorCore/EditorUtility.cs:593)
UnityEditor.ProBuilder.HierarchyListener:.cctor () (at Library/PackageCache/com.unity.probuilder@4.5.0/Editor/EditorCore/HierarchyListener.cs:21)
System.Runtime.CompilerServices.RuntimeHelpers:RunClassConstructor (System.RuntimeTypeHandle)
UnityEditor.EditorAssemblies:ProcessInitializeOnLoadAttributes (System.Type[])

[Library/PackageCache/com.unity.probuilder@4.5.0/Editor/EditorCore/EditorUtility.cs line 593]

Invoked RoslynAnalysisRunner static constructor.
RoslynAnalysisRunner will not be running.
RoslynAnalysisRunner has terminated.
Mono: successfully reloaded assembly
- Completed reload, in 10.069 seconds
Platform modules already initialized, skipping
Refreshing native plugins compatible for Editor in 2.14 ms, found 0 plugins.
Preloading 0 native plugins for Editor in 0.00 ms.
Unloading 1934 Unused Serialized files (Serialized files now loaded: 0)
System memory in use before: 131.9 MB.
System memory in use after: 131.9 MB.

Unloading 32 unused Assets to reduce memory usage. Loaded Objects now: 2475.
Total: 288.830800 ms (FindLiveObjects: 0.326900 ms CreateObjectMapping: 0.096200 ms MarkObjects: 262.096900 ms  DeleteObjects: 26.305400 ms)

========================================================================
Received Import Request.
  Time since last request: 1017.938590 seconds.
  path: Assets/Scripts/ChangeState.cs
  artifactKey: Guid(548e05f2b1b5e4a46ae71cd2cd7ee5e3) Importer(815301076,1909f56bfc062723c751e8b465ee728b)
Start importing Assets/Scripts/ChangeState.cs using Guid(548e05f2b1b5e4a46ae71cd2cd7ee5e3) Importer(815301076,1909f56bfc062723c751e8b465ee728b)  -> (artifact id: '4e8e5ecbccd4f929e4d69acd7f17dd47') in 0.259589 seconds
  Import took 0.320792 seconds .

========================================================================
Received Import Request.
  Time since last request: 2.691977 seconds.
  path: Assets/Scripts/ExplosiveBarrelScript.cs
  artifactKey: Guid(f00dbda9bdee23645ace6aa6df24f827) Importer(815301076,1909f56bfc062723c751e8b465ee728b)
Start importing Assets/Scripts/ExplosiveBarrelScript.cs using Guid(f00dbda9bdee23645ace6aa6df24f827) Importer(815301076,1909f56bfc062723c751e8b465ee728b)  -> (artifact id: 'b9199ee2c5de2285aaf8e796e3cd0b33') in 0.211171 seconds
  Import took 0.216605 seconds .

========================================================================
Received Import Request.
  Time since last request: 0.002488 seconds.
  path: Assets/Scripts/ExplosiveBarrelScript.cs
  artifactKey: Guid(f00dbda9bdee23645ace6aa6df24f827) Importer(815301076,1909f56bfc062723c751e8b465ee728b)
Start importing Assets/Scripts/ExplosiveBarrelScript.cs using Guid(f00dbda9bdee23645ace6aa6df24f827) Importer(815301076,1909f56bfc062723c751e8b465ee728b)  -> (artifact id: 'b9199ee2c5de2285aaf8e796e3cd0b33') in 0.004097 seconds
  Import took 0.009734 seconds .

========================================================================
Received Import Request.
  Time since last request: 0.681017 seconds.
  path: Assets/Scripts/HealthBar.cs
  artifactKey: Guid(c30753f69b290d64e98640158f268eac) Importer(815301076,1909f56bfc062723c751e8b465ee728b)
Start importing Assets/Scripts/HealthBar.cs using Guid(c30753f69b290d64e98640158f268eac) Importer(815301076,1909f56bfc062723c751e8b465ee728b)  -> (artifact id: 'a1ed2029c4a130d25b31acf183ff20b9') in 0.011118 seconds
  Import took 0.042472 seconds .

========================================================================
Received Import Request.
  Time since last request: 0.002700 seconds.
  path: Assets/Scripts/HealthBar.cs
  artifactKey: Guid(c30753f69b290d64e98640158f268eac) Importer(815301076,1909f56bfc062723c751e8b465ee728b)
Start importing Assets/Scripts/HealthBar.cs using Guid(c30753f69b290d64e98640158f268eac) Importer(815301076,1909f56bfc062723c751e8b465ee728b)  -> (artifact id: 'a1ed2029c4a130d25b31acf183ff20b9') in 0.004860 seconds
  Import took 0.010726 seconds .

========================================================================
Received Prepare
Registering precompiled user dll's ...
Registered in 0.009520 seconds.
Begin MonoManager ReloadAssembly
Native extension for LinuxStandalone target not found
Native extension for WindowsStandalone target not found
Native extension for OSXStandalone target not found
Native extension for WebGL target not found
Refreshing native plugins compatible for Editor in 1.41 ms, found 0 plugins.
Preloading 0 native plugins for Editor in 0.00 ms.
Warning: Annotation not found!
UnityEngine.StackTraceUtility:ExtractStackTrace ()
UnityEditor.ProBuilder.EditorUtility:SetGizmoIconEnabled (System.Type,bool) (at Library/PackageCache/com.unity.probuilder@4.5.0/Editor/EditorCore/EditorUtility.cs:593)
UnityEditor.ProBuilder.HierarchyListener:.cctor () (at Library/PackageCache/com.unity.probuilder@4.5.0/Editor/EditorCore/HierarchyListener.cs:21)
System.Runtime.CompilerServices.RuntimeHelpers:RunClassConstructor (System.RuntimeTypeHandle)
UnityEditor.EditorAssemblies:ProcessInitializeOnLoadAttributes (System.Type[])

[Library/PackageCache/com.unity.probuilder@4.5.0/Editor/EditorCore/EditorUtility.cs line 593]

Invoked RoslynAnalysisRunner static constructor.
RoslynAnalysisRunner will not be running.
RoslynAnalysisRunner has terminated.
Mono: successfully reloaded assembly
- Completed reload, in  3.860 seconds
Platform modules already initialized, skipping
Refreshing native plugins compatible for Editor in 1.30 ms, found 0 plugins.
Preloading 0 native plugins for Editor in 0.00 ms.
Unloading 1934 Unused Serialized files (Serialized files now loaded: 0)
System memory in use before: 131.9 MB.
System memory in use after: 131.9 MB.

Unloading 30 unused Assets to reduce memory usage. Loaded Objects now: 2477.
Total: 4.122100 ms (FindLiveObjects: 0.349200 ms CreateObjectMapping: 0.082300 ms MarkObjects: 3.497300 ms  DeleteObjects: 0.189000 ms)

========================================================================
Received Import Request.
  Time since last request: 663.736940 seconds.
  path: Assets/Scripts/HealthBar.cs
  artifactKey: Guid(c30753f69b290d64e98640158f268eac) Importer(815301076,1909f56bfc062723c751e8b465ee728b)
Start importing Assets/Scripts/HealthBar.cs using Guid(c30753f69b290d64e98640158f268eac) Importer(815301076,1909f56bfc062723c751e8b465ee728b)  -> (artifact id: 'be955d5221bf1053812a95b54f309832') in 0.164185 seconds
  Import took 0.194759 seconds .

========================================================================
Received Prepare
Registering precompiled user dll's ...
Registered in 0.264559 seconds.
Begin MonoManager ReloadAssembly
Native extension for LinuxStandalone target not found
Native extension for WindowsStandalone target not found
Native extension for OSXStandalone target not found
Native extension for WebGL target not found
Refreshing native plugins compatible for Editor in 2.29 ms, found 0 plugins.
Preloading 0 native plugins for Editor in 0.00 ms.
Warning: Annotation not found!
UnityEngine.StackTraceUtility:ExtractStackTrace ()
UnityEditor.ProBuilder.EditorUtility:SetGizmoIconEnabled (System.Type,bool) (at Library/PackageCache/com.unity.probuilder@4.5.0/Editor/EditorCore/EditorUtility.cs:593)
UnityEditor.ProBuilder.HierarchyListener:.cctor () (at Library/PackageCache/com.unity.probuilder@4.5.0/Editor/EditorCore/HierarchyListener.cs:21)
System.Runtime.CompilerServices.RuntimeHelpers:RunClassConstructor (System.RuntimeTypeHandle)
UnityEditor.EditorAssemblies:ProcessInitializeOnLoadAttributes (System.Type[])

[Library/PackageCache/com.unity.probuilder@4.5.0/Editor/EditorCore/EditorUtility.cs line 593]

Invoked RoslynAnalysisRunner static constructor.
RoslynAnalysisRunner will not be running.
RoslynAnalysisRunner has terminated.
Mono: successfully reloaded assembly
- Completed reload, in 13.579 seconds
Platform modules already initialized, skipping
Refreshing native plugins compatible for Editor in 1.35 ms, found 0 plugins.
Preloading 0 native plugins for Editor in 0.00 ms.
Unloading 1934 Unused Serialized files (Serialized files now loaded: 0)
System memory in use before: 131.9 MB.
System memory in use after: 132.0 MB.

Unloading 30 unused Assets to reduce memory usage. Loaded Objects now: 2479.
Total: 3.855900 ms (FindLiveObjects: 0.344600 ms CreateObjectMapping: 0.089900 ms MarkObjects: 3.214200 ms  DeleteObjects: 0.200100 ms)

========================================================================
Received Import Request.
  Time since last request: 1473.955376 seconds.
  path: Assets/Scripts/JammoHP.cs
  artifactKey: Guid(3eebf92a651c3764cbbb04aef11d8701) Importer(815301076,1909f56bfc062723c751e8b465ee728b)
Start importing Assets/Scripts/JammoHP.cs using Guid(3eebf92a651c3764cbbb04aef11d8701) Importer(815301076,1909f56bfc062723c751e8b465ee728b)  -> (artifact id: 'cda09624338c6ef73757fdccb0d18a4d') in 0.389059 seconds
  Import took 0.617821 seconds .

========================================================================
Received Import Request.
  Time since last request: 136.684823 seconds.
  path: ProjectSettings/TagManager.asset
  artifactKey: Guid(00000000000000003000000000000000) Importer(815301076,1909f56bfc062723c751e8b465ee728b)
Start importing ProjectSettings/TagManager.asset using Guid(00000000000000003000000000000000) Importer(815301076,1909f56bfc062723c751e8b465ee728b)  -> (artifact id: 'c612a329f319c783dfe19e17e3d2146a') in 0.773448 seconds
  Import took 0.828577 seconds .

========================================================================
Received Import Request.
  Time since last request: 133.403752 seconds.
  path: Assets/Scripts/Enemy/EnemyBehaviour.cs
  artifactKey: Guid(e22802e0ba593734b9cba5bd8e123f2a) Importer(815301076,1909f56bfc062723c751e8b465ee728b)
Start importing Assets/Scripts/Enemy/EnemyBehaviour.cs using Guid(e22802e0ba593734b9cba5bd8e123f2a) Importer(815301076,1909f56bfc062723c751e8b465ee728b)  -> (artifact id: '51f5b32ec8d6e8470079ac90dd77ebed') in 0.158078 seconds
  Import took 0.213555 seconds .

========================================================================
Received Import Request.
  Time since last request: 0.496240 seconds.
  path: Assets/Scripts/Enemy/EnemyAttack.cs
  artifactKey: Guid(549e58c0bb62164458f41c623c3fd07c) Importer(815301076,1909f56bfc062723c751e8b465ee728b)
Start importing Assets/Scripts/Enemy/EnemyAttack.cs using Guid(549e58c0bb62164458f41c623c3fd07c) Importer(815301076,1909f56bfc062723c751e8b465ee728b)  -> (artifact id: '6e86c44e82336b4ab690f47cbd8248e4') in 0.181553 seconds
  Import took 0.216133 seconds .

========================================================================
Received Prepare
Registering precompiled user dll's ...
Registered in 0.009573 seconds.
Begin MonoManager ReloadAssembly
Native extension for LinuxStandalone target not found
Native extension for WindowsStandalone target not found
Native extension for OSXStandalone target not found
Native extension for WebGL target not found
Refreshing native plugins compatible for Editor in 1.40 ms, found 0 plugins.
Preloading 0 native plugins for Editor in 0.00 ms.
Warning: Annotation not found!
UnityEngine.StackTraceUtility:ExtractStackTrace ()
UnityEditor.ProBuilder.EditorUtility:SetGizmoIconEnabled (System.Type,bool) (at Library/PackageCache/com.unity.probuilder@4.5.0/Editor/EditorCore/EditorUtility.cs:593)
UnityEditor.ProBuilder.HierarchyListener:.cctor () (at Library/PackageCache/com.unity.probuilder@4.5.0/Editor/EditorCore/HierarchyListener.cs:21)
System.Runtime.CompilerServices.RuntimeHelpers:RunClassConstructor (System.RuntimeTypeHandle)
UnityEditor.EditorAssemblies:ProcessInitializeOnLoadAttributes (System.Type[])

[Library/PackageCache/com.unity.probuilder@4.5.0/Editor/EditorCore/EditorUtility.cs line 593]

Invoked RoslynAnalysisRunner static constructor.
RoslynAnalysisRunner will not be running.
RoslynAnalysisRunner has terminated.
Mono: successfully reloaded assembly
- Completed reload, in 11.094 seconds
Platform modules already initialized, skipping
Refreshing native plugins compatible for Editor in 1.30 ms, found 0 plugins.
Preloading 0 native plugins for Editor in 0.00 ms.
Unloading 1933 Unused Serialized files (Serialized files now loaded: 0)
System memory in use before: 131.9 MB.
System memory in use after: 132.0 MB.

Unloading 32 unused Assets to reduce memory usage. Loaded Objects now: 2480.
Total: 4.025700 ms (FindLiveObjects: 0.297200 ms CreateObjectMapping: 0.081800 ms MarkObjects: 3.447900 ms  DeleteObjects: 0.194600 ms)

========================================================================
Received Prepare
Registering precompiled user dll's ...
Registered in 0.010074 seconds.
Begin MonoManager ReloadAssembly
Native extension for LinuxStandalone target not found
Native extension for WindowsStandalone target not found
Native extension for OSXStandalone target not found
Native extension for WebGL target not found
Refreshing native plugins compatible for Editor in 1.31 ms, found 0 plugins.
Preloading 0 native plugins for Editor in 0.00 ms.
Warning: Annotation not found!
UnityEngine.StackTraceUtility:ExtractStackTrace ()
UnityEditor.ProBuilder.EditorUtility:SetGizmoIconEnabled (System.Type,bool) (at Library/PackageCache/com.unity.probuilder@4.5.0/Editor/EditorCore/EditorUtility.cs:593)
UnityEditor.ProBuilder.HierarchyListener:.cctor () (at Library/PackageCache/com.unity.probuilder@4.5.0/Editor/EditorCore/HierarchyListener.cs:21)
System.Runtime.CompilerServices.RuntimeHelpers:RunClassConstructor (System.RuntimeTypeHandle)
UnityEditor.EditorAssemblies:ProcessInitializeOnLoadAttributes (System.Type[])

[Library/PackageCache/com.unity.probuilder@4.5.0/Editor/EditorCore/EditorUtility.cs line 593]

Invoked RoslynAnalysisRunner static constructor.
RoslynAnalysisRunner will not be running.
RoslynAnalysisRunner has terminated.
Mono: successfully reloaded assembly
- Completed reload, in  2.390 seconds
Platform modules already initialized, skipping
Refreshing native plugins compatible for Editor in 1.45 ms, found 0 plugins.
Preloading 0 native plugins for Editor in 0.00 ms.
Unloading 1933 Unused Serialized files (Serialized files now loaded: 0)
System memory in use before: 131.9 MB.
System memory in use after: 132.0 MB.

Unloading 30 unused Assets to reduce memory usage. Loaded Objects now: 2482.
Total: 5.335200 ms (FindLiveObjects: 0.317600 ms CreateObjectMapping: 0.081400 ms MarkObjects: 4.761700 ms  DeleteObjects: 0.172400 ms)

========================================================================
Received Prepare
Registering precompiled user dll's ...
Registered in 0.009023 seconds.
Begin MonoManager ReloadAssembly
Native extension for LinuxStandalone target not found
Native extension for WindowsStandalone target not found
Native extension for OSXStandalone target not found
Native extension for WebGL target not found
Refreshing native plugins compatible for Editor in 1.31 ms, found 0 plugins.
Preloading 0 native plugins for Editor in 0.00 ms.
Warning: Annotation not found!
UnityEngine.StackTraceUtility:ExtractStackTrace ()
UnityEditor.ProBuilder.EditorUtility:SetGizmoIconEnabled (System.Type,bool) (at Library/PackageCache/com.unity.probuilder@4.5.0/Editor/EditorCore/EditorUtility.cs:593)
UnityEditor.ProBuilder.HierarchyListener:.cctor () (at Library/PackageCache/com.unity.probuilder@4.5.0/Editor/EditorCore/HierarchyListener.cs:21)
System.Runtime.CompilerServices.RuntimeHelpers:RunClassConstructor (System.RuntimeTypeHandle)
UnityEditor.EditorAssemblies:ProcessInitializeOnLoadAttributes (System.Type[])

[Library/PackageCache/com.unity.probuilder@4.5.0/Editor/EditorCore/EditorUtility.cs line 593]

Invoked RoslynAnalysisRunner static constructor.
RoslynAnalysisRunner will not be running.
RoslynAnalysisRunner has terminated.
Mono: successfully reloaded assembly
- Completed reload, in  1.869 seconds
Platform modules already initialized, skipping
Refreshing native plugins compatible for Editor in 1.36 ms, found 0 plugins.
Preloading 0 native plugins for Editor in 0.00 ms.
Unloading 1933 Unused Serialized files (Serialized files now loaded: 0)
System memory in use before: 131.9 MB.
System memory in use after: 132.0 MB.

Unloading 30 unused Assets to reduce memory usage. Loaded Objects now: 2484.
Total: 4.061500 ms (FindLiveObjects: 0.304000 ms CreateObjectMapping: 0.091700 ms MarkObjects: 3.506600 ms  DeleteObjects: 0.157100 ms)

========================================================================
Received Prepare
Registering precompiled user dll's ...
Registered in 0.009655 seconds.
Begin MonoManager ReloadAssembly
Native extension for LinuxStandalone target not found
Native extension for WindowsStandalone target not found
Native extension for OSXStandalone target not found
Native extension for WebGL target not found
Refreshing native plugins compatible for Editor in 1.35 ms, found 0 plugins.
Preloading 0 native plugins for Editor in 0.00 ms.
Warning: Annotation not found!
UnityEngine.StackTraceUtility:ExtractStackTrace ()
UnityEditor.ProBuilder.EditorUtility:SetGizmoIconEnabled (System.Type,bool) (at Library/PackageCache/com.unity.probuilder@4.5.0/Editor/EditorCore/EditorUtility.cs:593)
UnityEditor.ProBuilder.HierarchyListener:.cctor () (at Library/PackageCache/com.unity.probuilder@4.5.0/Editor/EditorCore/HierarchyListener.cs:21)
System.Runtime.CompilerServices.RuntimeHelpers:RunClassConstructor (System.RuntimeTypeHandle)
UnityEditor.EditorAssemblies:ProcessInitializeOnLoadAttributes (System.Type[])

[Library/PackageCache/com.unity.probuilder@4.5.0/Editor/EditorCore/EditorUtility.cs line 593]

Invoked RoslynAnalysisRunner static constructor.
RoslynAnalysisRunner will not be running.
RoslynAnalysisRunner has terminated.
Mono: successfully reloaded assembly
- Completed reload, in  3.546 seconds
Platform modules already initialized, skipping
Refreshing native plugins compatible for Editor in 1.31 ms, found 0 plugins.
Preloading 0 native plugins for Editor in 0.00 ms.
Unloading 1933 Unused Serialized files (Serialized files now loaded: 0)
System memory in use before: 131.9 MB.
System memory in use after: 132.0 MB.

Unloading 30 unused Assets to reduce memory usage. Loaded Objects now: 2486.
Total: 4.234800 ms (FindLiveObjects: 0.276900 ms CreateObjectMapping: 0.081400 ms MarkObjects: 3.670900 ms  DeleteObjects: 0.201800 ms)

========================================================================
Received Prepare
Registering precompiled user dll's ...
Registered in 0.010299 seconds.
Begin MonoManager ReloadAssembly
Native extension for LinuxStandalone target not found
Native extension for WindowsStandalone target not found
Native extension for OSXStandalone target not found
Native extension for WebGL target not found
Refreshing native plugins compatible for Editor in 1.30 ms, found 0 plugins.
Preloading 0 native plugins for Editor in 0.00 ms.
Warning: Annotation not found!
UnityEngine.StackTraceUtility:ExtractStackTrace ()
UnityEditor.ProBuilder.EditorUtility:SetGizmoIconEnabled (System.Type,bool) (at Library/PackageCache/com.unity.probuilder@4.5.0/Editor/EditorCore/EditorUtility.cs:593)
UnityEditor.ProBuilder.HierarchyListener:.cctor () (at Library/PackageCache/com.unity.probuilder@4.5.0/Editor/EditorCore/HierarchyListener.cs:21)
System.Runtime.CompilerServices.RuntimeHelpers:RunClassConstructor (System.RuntimeTypeHandle)
UnityEditor.EditorAssemblies:ProcessInitializeOnLoadAttributes (System.Type[])

[Library/PackageCache/com.unity.probuilder@4.5.0/Editor/EditorCore/EditorUtility.cs line 593]

Invoked RoslynAnalysisRunner static constructor.
RoslynAnalysisRunner will not be running.
RoslynAnalysisRunner has terminated.
Mono: successfully reloaded assembly
- Completed reload, in  1.873 seconds
Platform modules already initialized, skipping
Refreshing native plugins compatible for Editor in 1.32 ms, found 0 plugins.
Preloading 0 native plugins for Editor in 0.00 ms.
Unloading 1933 Unused Serialized files (Serialized files now loaded: 0)
System memory in use before: 131.9 MB.
System memory in use after: 132.0 MB.

Unloading 30 unused Assets to reduce memory usage. Loaded Objects now: 2488.
Total: 3.972200 ms (FindLiveObjects: 0.305100 ms CreateObjectMapping: 0.083100 ms MarkObjects: 3.360200 ms  DeleteObjects: 0.219900 ms)

========================================================================
Received Prepare
Registering precompiled user dll's ...
Registered in 0.009624 seconds.
Begin MonoManager ReloadAssembly
Native extension for LinuxStandalone target not found
Native extension for WindowsStandalone target not found
Native extension for OSXStandalone target not found
Native extension for WebGL target not found
Refreshing native plugins compatible for Editor in 1.29 ms, found 0 plugins.
Preloading 0 native plugins for Editor in 0.00 ms.
Warning: Annotation not found!
UnityEngine.StackTraceUtility:ExtractStackTrace ()
UnityEditor.ProBuilder.EditorUtility:SetGizmoIconEnabled (System.Type,bool) (at Library/PackageCache/com.unity.probuilder@4.5.0/Editor/EditorCore/EditorUtility.cs:593)
UnityEditor.ProBuilder.HierarchyListener:.cctor () (at Library/PackageCache/com.unity.probuilder@4.5.0/Editor/EditorCore/HierarchyListener.cs:21)
System.Runtime.CompilerServices.RuntimeHelpers:RunClassConstructor (System.RuntimeTypeHandle)
UnityEditor.EditorAssemblies:ProcessInitializeOnLoadAttributes (System.Type[])

[Library/PackageCache/com.unity.probuilder@4.5.0/Editor/EditorCore/EditorUtility.cs line 593]

Invoked RoslynAnalysisRunner static constructor.
RoslynAnalysisRunner will not be running.
RoslynAnalysisRunner has terminated.
Mono: successfully reloaded assembly
- Completed reload, in  1.717 seconds
Platform modules already initialized, skipping
Refreshing native plugins compatible for Editor in 1.33 ms, found 0 plugins.
Preloading 0 native plugins for Editor in 0.00 ms.
Unloading 1933 Unused Serialized files (Serialized files now loaded: 0)
System memory in use before: 131.9 MB.
System memory in use after: 132.0 MB.

Unloading 30 unused Assets to reduce memory usage. Loaded Objects now: 2490.
Total: 4.144500 ms (FindLiveObjects: 0.305100 ms CreateObjectMapping: 0.084300 ms MarkObjects: 3.576000 ms  DeleteObjects: 0.175800 ms)

========================================================================
Received Prepare
Registering precompiled user dll's ...
Registered in 0.009064 seconds.
Begin MonoManager ReloadAssembly
Native extension for LinuxStandalone target not found
Native extension for WindowsStandalone target not found
Native extension for OSXStandalone target not found
Native extension for WebGL target not found
Refreshing native plugins compatible for Editor in 1.28 ms, found 0 plugins.
Preloading 0 native plugins for Editor in 0.00 ms.
Warning: Annotation not found!
UnityEngine.StackTraceUtility:ExtractStackTrace ()
UnityEditor.ProBuilder.EditorUtility:SetGizmoIconEnabled (System.Type,bool) (at Library/PackageCache/com.unity.probuilder@4.5.0/Editor/EditorCore/EditorUtility.cs:593)
UnityEditor.ProBuilder.HierarchyListener:.cctor () (at Library/PackageCache/com.unity.probuilder@4.5.0/Editor/EditorCore/HierarchyListener.cs:21)
System.Runtime.CompilerServices.RuntimeHelpers:RunClassConstructor (System.RuntimeTypeHandle)
UnityEditor.EditorAssemblies:ProcessInitializeOnLoadAttributes (System.Type[])

[Library/PackageCache/com.unity.probuilder@4.5.0/Editor/EditorCore/EditorUtility.cs line 593]

Invoked RoslynAnalysisRunner static constructor.
RoslynAnalysisRunner will not be running.
RoslynAnalysisRunner has terminated.
Mono: successfully reloaded assembly
- Completed reload, in  1.879 seconds
Platform modules already initialized, skipping
Refreshing native plugins compatible for Editor in 1.32 ms, found 0 plugins.
Preloading 0 native plugins for Editor in 0.00 ms.
Unloading 1933 Unused Serialized files (Serialized files now loaded: 0)
System memory in use before: 131.9 MB.
System memory in use after: 132.0 MB.

Unloading 30 unused Assets to reduce memory usage. Loaded Objects now: 2492.
Total: 4.879300 ms (FindLiveObjects: 0.346900 ms CreateObjectMapping: 0.084700 ms MarkObjects: 4.134200 ms  DeleteObjects: 0.311600 ms)

========================================================================
Received Prepare
Registering precompiled user dll's ...
Registered in 0.011522 seconds.
Begin MonoManager ReloadAssembly
Native extension for LinuxStandalone target not found
Native extension for WindowsStandalone target not found
Native extension for OSXStandalone target not found
Native extension for WebGL target not found
Refreshing native plugins compatible for Editor in 1.35 ms, found 0 plugins.
Preloading 0 native plugins for Editor in 0.00 ms.
Warning: Annotation not found!
UnityEngine.StackTraceUtility:ExtractStackTrace ()
UnityEditor.ProBuilder.EditorUtility:SetGizmoIconEnabled (System.Type,bool) (at Library/PackageCache/com.unity.probuilder@4.5.0/Editor/EditorCore/EditorUtility.cs:593)
UnityEditor.ProBuilder.HierarchyListener:.cctor () (at Library/PackageCache/com.unity.probuilder@4.5.0/Editor/EditorCore/HierarchyListener.cs:21)
System.Runtime.CompilerServices.RuntimeHelpers:RunClassConstructor (System.RuntimeTypeHandle)
UnityEditor.EditorAssemblies:ProcessInitializeOnLoadAttributes (System.Type[])

[Library/PackageCache/com.unity.probuilder@4.5.0/Editor/EditorCore/EditorUtility.cs line 593]

Invoked RoslynAnalysisRunner static constructor.
RoslynAnalysisRunner will not be running.
RoslynAnalysisRunner has terminated.
Mono: successfully reloaded assembly
- Completed reload, in  1.609 seconds
Platform modules already initialized, skipping
Refreshing native plugins compatible for Editor in 1.35 ms, found 0 plugins.
Preloading 0 native plugins for Editor in 0.00 ms.
Unloading 1934 Unused Serialized files (Serialized files now loaded: 0)
System memory in use before: 131.9 MB.
System memory in use after: 132.0 MB.

Unloading 30 unused Assets to reduce memory usage. Loaded Objects now: 2495.
Total: 3.842900 ms (FindLiveObjects: 0.298700 ms CreateObjectMapping: 0.082100 ms MarkObjects: 3.301300 ms  DeleteObjects: 0.159400 ms)

========================================================================
Received Import Request.
  Time since last request: 2132.375049 seconds.
  path: Assets/Scripts/Enemy/NewBehaviourScript.cs
  artifactKey: Guid(8b4e8babef3a3fb4c816fc43ae6d99e4) Importer(815301076,1909f56bfc062723c751e8b465ee728b)
Start importing Assets/Scripts/Enemy/NewBehaviourScript.cs using Guid(8b4e8babef3a3fb4c816fc43ae6d99e4) Importer(815301076,1909f56bfc062723c751e8b465ee728b)  -> (artifact id: 'c3af4eaf953debe58d246ad91eb6ee65') in 0.149831 seconds
  Import took 0.204987 seconds .

========================================================================
Received Import Request.
  Time since last request: 25.608042 seconds.
  path: Assets/Scripts/Enemy/NewBehaviourScript1.cs
  artifactKey: Guid(05a72e38342804046a574604c9438101) Importer(815301076,1909f56bfc062723c751e8b465ee728b)
Start importing Assets/Scripts/Enemy/NewBehaviourScript1.cs using Guid(05a72e38342804046a574604c9438101) Importer(815301076,1909f56bfc062723c751e8b465ee728b)  -> (artifact id: '2a4e8d99de4b71d158231c6649392d2b') in 0.067241 seconds
  Import took 0.117491 seconds .

========================================================================
Received Prepare
Registering precompiled user dll's ...
Registered in 0.009073 seconds.
Begin MonoManager ReloadAssembly
Native extension for LinuxStandalone target not found
Native extension for WindowsStandalone target not found
Native extension for OSXStandalone target not found
Native extension for WebGL target not found
Refreshing native plugins compatible for Editor in 1.43 ms, found 0 plugins.
Preloading 0 native plugins for Editor in 0.00 ms.
Warning: Annotation not found!
UnityEngine.StackTraceUtility:ExtractStackTrace ()
UnityEditor.ProBuilder.EditorUtility:SetGizmoIconEnabled (System.Type,bool) (at Library/PackageCache/com.unity.probuilder@4.5.0/Editor/EditorCore/EditorUtility.cs:593)
UnityEditor.ProBuilder.HierarchyListener:.cctor () (at Library/PackageCache/com.unity.probuilder@4.5.0/Editor/EditorCore/HierarchyListener.cs:21)
System.Runtime.CompilerServices.RuntimeHelpers:RunClassConstructor (System.RuntimeTypeHandle)
UnityEditor.EditorAssemblies:ProcessInitializeOnLoadAttributes (System.Type[])

[Library/PackageCache/com.unity.probuilder@4.5.0/Editor/EditorCore/EditorUtility.cs line 593]

Invoked RoslynAnalysisRunner static constructor.
RoslynAnalysisRunner will not be running.
RoslynAnalysisRunner has terminated.
Mono: successfully reloaded assembly
- Completed reload, in  1.728 seconds
Platform modules already initialized, skipping
Refreshing native plugins compatible for Editor in 1.36 ms, found 0 plugins.
Preloading 0 native plugins for Editor in 0.00 ms.
Unloading 1935 Unused Serialized files (Serialized files now loaded: 0)
System memory in use before: 132.0 MB.
System memory in use after: 132.0 MB.

Unloading 30 unused Assets to reduce memory usage. Loaded Objects now: 2498.
Total: 3.536300 ms (FindLiveObjects: 0.307600 ms CreateObjectMapping: 0.082400 ms MarkObjects: 2.994900 ms  DeleteObjects: 0.150000 ms)

========================================================================
Received Prepare
Registering precompiled user dll's ...
Registered in 0.009695 seconds.
Begin MonoManager ReloadAssembly
Native extension for LinuxStandalone target not found
Native extension for WindowsStandalone target not found
Native extension for OSXStandalone target not found
Native extension for WebGL target not found
Refreshing native plugins compatible for Editor in 1.32 ms, found 0 plugins.
Preloading 0 native plugins for Editor in 0.00 ms.
Warning: Annotation not found!
UnityEngine.StackTraceUtility:ExtractStackTrace ()
UnityEditor.ProBuilder.EditorUtility:SetGizmoIconEnabled (System.Type,bool) (at Library/PackageCache/com.unity.probuilder@4.5.0/Editor/EditorCore/EditorUtility.cs:593)
UnityEditor.ProBuilder.HierarchyListener:.cctor () (at Library/PackageCache/com.unity.probuilder@4.5.0/Editor/EditorCore/HierarchyListener.cs:21)
System.Runtime.CompilerServices.RuntimeHelpers:RunClassConstructor (System.RuntimeTypeHandle)
UnityEditor.EditorAssemblies:ProcessInitializeOnLoadAttributes (System.Type[])

[Library/PackageCache/com.unity.probuilder@4.5.0/Editor/EditorCore/EditorUtility.cs line 593]

Invoked RoslynAnalysisRunner static constructor.
RoslynAnalysisRunner will not be running.
RoslynAnalysisRunner has terminated.
Mono: successfully reloaded assembly
- Completed reload, in  1.753 seconds
Platform modules already initialized, skipping
Refreshing native plugins compatible for Editor in 1.39 ms, found 0 plugins.
Preloading 0 native plugins for Editor in 0.00 ms.
Unloading 1934 Unused Serialized files (Serialized files now loaded: 0)
System memory in use before: 131.9 MB.
System memory in use after: 132.0 MB.

Unloading 31 unused Assets to reduce memory usage. Loaded Objects now: 2499.
Total: 4.190500 ms (FindLiveObjects: 0.354700 ms CreateObjectMapping: 0.083400 ms MarkObjects: 3.585300 ms  DeleteObjects: 0.164500 ms)

========================================================================
Received Prepare
Registering precompiled user dll's ...
Registered in 0.010417 seconds.
Begin MonoManager ReloadAssembly
Native extension for LinuxStandalone target not found
Native extension for WindowsStandalone target not found
Native extension for OSXStandalone target not found
Native extension for WebGL target not found
Refreshing native plugins compatible for Editor in 1.43 ms, found 0 plugins.
Preloading 0 native plugins for Editor in 0.00 ms.
Warning: Annotation not found!
UnityEngine.StackTraceUtility:ExtractStackTrace ()
UnityEditor.ProBuilder.EditorUtility:SetGizmoIconEnabled (System.Type,bool) (at Library/PackageCache/com.unity.probuilder@4.5.0/Editor/EditorCore/EditorUtility.cs:593)
UnityEditor.ProBuilder.HierarchyListener:.cctor () (at Library/PackageCache/com.unity.probuilder@4.5.0/Editor/EditorCore/HierarchyListener.cs:21)
System.Runtime.CompilerServices.RuntimeHelpers:RunClassConstructor (System.RuntimeTypeHandle)
UnityEditor.EditorAssemblies:ProcessInitializeOnLoadAttributes (System.Type[])

[Library/PackageCache/com.unity.probuilder@4.5.0/Editor/EditorCore/EditorUtility.cs line 593]

Invoked RoslynAnalysisRunner static constructor.
RoslynAnalysisRunner will not be running.
RoslynAnalysisRunner has terminated.
Mono: successfully reloaded assembly
- Completed reload, in  1.864 seconds
Platform modules already initialized, skipping
Refreshing native plugins compatible for Editor in 1.43 ms, found 0 plugins.
Preloading 0 native plugins for Editor in 0.00 ms.
Unloading 1934 Unused Serialized files (Serialized files now loaded: 0)
System memory in use before: 132.0 MB.
System memory in use after: 132.0 MB.

Unloading 30 unused Assets to reduce memory usage. Loaded Objects now: 2501.
Total: 5.042700 ms (FindLiveObjects: 0.330800 ms CreateObjectMapping: 0.088900 ms MarkObjects: 4.359300 ms  DeleteObjects: 0.261400 ms)

========================================================================
Received Import Request.
  Time since last request: 162.148427 seconds.
  path: Assets/Prefabs/Bullet_Impacts/Metal Impact Prefab.prefab
  artifactKey: Guid(79927c6543a058b4383885fac101fe2e) Importer(815301076,1909f56bfc062723c751e8b465ee728b)
Start importing Assets/Prefabs/Bullet_Impacts/Metal Impact Prefab.prefab using Guid(79927c6543a058b4383885fac101fe2e) Importer(815301076,1909f56bfc062723c751e8b465ee728b)  -> (artifact id: 'cca5d6f8f16f26df64be8dcc5209fa73') in 0.935499 seconds
  Import took 0.973507 seconds .

========================================================================
Received Import Request.
  Time since last request: 90.836371 seconds.
  path: Assets/Components/Materials/Particles/SparkParticles.mat
  artifactKey: Guid(294f8fd558aa0d1488d4997453398cf0) Importer(815301076,1909f56bfc062723c751e8b465ee728b)
Start importing Assets/Components/Materials/Particles/SparkParticles.mat using Guid(294f8fd558aa0d1488d4997453398cf0) Importer(815301076,1909f56bfc062723c751e8b465ee728b)  -> (artifact id: '1d3ef05157e3f9c7e47a236728dea8fa') in 2.548248 seconds
  Import took 2.579286 seconds .

========================================================================
Received Import Request.
  Time since last request: 2.382770 seconds.
  path: Assets/Components/Materials/Bullet_Impact_Materials/Metal_Bullet_Hole_Particle.mat
  artifactKey: Guid(dfe1b5f047132e34c8acfbb02cb58bb6) Importer(815301076,1909f56bfc062723c751e8b465ee728b)
Start importing Assets/Components/Materials/Bullet_Impact_Materials/Metal_Bullet_Hole_Particle.mat using Guid(dfe1b5f047132e34c8acfbb02cb58bb6) Importer(815301076,1909f56bfc062723c751e8b465ee728b)  -> (artifact id: '1a3573079da0416756ccee9075417ef0') in 0.201232 seconds
  Import took 0.242767 seconds .

========================================================================
Received Import Request.
  Time since last request: 12.062210 seconds.
  path: Assets/Prefabs/Casing_Prefabs/Big_Casing_Prefab.prefab
  artifactKey: Guid(7be59128a5ee3424faf33d7a408c0b2e) Importer(815301076,1909f56bfc062723c751e8b465ee728b)
Start importing Assets/Prefabs/Casing_Prefabs/Big_Casing_Prefab.prefab using Guid(7be59128a5ee3424faf33d7a408c0b2e) Importer(815301076,1909f56bfc062723c751e8b465ee728b)  -> (artifact id: 'b6d16ef07832366ed7384ee843397fb5') in 1.028498 seconds
  Import took 1.060258 seconds .

========================================================================
Received Import Request.
  Time since last request: 0.000297 seconds.
  path: Assets/Prefabs/Casing_Prefabs/Small_Casing_Prefab.prefab
  artifactKey: Guid(b1995a53a949fac4db5722fc1df9efe4) Importer(815301076,1909f56bfc062723c751e8b465ee728b)
Start importing Assets/Prefabs/Casing_Prefabs/Small_Casing_Prefab.prefab using Guid(b1995a53a949fac4db5722fc1df9efe4) Importer(815301076,1909f56bfc062723c751e8b465ee728b)  -> (artifact id: '8883da572b8967c93dce2ab973e5b532') in 0.168941 seconds
  Import took 0.183425 seconds .

========================================================================
Received Import Request.
  Time since last request: 8.924043 seconds.
  path: Assets/Prefabs/Arms/Handgun_01_Example_Prefab
  artifactKey: Guid(5224bf737a8b7374da385b1e255cc461) Importer(815301076,1909f56bfc062723c751e8b465ee728b)
Start importing Assets/Prefabs/Arms/Handgun_01_Example_Prefab using Guid(5224bf737a8b7374da385b1e255cc461) Importer(815301076,1909f56bfc062723c751e8b465ee728b)  -> (artifact id: '7b42112027cdd6e9da5fd25eabd6276d') in 0.029720 seconds
  Import took 0.034813 seconds .

========================================================================
Received Import Request.
  Time since last request: 0.189450 seconds.
  path: Assets/Prefabs/Arms/Handgun_01_Example_Prefab/Handgun_01_FPSController.prefab
  artifactKey: Guid(c24fed9fa91f7634fbc8e5e12405008e) Importer(815301076,1909f56bfc062723c751e8b465ee728b)
Start importing Assets/Prefabs/Arms/Handgun_01_Example_Prefab/Handgun_01_FPSController.prefab using Guid(c24fed9fa91f7634fbc8e5e12405008e) Importer(815301076,1909f56bfc062723c751e8b465ee728b)  -> (artifact id: '43fb0195f75dafa4570a6923341ba823') in 3.687130 seconds
  Import took 3.735346 seconds .

========================================================================
Received Import Request.
  Time since last request: 330.245293 seconds.
  path: Assets/Scripts/Enemy/NewBehaviourScript.cs
  artifactKey: Guid(8b4e8babef3a3fb4c816fc43ae6d99e4) Importer(815301076,1909f56bfc062723c751e8b465ee728b)
Start importing Assets/Scripts/Enemy/NewBehaviourScript.cs using Guid(8b4e8babef3a3fb4c816fc43ae6d99e4) Importer(815301076,1909f56bfc062723c751e8b465ee728b)  -> (artifact id: '063ad326265e0a3a03ca81f700596cfc') in 0.025739 seconds
  Import took 0.117385 seconds .

========================================================================
Received Import Request.
  Time since last request: 3.745426 seconds.
  path: Assets/Scripts/Enemy/EnemyHealth.cs
  artifactKey: Guid(17bd4cc2db86f754ea0c7350198b2618) Importer(815301076,1909f56bfc062723c751e8b465ee728b)
Start importing Assets/Scripts/Enemy/EnemyHealth.cs using Guid(17bd4cc2db86f754ea0c7350198b2618) Importer(815301076,1909f56bfc062723c751e8b465ee728b)  -> (artifact id: '7794b78b9199a18f992cd71999739ec7') in 0.025163 seconds
  Import took 0.055841 seconds .

========================================================================
Received Prepare
Registering precompiled user dll's ...
Registered in 0.009510 seconds.
Begin MonoManager ReloadAssembly
Native extension for LinuxStandalone target not found
Native extension for WindowsStandalone target not found
Native extension for OSXStandalone target not found
Native extension for WebGL target not found
Refreshing native plugins compatible for Editor in 1.39 ms, found 0 plugins.
Preloading 0 native plugins for Editor in 0.00 ms.
Warning: Annotation not found!
UnityEngine.StackTraceUtility:ExtractStackTrace ()
UnityEditor.ProBuilder.EditorUtility:SetGizmoIconEnabled (System.Type,bool) (at Library/PackageCache/com.unity.probuilder@4.5.0/Editor/EditorCore/EditorUtility.cs:593)
UnityEditor.ProBuilder.HierarchyListener:.cctor () (at Library/PackageCache/com.unity.probuilder@4.5.0/Editor/EditorCore/HierarchyListener.cs:21)
System.Runtime.CompilerServices.RuntimeHelpers:RunClassConstructor (System.RuntimeTypeHandle)
UnityEditor.EditorAssemblies:ProcessInitializeOnLoadAttributes (System.Type[])

[Library/PackageCache/com.unity.probuilder@4.5.0/Editor/EditorCore/EditorUtility.cs line 593]

Invoked RoslynAnalysisRunner static constructor.
RoslynAnalysisRunner will not be running.
RoslynAnalysisRunner has terminated.
Mono: successfully reloaded assembly
- Completed reload, in  2.168 seconds
Platform modules already initialized, skipping
Refreshing native plugins compatible for Editor in 1.44 ms, found 0 plugins.
Preloading 0 native plugins for Editor in 0.00 ms.
Unloading 1934 Unused Serialized files (Serialized files now loaded: 0)
System memory in use before: 132.2 MB.
System memory in use after: 132.3 MB.

Unloading 31 unused Assets to reduce memory usage. Loaded Objects now: 2537.
Total: 4.028800 ms (FindLiveObjects: 0.329300 ms CreateObjectMapping: 0.111200 ms MarkObjects: 3.355300 ms  DeleteObjects: 0.230900 ms)

========================================================================
Received Import Request.
  Time since last request: 126.421537 seconds.
  path: Assets/Scripts/Enemy/EnemyHealth.cs
  artifactKey: Guid(17bd4cc2db86f754ea0c7350198b2618) Importer(815301076,1909f56bfc062723c751e8b465ee728b)
Start importing Assets/Scripts/Enemy/EnemyHealth.cs using Guid(17bd4cc2db86f754ea0c7350198b2618) Importer(815301076,1909f56bfc062723c751e8b465ee728b)  -> (artifact id: '3502b75036ee4fbbd557bc965c139950') in 0.008299 seconds
  Import took 0.050319 seconds .

========================================================================
Received Prepare
Registering precompiled user dll's ...
Registered in 0.009073 seconds.
Begin MonoManager ReloadAssembly
Native extension for LinuxStandalone target not found
Native extension for WindowsStandalone target not found
Native extension for OSXStandalone target not found
Native extension for WebGL target not found
Refreshing native plugins compatible for Editor in 1.35 ms, found 0 plugins.
Preloading 0 native plugins for Editor in 0.00 ms.
Warning: Annotation not found!
UnityEngine.StackTraceUtility:ExtractStackTrace ()
UnityEditor.ProBuilder.EditorUtility:SetGizmoIconEnabled (System.Type,bool) (at Library/PackageCache/com.unity.probuilder@4.5.0/Editor/EditorCore/EditorUtility.cs:593)
UnityEditor.ProBuilder.HierarchyListener:.cctor () (at Library/PackageCache/com.unity.probuilder@4.5.0/Editor/EditorCore/HierarchyListener.cs:21)
System.Runtime.CompilerServices.RuntimeHelpers:RunClassConstructor (System.RuntimeTypeHandle)
UnityEditor.EditorAssemblies:ProcessInitializeOnLoadAttributes (System.Type[])

[Library/PackageCache/com.unity.probuilder@4.5.0/Editor/EditorCore/EditorUtility.cs line 593]

Invoked RoslynAnalysisRunner static constructor.
RoslynAnalysisRunner will not be running.
RoslynAnalysisRunner has terminated.
Mono: successfully reloaded assembly
- Completed reload, in  1.958 seconds
Platform modules already initialized, skipping
Refreshing native plugins compatible for Editor in 1.31 ms, found 0 plugins.
Preloading 0 native plugins for Editor in 0.00 ms.
Unloading 1934 Unused Serialized files (Serialized files now loaded: 0)
System memory in use before: 132.2 MB.
System memory in use after: 132.3 MB.

Unloading 30 unused Assets to reduce memory usage. Loaded Objects now: 2539.
Total: 5.127100 ms (FindLiveObjects: 0.451200 ms CreateObjectMapping: 0.094300 ms MarkObjects: 4.370800 ms  DeleteObjects: 0.206300 ms)

========================================================================
Received Prepare
Registering precompiled user dll's ...
Registered in 0.009737 seconds.
Begin MonoManager ReloadAssembly
Native extension for LinuxStandalone target not found
Native extension for WindowsStandalone target not found
Native extension for OSXStandalone target not found
Native extension for WebGL target not found
Refreshing native plugins compatible for Editor in 1.37 ms, found 0 plugins.
Preloading 0 native plugins for Editor in 0.00 ms.
Warning: Annotation not found!
UnityEngine.StackTraceUtility:ExtractStackTrace ()
UnityEditor.ProBuilder.EditorUtility:SetGizmoIconEnabled (System.Type,bool) (at Library/PackageCache/com.unity.probuilder@4.5.0/Editor/EditorCore/EditorUtility.cs:593)
UnityEditor.ProBuilder.HierarchyListener:.cctor () (at Library/PackageCache/com.unity.probuilder@4.5.0/Editor/EditorCore/HierarchyListener.cs:21)
System.Runtime.CompilerServices.RuntimeHelpers:RunClassConstructor (System.RuntimeTypeHandle)
UnityEditor.EditorAssemblies:ProcessInitializeOnLoadAttributes (System.Type[])

[Library/PackageCache/com.unity.probuilder@4.5.0/Editor/EditorCore/EditorUtility.cs line 593]

Invoked RoslynAnalysisRunner static constructor.
RoslynAnalysisRunner will not be running.
RoslynAnalysisRunner has terminated.
Mono: successfully reloaded assembly
- Completed reload, in  1.812 seconds
Platform modules already initialized, skipping
Refreshing native plugins compatible for Editor in 1.35 ms, found 0 plugins.
Preloading 0 native plugins for Editor in 0.00 ms.
Unloading 1934 Unused Serialized files (Serialized files now loaded: 0)
System memory in use before: 132.2 MB.
System memory in use after: 132.3 MB.

Unloading 30 unused Assets to reduce memory usage. Loaded Objects now: 2541.
Total: 3.562200 ms (FindLiveObjects: 0.316800 ms CreateObjectMapping: 0.082400 ms MarkObjects: 3.015400 ms  DeleteObjects: 0.145200 ms)

AssetImportWorkerClient::OnTransportError - code=2 error=End of file
