Using pre-set license
Built from '2020.2/staging' branch; Version is '2020.2.6f1 (8a2143876886) revision 9052483'; Using compiler version '192528614'; Build Type 'Release'
OS: 'Windows 10 Pro; OS build 18363.1198; Version 1909; 64bit' Language: 'en' Physical Memory: 12222 MB
BatchMode: 1, IsHumanControllingUs: 0, StartBugReporterOnCrash: 0, Is64bit: 1, IsPro: 0

 COMMAND LINE ARGUMENTS:
C:\Program Files\Unity\Hub\Editor\2020.2.6f1\Editor\Unity.exe
-adb2
-batchMode
-noUpm
-name
AssetImportWorker1
-projectPath
C:/Users/Jamal Kamusoko/Desktop/Patient_Zero
-logFile
Logs/AssetImportWorker1.log
-srvPort
56954
Successfully changed project path to: C:/Users/Jamal Kamusoko/Desktop/Patient_Zero
C:/Users/Jamal Kamusoko/Desktop/Patient_Zero
Using Asset Import Pipeline V2.
Refreshing native plugins compatible for Editor in 69.71 ms, found 0 plugins.
Preloading 0 native plugins for Editor in 0.00 ms.
Initialize engine version: 2020.2.6f1 (8a2143876886)
[Subsystems] Discovering subsystems at path C:/Program Files/Unity/Hub/Editor/2020.2.6f1/Editor/Data/Resources/UnitySubsystems
[Subsystems] Discovering subsystems at path C:/Users/Jamal Kamusoko/Desktop/Patient_Zero/Assets
GfxDevice: creating device client; threaded=0
Direct3D:
    Version:  Direct3D 11.0 [level 11.1]
    Renderer: NVIDIA GeForce GTX 950 (ID=0x1402)
    Vendor:   
    VRAM:     2007 MB
    Driver:   27.21.14.6172
Initialize mono
Mono path[0] = 'C:/Program Files/Unity/Hub/Editor/2020.2.6f1/Editor/Data/Managed'
Mono path[1] = 'C:/Program Files/Unity/Hub/Editor/2020.2.6f1/Editor/Data/MonoBleedingEdge/lib/mono/unityjit'
Mono config path = 'C:/Program Files/Unity/Hub/Editor/2020.2.6f1/Editor/Data/MonoBleedingEdge/etc'
Using monoOptions --debugger-agent=transport=dt_socket,embedding=1,server=y,suspend=n,address=127.0.0.1:56136
Begin MonoManager ReloadAssembly
Registering precompiled unity dll's ...
Register platform support module: C:/Program Files/Unity/Hub/Editor/2020.2.6f1/Editor/Data/PlaybackEngines/WebGLSupport/UnityEditor.WebGL.Extensions.dll
Register platform support module: C:/Program Files/Unity/Hub/Editor/2020.2.6f1/Editor/Data/PlaybackEngines/MacStandaloneSupport/UnityEditor.OSXStandalone.Extensions.dll
Register platform support module: C:/Program Files/Unity/Hub/Editor/2020.2.6f1/Editor/Data/PlaybackEngines/WindowsStandaloneSupport/UnityEditor.WindowsStandalone.Extensions.dll
Register platform support module: C:/Program Files/Unity/Hub/Editor/2020.2.6f1/Editor/Data/PlaybackEngines/LinuxStandaloneSupport/UnityEditor.LinuxStandalone.Extensions.dll
Registered in 0.006715 seconds.
Native extension for LinuxStandalone target not found
Native extension for WindowsStandalone target not found
Native extension for OSXStandalone target not found
Native extension for WebGL target not found
Refreshing native plugins compatible for Editor in 68.67 ms, found 0 plugins.
Preloading 0 native plugins for Editor in 0.00 ms.
Invoked RoslynAnalysisRunner static constructor.
RoslynAnalysisRunner will not be running.
RoslynAnalysisRunner has terminated.
Mono: successfully reloaded assembly
- Completed reload, in  3.198 seconds
Platform modules already initialized, skipping
Registering precompiled user dll's ...
Registered in 0.002376 seconds.
Begin MonoManager ReloadAssembly
Native extension for LinuxStandalone target not found
Native extension for WindowsStandalone target not found
Native extension for OSXStandalone target not found
Native extension for WebGL target not found
Refreshing native plugins compatible for Editor in 0.69 ms, found 0 plugins.
Preloading 0 native plugins for Editor in 0.00 ms.
Invoked RoslynAnalysisRunner static constructor.
RoslynAnalysisRunner will not be running.
RoslynAnalysisRunner has terminated.
Mono: successfully reloaded assembly
- Completed reload, in  2.845 seconds
Platform modules already initialized, skipping
========================================================================
Worker process is ready to serve import requests
Launched and connected shader compiler UnityShaderCompiler.exe after 0.24 seconds
Refreshing native plugins compatible for Editor in 0.76 ms, found 0 plugins.
Preloading 0 native plugins for Editor in 0.00 ms.
Unloading 1114 Unused Serialized files (Serialized files now loaded: 0)
System memory in use before: 57.0 MB.
System memory in use after: 57.1 MB.

Unloading 10 unused Assets to reduce memory usage. Loaded Objects now: 1555.
Total: 5.429200 ms (FindLiveObjects: 0.532700 ms CreateObjectMapping: 0.102100 ms MarkObjects: 4.580100 ms  DeleteObjects: 0.210800 ms)

========================================================================
Received Import Request.
  path: Assets/LevelDesign
  artifactKey: Guid(b8f8736709f9fa56ab926930ea60b233) Importer(815301076,1909f56bfc062723c751e8b465ee728b)
Start importing Assets/LevelDesign using Guid(b8f8736709f9fa56ab926930ea60b233) Importer(815301076,1909f56bfc062723c751e8b465ee728b)  -> (artifact id: 'd904d26076800e80d5d5401afa61b4b8') in 0.030410 seconds
  Import took 0.057325 seconds .

========================================================================
Received Prepare
Registering precompiled user dll's ...
Registered in 0.002298 seconds.
Begin MonoManager ReloadAssembly
Native extension for LinuxStandalone target not found
Native extension for WindowsStandalone target not found
Native extension for OSXStandalone target not found
Native extension for WebGL target not found
Refreshing native plugins compatible for Editor in 0.85 ms, found 0 plugins.
Preloading 0 native plugins for Editor in 0.00 ms.
Invoked RoslynAnalysisRunner static constructor.
RoslynAnalysisRunner will not be running.
RoslynAnalysisRunner has terminated.
Mono: successfully reloaded assembly
- Completed reload, in  2.134 seconds
Platform modules already initialized, skipping
Refreshing native plugins compatible for Editor in 0.76 ms, found 0 plugins.
Preloading 0 native plugins for Editor in 0.00 ms.
Unloading 1111 Unused Serialized files (Serialized files now loaded: 0)
System memory in use before: 57.0 MB.
System memory in use after: 57.1 MB.

Unloading 5 unused Assets to reduce memory usage. Loaded Objects now: 1559.
Total: 5.483800 ms (FindLiveObjects: 0.530800 ms CreateObjectMapping: 0.095700 ms MarkObjects: 4.692400 ms  DeleteObjects: 0.161500 ms)

========================================================================
Received Prepare
Registering precompiled user dll's ...
Registered in 0.001202 seconds.
Begin MonoManager ReloadAssembly
Native extension for LinuxStandalone target not found
Native extension for WindowsStandalone target not found
Native extension for OSXStandalone target not found
Native extension for WebGL target not found
Refreshing native plugins compatible for Editor in 0.38 ms, found 0 plugins.
Preloading 0 native plugins for Editor in 0.00 ms.
Invoked RoslynAnalysisRunner static constructor.
RoslynAnalysisRunner will not be running.
RoslynAnalysisRunner has terminated.
Mono: successfully reloaded assembly
- Completed reload, in  1.338 seconds
Platform modules already initialized, skipping
Refreshing native plugins compatible for Editor in 0.40 ms, found 0 plugins.
Preloading 0 native plugins for Editor in 0.00 ms.
Unloading 1123 Unused Serialized files (Serialized files now loaded: 0)
System memory in use before: 57.4 MB.
System memory in use after: 57.4 MB.

Unloading 5 unused Assets to reduce memory usage. Loaded Objects now: 1573.
Total: 2.838700 ms (FindLiveObjects: 0.223400 ms CreateObjectMapping: 0.047400 ms MarkObjects: 2.484800 ms  DeleteObjects: 0.078900 ms)

========================================================================
Received Import Request.
  Time since last request: 9822.181323 seconds.
  path: Assets/Scripts/scenemanager.cs
  artifactKey: Guid(6890b3ef8eadb1341a27b2eb4c5d7b0f) Importer(815301076,1909f56bfc062723c751e8b465ee728b)
Start importing Assets/Scripts/scenemanager.cs using Guid(6890b3ef8eadb1341a27b2eb4c5d7b0f) Importer(815301076,1909f56bfc062723c751e8b465ee728b)  -> (artifact id: 'ca88f6fc5d302696cdb601915c94ec20') in 0.095598 seconds
  Import took 0.099112 seconds .

========================================================================
Received Prepare
Registering precompiled user dll's ...
Registered in 0.001263 seconds.
Begin MonoManager ReloadAssembly
Native extension for LinuxStandalone target not found
Native extension for WindowsStandalone target not found
Native extension for OSXStandalone target not found
Native extension for WebGL target not found
Refreshing native plugins compatible for Editor in 0.40 ms, found 0 plugins.
Preloading 0 native plugins for Editor in 0.00 ms.
Invoked RoslynAnalysisRunner static constructor.
RoslynAnalysisRunner will not be running.
RoslynAnalysisRunner has terminated.
Mono: successfully reloaded assembly
- Completed reload, in  1.343 seconds
Platform modules already initialized, skipping
Refreshing native plugins compatible for Editor in 0.37 ms, found 0 plugins.
Preloading 0 native plugins for Editor in 0.00 ms.
Unloading 1123 Unused Serialized files (Serialized files now loaded: 0)
System memory in use before: 57.4 MB.
System memory in use after: 57.5 MB.

Unloading 5 unused Assets to reduce memory usage. Loaded Objects now: 1575.
Total: 2.720100 ms (FindLiveObjects: 0.216100 ms CreateObjectMapping: 0.048800 ms MarkObjects: 2.385400 ms  DeleteObjects: 0.068400 ms)

========================================================================
Received Import Request.
  Time since last request: 1133.293806 seconds.
  path: Assets/Prefabs/Assault_Rifle_01_FPSController.prefab
  artifactKey: Guid(c4bd9a1739c10a04aa6bea70b09c7136) Importer(815301076,1909f56bfc062723c751e8b465ee728b)
Start importing Assets/Prefabs/Assault_Rifle_01_FPSController.prefab using Guid(c4bd9a1739c10a04aa6bea70b09c7136) Importer(815301076,1909f56bfc062723c751e8b465ee728b)  -> (artifact id: '2ffab22b00d563a9ef652da85782792d') in 0.733596 seconds
  Import took 0.740817 seconds .

========================================================================
Received Import Request.
  Time since last request: 41.513980 seconds.
  path: Assets/Prefabs/Assault_Rifle_Controller.prefab
  artifactKey: Guid(c4bd9a1739c10a04aa6bea70b09c7136) Importer(815301076,1909f56bfc062723c751e8b465ee728b)
Start importing Assets/Prefabs/Assault_Rifle_Controller.prefab using Guid(c4bd9a1739c10a04aa6bea70b09c7136) Importer(815301076,1909f56bfc062723c751e8b465ee728b)  -> (artifact id: '4b31b6b6484f176ffe70f4c174f995bd') in 0.124730 seconds
  Import took 0.131430 seconds .

========================================================================
Received Prepare
Registering precompiled user dll's ...
Registered in 0.001460 seconds.
Begin MonoManager ReloadAssembly
Native extension for LinuxStandalone target not found
Native extension for WindowsStandalone target not found
Native extension for OSXStandalone target not found
Native extension for WebGL target not found
Refreshing native plugins compatible for Editor in 0.40 ms, found 0 plugins.
Preloading 0 native plugins for Editor in 0.00 ms.
Invoked RoslynAnalysisRunner static constructor.
RoslynAnalysisRunner will not be running.
RoslynAnalysisRunner has terminated.
Mono: successfully reloaded assembly
- Completed reload, in  1.548 seconds
Platform modules already initialized, skipping
Refreshing native plugins compatible for Editor in 0.38 ms, found 0 plugins.
Preloading 0 native plugins for Editor in 0.00 ms.
Unloading 1123 Unused Serialized files (Serialized files now loaded: 0)
System memory in use before: 74.7 MB.
System memory in use after: 74.8 MB.

Unloading 5 unused Assets to reduce memory usage. Loaded Objects now: 1589.
Total: 2.943000 ms (FindLiveObjects: 0.222800 ms CreateObjectMapping: 0.044300 ms MarkObjects: 2.600700 ms  DeleteObjects: 0.073000 ms)

========================================================================
Received Import Request.
  Time since last request: 442.481654 seconds.
  path: Assets/Prefabs/Handgun_01_FPSController.prefab
  artifactKey: Guid(42f5bf363cd724b44bd390777ad01001) Importer(815301076,1909f56bfc062723c751e8b465ee728b)
Start importing Assets/Prefabs/Handgun_01_FPSController.prefab using Guid(42f5bf363cd724b44bd390777ad01001) Importer(815301076,1909f56bfc062723c751e8b465ee728b)  -> (artifact id: '114c32eb812b1ecd0d15ad6fbdf02d49') in 0.253308 seconds
  Import took 0.260569 seconds .

========================================================================
Received Import Request.
  Time since last request: 19.196945 seconds.
  path: Assets/Prefabs/Handgun_Controller.prefab
  artifactKey: Guid(42f5bf363cd724b44bd390777ad01001) Importer(815301076,1909f56bfc062723c751e8b465ee728b)
Start importing Assets/Prefabs/Handgun_Controller.prefab using Guid(42f5bf363cd724b44bd390777ad01001) Importer(815301076,1909f56bfc062723c751e8b465ee728b)  -> (artifact id: '4e25089690bcf4702544f5c2023c9483') in 0.129733 seconds
  Import took 0.136792 seconds .

========================================================================
Received Import Request.
  Time since last request: 267.006253 seconds.
  path: Assets/Low Poly FPS Pack - Free (Sample)/Demo_Scenes/Weapon_Demo_Scenes
  artifactKey: Guid(383ec8a0c449aa746a8a5747a0eb1983) Importer(815301076,1909f56bfc062723c751e8b465ee728b)
Start importing Assets/Low Poly FPS Pack - Free (Sample)/Demo_Scenes/Weapon_Demo_Scenes using Guid(383ec8a0c449aa746a8a5747a0eb1983) Importer(815301076,1909f56bfc062723c751e8b465ee728b)  -> (artifact id: 'f4d28285d0c5dc23f0aa840b08feac57') in 0.005237 seconds
  Import took 0.008518 seconds .

========================================================================
Received Import Request.
  Time since last request: 1.399046 seconds.
  path: Assets/Low Poly FPS Pack - Free (Sample)/Demo_Scenes
  artifactKey: Guid(37fcb475fbef81140a96e5215fb1653e) Importer(815301076,1909f56bfc062723c751e8b465ee728b)
Start importing Assets/Low Poly FPS Pack - Free (Sample)/Demo_Scenes using Guid(37fcb475fbef81140a96e5215fb1653e) Importer(815301076,1909f56bfc062723c751e8b465ee728b)  -> (artifact id: '2c4ad5b516c1276c42947f21a8daa295') in 0.005072 seconds
  Import took 0.008186 seconds .

========================================================================
Received Prepare
Registering precompiled user dll's ...
Registered in 0.001395 seconds.
Begin MonoManager ReloadAssembly
Native extension for LinuxStandalone target not found
Native extension for WindowsStandalone target not found
Native extension for OSXStandalone target not found
Native extension for WebGL target not found
Refreshing native plugins compatible for Editor in 0.40 ms, found 0 plugins.
Preloading 0 native plugins for Editor in 0.00 ms.
Invoked RoslynAnalysisRunner static constructor.
RoslynAnalysisRunner will not be running.
RoslynAnalysisRunner has terminated.
Mono: successfully reloaded assembly
- Completed reload, in  1.333 seconds
Platform modules already initialized, skipping
Refreshing native plugins compatible for Editor in 0.38 ms, found 0 plugins.
Preloading 0 native plugins for Editor in 0.00 ms.
Unloading 1123 Unused Serialized files (Serialized files now loaded: 0)
System memory in use before: 74.8 MB.
System memory in use after: 74.8 MB.

Unloading 5 unused Assets to reduce memory usage. Loaded Objects now: 1592.
Total: 2.646900 ms (FindLiveObjects: 0.222800 ms CreateObjectMapping: 0.045700 ms MarkObjects: 2.308700 ms  DeleteObjects: 0.068500 ms)

========================================================================
Received Import Request.
  Time since last request: 4.907405 seconds.
  path: Assets/Low Poly FPS Pack - Free (Sample)/Prefabs
  artifactKey: Guid(ae9aacb95a2e3394c9b2e152419c506c) Importer(815301076,1909f56bfc062723c751e8b465ee728b)
Start importing Assets/Low Poly FPS Pack - Free (Sample)/Prefabs using Guid(ae9aacb95a2e3394c9b2e152419c506c) Importer(815301076,1909f56bfc062723c751e8b465ee728b)  -> (artifact id: '6e6a1a86375a7391fb7ba1b9eecab4b6') in 0.007762 seconds
  Import took 0.010996 seconds .

========================================================================
Received Import Request.
  Time since last request: 0.000687 seconds.
  path: Assets/Low Poly FPS Pack - Free (Sample)/Prefabs
  artifactKey: Guid(ae9aacb95a2e3394c9b2e152419c506c) Importer(815301076,1909f56bfc062723c751e8b465ee728b)
Start importing Assets/Low Poly FPS Pack - Free (Sample)/Prefabs using Guid(ae9aacb95a2e3394c9b2e152419c506c) Importer(815301076,1909f56bfc062723c751e8b465ee728b)  -> (artifact id: '6e6a1a86375a7391fb7ba1b9eecab4b6') in 0.004448 seconds
  Import took 0.007953 seconds .

========================================================================
Received Import Request.
  Time since last request: 1.613601 seconds.
  path: Assets/Low Poly FPS Pack - Free (Sample)/How To Use - Low Poly FPS Pack - Free (Sample).pdf
  artifactKey: Guid(866e149fbd081014db96a90b9014d47c) Importer(815301076,1909f56bfc062723c751e8b465ee728b)
Start importing Assets/Low Poly FPS Pack - Free (Sample)/How To Use - Low Poly FPS Pack - Free (Sample).pdf using Guid(866e149fbd081014db96a90b9014d47c) Importer(815301076,1909f56bfc062723c751e8b465ee728b)  -> (artifact id: '2b87beca46513314efc233a15ed69e95') in 0.023249 seconds
  Import took 0.026407 seconds .

========================================================================
Received Import Request.
  Time since last request: 1.571319 seconds.
  path: Assets/Low Poly FPS Pack - Free (Sample)/Low Poly FPS Pack - Free (Sample) Documentation.pdf
  artifactKey: Guid(19a4bad31dec0324b975228b3f1064d0) Importer(815301076,1909f56bfc062723c751e8b465ee728b)
Start importing Assets/Low Poly FPS Pack - Free (Sample)/Low Poly FPS Pack - Free (Sample) Documentation.pdf using Guid(19a4bad31dec0324b975228b3f1064d0) Importer(815301076,1909f56bfc062723c751e8b465ee728b)  -> (artifact id: '2e1c4e4597ea17a8401bbf567f1a99d1') in 0.005577 seconds
  Import took 0.008724 seconds .

========================================================================
Received Import Request.
  Time since last request: 40.970592 seconds.
  path: Assets/Components
  artifactKey: Guid(070f648d739c3ef4cb46f5be4aa9a7cf) Importer(815301076,1909f56bfc062723c751e8b465ee728b)
Start importing Assets/Components using Guid(070f648d739c3ef4cb46f5be4aa9a7cf) Importer(815301076,1909f56bfc062723c751e8b465ee728b)  -> (artifact id: '02dff913aa917a8e34219ba921b27343') in 0.005534 seconds
  Import took 0.008849 seconds .

========================================================================
Received Prepare
Registering precompiled user dll's ...
Registered in 0.001242 seconds.
Begin MonoManager ReloadAssembly
Native extension for LinuxStandalone target not found
Native extension for WindowsStandalone target not found
Native extension for OSXStandalone target not found
Native extension for WebGL target not found
Refreshing native plugins compatible for Editor in 0.38 ms, found 0 plugins.
Preloading 0 native plugins for Editor in 0.00 ms.
Invoked RoslynAnalysisRunner static constructor.
RoslynAnalysisRunner will not be running.
RoslynAnalysisRunner has terminated.
Mono: successfully reloaded assembly
- Completed reload, in  1.332 seconds
Platform modules already initialized, skipping
Refreshing native plugins compatible for Editor in 0.44 ms, found 0 plugins.
Preloading 0 native plugins for Editor in 0.00 ms.
Unloading 1123 Unused Serialized files (Serialized files now loaded: 0)
System memory in use before: 74.8 MB.
System memory in use after: 74.9 MB.

Unloading 5 unused Assets to reduce memory usage. Loaded Objects now: 1594.
Total: 2.832200 ms (FindLiveObjects: 0.221700 ms CreateObjectMapping: 0.050800 ms MarkObjects: 2.350300 ms  DeleteObjects: 0.207300 ms)

========================================================================
Received Import Request.
  Time since last request: 29.732029 seconds.
  path: Assets/Low Poly FPS Pack - Free (Sample)/Prefabs/Example_Prefabs/Arms/Assault_Rifle_01_Example_Prefab
  artifactKey: Guid(842f56d27d877804680181c13d501d17) Importer(815301076,1909f56bfc062723c751e8b465ee728b)
Start importing Assets/Low Poly FPS Pack - Free (Sample)/Prefabs/Example_Prefabs/Arms/Assault_Rifle_01_Example_Prefab using Guid(842f56d27d877804680181c13d501d17) Importer(815301076,1909f56bfc062723c751e8b465ee728b)  -> (artifact id: '6e259661c4d0a627cfd37e5121986e9a') in 0.008028 seconds
  Import took 0.011216 seconds .

========================================================================
Received Import Request.
  Time since last request: 435.293264 seconds.
  path: Assets/Low Poly FPS Pack - Free (Sample)/Prefabs/Example_Prefabs/Casing_Prefabs
  artifactKey: Guid(c4bc845c1786b69449479ab6b3ae60fd) Importer(815301076,1909f56bfc062723c751e8b465ee728b)
Start importing Assets/Low Poly FPS Pack - Free (Sample)/Prefabs/Example_Prefabs/Casing_Prefabs using Guid(c4bc845c1786b69449479ab6b3ae60fd) Importer(815301076,1909f56bfc062723c751e8b465ee728b)  -> (artifact id: '95b4d991e1b7bc3a235431e21bcff20c') in 0.004837 seconds
  Import took 0.008159 seconds .

========================================================================
Received Import Request.
  Time since last request: 0.001062 seconds.
  path: Assets/Low Poly FPS Pack - Free (Sample)/Prefabs/Example_Prefabs/Casing_Prefabs
  artifactKey: Guid(c4bc845c1786b69449479ab6b3ae60fd) Importer(815301076,1909f56bfc062723c751e8b465ee728b)
Start importing Assets/Low Poly FPS Pack - Free (Sample)/Prefabs/Example_Prefabs/Casing_Prefabs using Guid(c4bc845c1786b69449479ab6b3ae60fd) Importer(815301076,1909f56bfc062723c751e8b465ee728b)  -> (artifact id: '95b4d991e1b7bc3a235431e21bcff20c') in 0.003835 seconds
  Import took 0.006748 seconds .

========================================================================
Received Import Request.
  Time since last request: 24.494193 seconds.
  path: Assets/Low Poly FPS Pack - Free (Sample)
  artifactKey: Guid(d3f20f545ff15e440a904f2fa2539082) Importer(815301076,1909f56bfc062723c751e8b465ee728b)
Start importing Assets/Low Poly FPS Pack - Free (Sample) using Guid(d3f20f545ff15e440a904f2fa2539082) Importer(815301076,1909f56bfc062723c751e8b465ee728b)  -> (artifact id: 'ebf77d3d084170818cbef06aeb9ab0c3') in 0.006327 seconds
  Import took 0.009465 seconds .

========================================================================
Received Import Request.
  Time since last request: 25.026331 seconds.
  path: Assets/Components/Demo_Scene_Components
  artifactKey: Guid(6a87eef83b3468548b5eb87970bd0fe4) Importer(815301076,1909f56bfc062723c751e8b465ee728b)
Start importing Assets/Components/Demo_Scene_Components using Guid(6a87eef83b3468548b5eb87970bd0fe4) Importer(815301076,1909f56bfc062723c751e8b465ee728b)  -> (artifact id: 'bbfd4641e94faa567669164a28b7dd13') in 0.005405 seconds
  Import took 0.008573 seconds .

========================================================================
Received Import Request.
  Time since last request: 5.559818 seconds.
  path: Assets/Components/Demo_Scene_Components/Materials
  artifactKey: Guid(87cd12d9c48123a47822dab7549d9679) Importer(815301076,1909f56bfc062723c751e8b465ee728b)
Start importing Assets/Components/Demo_Scene_Components/Materials using Guid(87cd12d9c48123a47822dab7549d9679) Importer(815301076,1909f56bfc062723c751e8b465ee728b)  -> (artifact id: 'be342787a38cd6f909dcc54982780a35') in 0.005138 seconds
  Import took 0.008157 seconds .

========================================================================
Received Import Request.
  Time since last request: 0.000579 seconds.
  path: Assets/Components/Demo_Scene_Components/Materials
  artifactKey: Guid(87cd12d9c48123a47822dab7549d9679) Importer(815301076,1909f56bfc062723c751e8b465ee728b)
Start importing Assets/Components/Demo_Scene_Components/Materials using Guid(87cd12d9c48123a47822dab7549d9679) Importer(815301076,1909f56bfc062723c751e8b465ee728b)  -> (artifact id: 'be342787a38cd6f909dcc54982780a35') in 0.003808 seconds
  Import took 0.006248 seconds .

========================================================================
Received Import Request.
  Time since last request: 45.108937 seconds.
  path: Assets/Components/Animators
  artifactKey: Guid(643a9d595ade5d44dbbf6082f50f31f9) Importer(815301076,1909f56bfc062723c751e8b465ee728b)
Start importing Assets/Components/Animators using Guid(643a9d595ade5d44dbbf6082f50f31f9) Importer(815301076,1909f56bfc062723c751e8b465ee728b)  -> (artifact id: '7e2d1549f645b617eb05fce3d30475ce') in 0.004941 seconds
  Import took 0.008056 seconds .

========================================================================
Received Import Request.
  Time since last request: 18.368440 seconds.
  path: Assets/Components/Audio/Explosions
  artifactKey: Guid(2e8b1aa07a8479649a416c0d0a0baa3d) Importer(815301076,1909f56bfc062723c751e8b465ee728b)
Start importing Assets/Components/Audio/Explosions using Guid(2e8b1aa07a8479649a416c0d0a0baa3d) Importer(815301076,1909f56bfc062723c751e8b465ee728b)  -> (artifact id: '546ee5dc5a90192b486a2d91534eafee') in 0.004988 seconds
  Import took 0.008154 seconds .

========================================================================
Received Import Request.
  Time since last request: 0.001103 seconds.
  path: Assets/Components/Audio/Explosions
  artifactKey: Guid(2e8b1aa07a8479649a416c0d0a0baa3d) Importer(815301076,1909f56bfc062723c751e8b465ee728b)
Start importing Assets/Components/Audio/Explosions using Guid(2e8b1aa07a8479649a416c0d0a0baa3d) Importer(815301076,1909f56bfc062723c751e8b465ee728b)  -> (artifact id: '546ee5dc5a90192b486a2d91534eafee') in 0.003842 seconds
  Import took 0.006363 seconds .

========================================================================
Received Import Request.
  Time since last request: 10.371337 seconds.
  path: Assets/Components/Audio
  artifactKey: Guid(8dd978777e431d1469232ac316786eee) Importer(815301076,1909f56bfc062723c751e8b465ee728b)
Start importing Assets/Components/Audio using Guid(8dd978777e431d1469232ac316786eee) Importer(815301076,1909f56bfc062723c751e8b465ee728b)  -> (artifact id: 'cde6cbd9439c0434cb1a126bff6d323c') in 0.005212 seconds
  Import took 0.008408 seconds .

========================================================================
Received Import Request.
  Time since last request: 12.515358 seconds.
  path: Assets/Components/Demo_Scene_Components/Scripts/DebrisScript.cs
  artifactKey: Guid(f5ea607472a68444785030fb49e7baa8) Importer(815301076,1909f56bfc062723c751e8b465ee728b)
Start importing Assets/Components/Demo_Scene_Components/Scripts/DebrisScript.cs using Guid(f5ea607472a68444785030fb49e7baa8) Importer(815301076,1909f56bfc062723c751e8b465ee728b)  -> (artifact id: '411be00d2025b58127c990b2c85b1b9c') in 0.050974 seconds
  Import took 0.054138 seconds .

========================================================================
Received Import Request.
  Time since last request: 0.005559 seconds.
  path: Assets/Components/Demo_Scene_Components/Scripts/DebrisScript.cs
  artifactKey: Guid(f5ea607472a68444785030fb49e7baa8) Importer(815301076,1909f56bfc062723c751e8b465ee728b)
Start importing Assets/Components/Demo_Scene_Components/Scripts/DebrisScript.cs using Guid(f5ea607472a68444785030fb49e7baa8) Importer(815301076,1909f56bfc062723c751e8b465ee728b)  -> (artifact id: '411be00d2025b58127c990b2c85b1b9c') in 0.003915 seconds
  Import took 0.006708 seconds .

========================================================================
Received Prepare
Registering precompiled user dll's ...
Registered in 0.001528 seconds.
Begin MonoManager ReloadAssembly
Native extension for LinuxStandalone target not found
Native extension for WindowsStandalone target not found
Native extension for OSXStandalone target not found
Native extension for WebGL target not found
Refreshing native plugins compatible for Editor in 0.38 ms, found 0 plugins.
Preloading 0 native plugins for Editor in 0.00 ms.
Invoked RoslynAnalysisRunner static constructor.
RoslynAnalysisRunner will not be running.
RoslynAnalysisRunner has terminated.
Mono: successfully reloaded assembly
- Completed reload, in  1.348 seconds
Platform modules already initialized, skipping
Refreshing native plugins compatible for Editor in 0.39 ms, found 0 plugins.
Preloading 0 native plugins for Editor in 0.00 ms.
Unloading 1123 Unused Serialized files (Serialized files now loaded: 0)
System memory in use before: 74.8 MB.
System memory in use after: 74.9 MB.

Unloading 5 unused Assets to reduce memory usage. Loaded Objects now: 1596.
Total: 2.669000 ms (FindLiveObjects: 0.237300 ms CreateObjectMapping: 0.051900 ms MarkObjects: 2.308900 ms  DeleteObjects: 0.069400 ms)

========================================================================
Received Import Request.
  Time since last request: 60.703765 seconds.
  path: Assets/Components/Scripts
  artifactKey: Guid(81e7d840d7648e546985a4966fac204f) Importer(815301076,1909f56bfc062723c751e8b465ee728b)
Start importing Assets/Components/Scripts using Guid(81e7d840d7648e546985a4966fac204f) Importer(815301076,1909f56bfc062723c751e8b465ee728b)  -> (artifact id: '2a6502c14a77bda619ac3b75a4039477') in 0.008333 seconds
  Import took 0.011643 seconds .

========================================================================
Received Import Request.
  Time since last request: 4.226817 seconds.
  path: Assets/Components/Scripts/Bullet
  artifactKey: Guid(e30382a1a38cd7d42b93243700f121af) Importer(815301076,1909f56bfc062723c751e8b465ee728b)
Start importing Assets/Components/Scripts/Bullet using Guid(e30382a1a38cd7d42b93243700f121af) Importer(815301076,1909f56bfc062723c751e8b465ee728b)  -> (artifact id: 'd785bd9823be010bd6c430d997ad9e2a') in 0.004872 seconds
  Import took 0.008001 seconds .

========================================================================
Received Import Request.
  Time since last request: 0.940582 seconds.
  path: Assets/Components/Scripts/Explosions_&_Impacts
  artifactKey: Guid(39ad968066b8a2f45a60af250f1589d0) Importer(815301076,1909f56bfc062723c751e8b465ee728b)
Start importing Assets/Components/Scripts/Explosions_&_Impacts using Guid(39ad968066b8a2f45a60af250f1589d0) Importer(815301076,1909f56bfc062723c751e8b465ee728b)  -> (artifact id: 'b9279d0e841d1f5ae70c145c7e4b5ee6') in 0.005593 seconds
  Import took 0.008722 seconds .

========================================================================
Received Prepare
Registering precompiled user dll's ...
Registered in 0.001215 seconds.
Begin MonoManager ReloadAssembly
Native extension for LinuxStandalone target not found
Native extension for WindowsStandalone target not found
Native extension for OSXStandalone target not found
Native extension for WebGL target not found
Refreshing native plugins compatible for Editor in 0.37 ms, found 0 plugins.
Preloading 0 native plugins for Editor in 0.00 ms.
Invoked RoslynAnalysisRunner static constructor.
RoslynAnalysisRunner will not be running.
RoslynAnalysisRunner has terminated.
Mono: successfully reloaded assembly
- Completed reload, in  1.357 seconds
Platform modules already initialized, skipping
Refreshing native plugins compatible for Editor in 0.36 ms, found 0 plugins.
Preloading 0 native plugins for Editor in 0.00 ms.
Unloading 1123 Unused Serialized files (Serialized files now loaded: 0)
System memory in use before: 74.8 MB.
System memory in use after: 74.9 MB.

Unloading 5 unused Assets to reduce memory usage. Loaded Objects now: 1598.
Total: 2.921300 ms (FindLiveObjects: 0.350700 ms CreateObjectMapping: 0.067900 ms MarkObjects: 2.429000 ms  DeleteObjects: 0.072200 ms)

========================================================================
Received Import Request.
  Time since last request: 25.109581 seconds.
  path: Assets/Scripts/PlayerController.cs
  artifactKey: Guid(1b318d53a09128947afc70f7bacb503c) Importer(815301076,1909f56bfc062723c751e8b465ee728b)
Start importing Assets/Scripts/PlayerController.cs using Guid(1b318d53a09128947afc70f7bacb503c) Importer(815301076,1909f56bfc062723c751e8b465ee728b)  -> (artifact id: '0cc7b3641c288bed385c52cd68554883') in 0.007784 seconds
  Import took 0.011009 seconds .

========================================================================
Received Import Request.
  Time since last request: 0.000544 seconds.
  path: Assets/Scripts/PlayerController.cs
  artifactKey: Guid(1b318d53a09128947afc70f7bacb503c) Importer(815301076,1909f56bfc062723c751e8b465ee728b)
Start importing Assets/Scripts/PlayerController.cs using Guid(1b318d53a09128947afc70f7bacb503c) Importer(815301076,1909f56bfc062723c751e8b465ee728b)  -> (artifact id: '0cc7b3641c288bed385c52cd68554883') in 0.003738 seconds
  Import took 0.006164 seconds .

========================================================================
Received Prepare
Registering precompiled user dll's ...
Registered in 0.001254 seconds.
Begin MonoManager ReloadAssembly
Native extension for LinuxStandalone target not found
Native extension for WindowsStandalone target not found
Native extension for OSXStandalone target not found
Native extension for WebGL target not found
Refreshing native plugins compatible for Editor in 0.38 ms, found 0 plugins.
Preloading 0 native plugins for Editor in 0.00 ms.
Invoked RoslynAnalysisRunner static constructor.
RoslynAnalysisRunner will not be running.
RoslynAnalysisRunner has terminated.
Mono: successfully reloaded assembly
- Completed reload, in  1.318 seconds
Platform modules already initialized, skipping
Refreshing native plugins compatible for Editor in 0.37 ms, found 0 plugins.
Preloading 0 native plugins for Editor in 0.00 ms.
Unloading 1122 Unused Serialized files (Serialized files now loaded: 0)
System memory in use before: 74.8 MB.
System memory in use after: 74.9 MB.

Unloading 6 unused Assets to reduce memory usage. Loaded Objects now: 1599.
Total: 2.634600 ms (FindLiveObjects: 0.218600 ms CreateObjectMapping: 0.052200 ms MarkObjects: 2.290000 ms  DeleteObjects: 0.072200 ms)

========================================================================
Received Import Request.
  Time since last request: 245.963746 seconds.
  path: Assets/Components/Demo_Scene_Components/Scripts
  artifactKey: Guid(dfae59ccd3417494883c62718eb25589) Importer(815301076,1909f56bfc062723c751e8b465ee728b)
Start importing Assets/Components/Demo_Scene_Components/Scripts using Guid(dfae59ccd3417494883c62718eb25589) Importer(815301076,1909f56bfc062723c751e8b465ee728b)  -> (artifact id: 'f5d7e36d810a7919baaa35a515dfa38b') in 0.008550 seconds
  Import took 0.011920 seconds .

========================================================================
Received Import Request.
  Time since last request: 78.962855 seconds.
  path: Assets/Components/Textures_&_Sprites/Low Poly FPS Pack Texture.png
  artifactKey: Guid(d95c2d78760056742b2649f04974b45f) Importer(815301076,1909f56bfc062723c751e8b465ee728b)
Start importing Assets/Components/Textures_&_Sprites/Low Poly FPS Pack Texture.png using Guid(d95c2d78760056742b2649f04974b45f) Importer(815301076,1909f56bfc062723c751e8b465ee728b)  -> (artifact id: '45621d9559214df6d70f3e6f60a2e22b') in 0.112653 seconds
  Import took 0.115972 seconds .

========================================================================
Received Import Request.
  Time since last request: 0.076720 seconds.
  path: Assets/Components/Textures_&_Sprites/Low Poly FPS Pack Texture.png
  artifactKey: Guid(d95c2d78760056742b2649f04974b45f) Importer(815301076,1909f56bfc062723c751e8b465ee728b)
Start importing Assets/Components/Textures_&_Sprites/Low Poly FPS Pack Texture.png using Guid(d95c2d78760056742b2649f04974b45f) Importer(815301076,1909f56bfc062723c751e8b465ee728b)  -> (artifact id: '45621d9559214df6d70f3e6f60a2e22b') in 0.009339 seconds
  Import took 0.012590 seconds .

========================================================================
Received Import Request.
  Time since last request: 122.645916 seconds.
  path: Assets/Components/Textures_&_Sprites/UI/assault_rifle_01_icon.png
  artifactKey: Guid(364206cb355dcf7479b2cdec20b8ec68) Importer(815301076,1909f56bfc062723c751e8b465ee728b)
Start importing Assets/Components/Textures_&_Sprites/UI/assault_rifle_01_icon.png using Guid(364206cb355dcf7479b2cdec20b8ec68) Importer(815301076,1909f56bfc062723c751e8b465ee728b)  -> (artifact id: 'd891476d99782b5c5e6c644993e542d8') in 0.066106 seconds
  Import took 0.069580 seconds .

========================================================================
Received Import Request.
  Time since last request: 0.730847 seconds.
  path: Assets/Components/Textures_&_Sprites/UI/handgun_01_icon.png
  artifactKey: Guid(d6e4dc2ab496ac845a119b14c5abbb91) Importer(815301076,1909f56bfc062723c751e8b465ee728b)
Start importing Assets/Components/Textures_&_Sprites/UI/handgun_01_icon.png using Guid(d6e4dc2ab496ac845a119b14c5abbb91) Importer(815301076,1909f56bfc062723c751e8b465ee728b)  -> (artifact id: '01da4493a140bf2dfaa769e9cb90871a') in 0.018765 seconds
  Import took 0.022034 seconds .

========================================================================
Received Import Request.
  Time since last request: 1065.926435 seconds.
  path: Assets/Components/Textures_&_Sprites/UI
  artifactKey: Guid(835a0770dc893704ba2b4f50ca4ef109) Importer(815301076,1909f56bfc062723c751e8b465ee728b)
Start importing Assets/Components/Textures_&_Sprites/UI using Guid(835a0770dc893704ba2b4f50ca4ef109) Importer(815301076,1909f56bfc062723c751e8b465ee728b)  -> (artifact id: '83ade24406fc09867092ad546abbe87f') in 0.100871 seconds
  Import took 0.104186 seconds .

========================================================================
Received Import Request.
  Time since last request: 11.147832 seconds.
  path: Assets/Particles
  artifactKey: Guid(afa9db185a571da40a17a3152d5d62ad) Importer(815301076,1909f56bfc062723c751e8b465ee728b)
Start importing Assets/Particles using Guid(afa9db185a571da40a17a3152d5d62ad) Importer(815301076,1909f56bfc062723c751e8b465ee728b)  -> (artifact id: 'fc2f6fca4ef76809596a051693809a6c') in 0.005185 seconds
  Import took 0.008308 seconds .

========================================================================
Received Import Request.
  Time since last request: 0.006290 seconds.
  path: Assets/Particles
  artifactKey: Guid(afa9db185a571da40a17a3152d5d62ad) Importer(815301076,1909f56bfc062723c751e8b465ee728b)
Start importing Assets/Particles using Guid(afa9db185a571da40a17a3152d5d62ad) Importer(815301076,1909f56bfc062723c751e8b465ee728b)  -> (artifact id: 'fc2f6fca4ef76809596a051693809a6c') in 0.003908 seconds
  Import took 0.006473 seconds .

========================================================================
Received Import Request.
  Time since last request: 18.599740 seconds.
  path: Assets/Components/Textures_&_Sprites
  artifactKey: Guid(29526064f1c732843a798df4e529978d) Importer(815301076,1909f56bfc062723c751e8b465ee728b)
Start importing Assets/Components/Textures_&_Sprites using Guid(29526064f1c732843a798df4e529978d) Importer(815301076,1909f56bfc062723c751e8b465ee728b)  -> (artifact id: 'c3c9b05b43f2fcb0fdec03673cb4ecb4') in 0.004976 seconds
  Import took 0.008085 seconds .

========================================================================
Received Import Request.
  Time since last request: 81.642475 seconds.
  path: Assets/Prefabs/Arms/Handgun_01_Example_Prefab
  artifactKey: Guid(5224bf737a8b7374da385b1e255cc461) Importer(815301076,1909f56bfc062723c751e8b465ee728b)
Start importing Assets/Prefabs/Arms/Handgun_01_Example_Prefab using Guid(5224bf737a8b7374da385b1e255cc461) Importer(815301076,1909f56bfc062723c751e8b465ee728b)  -> (artifact id: '16922493b18719b6dfab7dea0691efa7') in 0.004959 seconds
  Import took 0.008298 seconds .

========================================================================
Received Import Request.
  Time since last request: 0.019210 seconds.
  path: Assets/Prefabs/Arms/Handgun_01_Example_Prefab
  artifactKey: Guid(5224bf737a8b7374da385b1e255cc461) Importer(815301076,1909f56bfc062723c751e8b465ee728b)
Start importing Assets/Prefabs/Arms/Handgun_01_Example_Prefab using Guid(5224bf737a8b7374da385b1e255cc461) Importer(815301076,1909f56bfc062723c751e8b465ee728b)  -> (artifact id: '16922493b18719b6dfab7dea0691efa7') in 0.004380 seconds
  Import took 0.007532 seconds .

========================================================================
Received Import Request.
  Time since last request: 1.705394 seconds.
  path: Assets/Prefabs/Arms/Handgun_01_Example_Prefab/Handgun_01_FPSController.prefab
  artifactKey: Guid(c24fed9fa91f7634fbc8e5e12405008e) Importer(815301076,1909f56bfc062723c751e8b465ee728b)
Start importing Assets/Prefabs/Arms/Handgun_01_Example_Prefab/Handgun_01_FPSController.prefab using Guid(c24fed9fa91f7634fbc8e5e12405008e) Importer(815301076,1909f56bfc062723c751e8b465ee728b)  -> (artifact id: '9e1036f0c68670508bb6f24538a4fa2f') in 0.249632 seconds
  Import took 0.257213 seconds .

========================================================================
Received Prepare
Registering precompiled user dll's ...
Registered in 0.001109 seconds.
Begin MonoManager ReloadAssembly
Native extension for LinuxStandalone target not found
Native extension for WindowsStandalone target not found
Native extension for OSXStandalone target not found
Native extension for WebGL target not found
Refreshing native plugins compatible for Editor in 0.42 ms, found 0 plugins.
Preloading 0 native plugins for Editor in 0.00 ms.
Invoked RoslynAnalysisRunner static constructor.
RoslynAnalysisRunner will not be running.
RoslynAnalysisRunner has terminated.
Mono: successfully reloaded assembly
- Completed reload, in  1.373 seconds
Platform modules already initialized, skipping
Refreshing native plugins compatible for Editor in 0.37 ms, found 0 plugins.
Preloading 0 native plugins for Editor in 0.00 ms.
Unloading 1122 Unused Serialized files (Serialized files now loaded: 0)
System memory in use before: 74.9 MB.
System memory in use after: 74.9 MB.

Unloading 5 unused Assets to reduce memory usage. Loaded Objects now: 1604.
Total: 2.666600 ms (FindLiveObjects: 0.234200 ms CreateObjectMapping: 0.051200 ms MarkObjects: 2.308500 ms  DeleteObjects: 0.071300 ms)

========================================================================
Received Import Request.
  Time since last request: 303.100006 seconds.
  path: Assets/Components/Demo_Scene_Components/Materials/Prototype_Materials
  artifactKey: Guid(50e850f5e3fe87b489e8bd7ecaae3594) Importer(815301076,1909f56bfc062723c751e8b465ee728b)
Start importing Assets/Components/Demo_Scene_Components/Materials/Prototype_Materials using Guid(50e850f5e3fe87b489e8bd7ecaae3594) Importer(815301076,1909f56bfc062723c751e8b465ee728b)  -> (artifact id: '5ebf0b490643b3b23addc280f2f5e45a') in 0.008387 seconds
  Import took 0.011814 seconds .

========================================================================
Received Import Request.
  Time since last request: 32.552715 seconds.
  path: Assets/Components/Demo_Scene_Components/Textures_&_Sprites
  artifactKey: Guid(3f49083c19bb3284b921b0694abd3682) Importer(815301076,1909f56bfc062723c751e8b465ee728b)
Start importing Assets/Components/Demo_Scene_Components/Textures_&_Sprites using Guid(3f49083c19bb3284b921b0694abd3682) Importer(815301076,1909f56bfc062723c751e8b465ee728b)  -> (artifact id: '4e2a61f1a236d9dd39f1fc1a34a7ba68') in 0.003960 seconds
  Import took 0.007060 seconds .

========================================================================
Received Import Request.
  Time since last request: 1.310855 seconds.
  path: Assets/Components/Demo_Scene_Components/Meshes
  artifactKey: Guid(6939cab780c75b149b7968a788fdbd21) Importer(815301076,1909f56bfc062723c751e8b465ee728b)
Start importing Assets/Components/Demo_Scene_Components/Meshes using Guid(6939cab780c75b149b7968a788fdbd21) Importer(815301076,1909f56bfc062723c751e8b465ee728b)  -> (artifact id: 'e46d630940de3d7ea639ea682397732e') in 0.004897 seconds
  Import took 0.008008 seconds .

========================================================================
Received Import Request.
  Time since last request: 281.098460 seconds.
  path: Assets/Prefabs/Models_Only
  artifactKey: Guid(dbbd5b94412cc0147b408c47d652203e) Importer(815301076,1909f56bfc062723c751e8b465ee728b)
Start importing Assets/Prefabs/Models_Only using Guid(dbbd5b94412cc0147b408c47d652203e) Importer(815301076,1909f56bfc062723c751e8b465ee728b)  -> (artifact id: 'dea6e5110750b4b320db5d8a46e9237f') in 0.005034 seconds
  Import took 0.008375 seconds .

========================================================================
Received Import Request.
  Time since last request: 807.078895 seconds.
  path: Assets/Components/Textures_&_Sprites/Demo Scene Texture.png
  artifactKey: Guid(51db2eaa32eff334a9a463b185f054bc) Importer(815301076,1909f56bfc062723c751e8b465ee728b)
Start importing Assets/Components/Textures_&_Sprites/Demo Scene Texture.png using Guid(51db2eaa32eff334a9a463b185f054bc) Importer(815301076,1909f56bfc062723c751e8b465ee728b)  -> (artifact id: '79afda1ab426fd89f96365e92bf2bc04') in 0.073501 seconds
  Import took 0.076847 seconds .

========================================================================
Received Import Request.
  Time since last request: 6.218324 seconds.
  path: Assets/Components/Textures_&_Sprites/Scene Texture.png
  artifactKey: Guid(51db2eaa32eff334a9a463b185f054bc) Importer(815301076,1909f56bfc062723c751e8b465ee728b)
Start importing Assets/Components/Textures_&_Sprites/Scene Texture.png using Guid(51db2eaa32eff334a9a463b185f054bc) Importer(815301076,1909f56bfc062723c751e8b465ee728b)  -> (artifact id: '96868441ac7a4b817da0e33732119005') in 0.011946 seconds
  Import took 0.015177 seconds .

========================================================================
Received Prepare
Registering precompiled user dll's ...
Registered in 0.001154 seconds.
Begin MonoManager ReloadAssembly
Native extension for LinuxStandalone target not found
Native extension for WindowsStandalone target not found
Native extension for OSXStandalone target not found
Native extension for WebGL target not found
Refreshing native plugins compatible for Editor in 0.39 ms, found 0 plugins.
Preloading 0 native plugins for Editor in 0.00 ms.
Invoked RoslynAnalysisRunner static constructor.
RoslynAnalysisRunner will not be running.
RoslynAnalysisRunner has terminated.
Mono: successfully reloaded assembly
- Completed reload, in  1.402 seconds
Platform modules already initialized, skipping
Refreshing native plugins compatible for Editor in 0.42 ms, found 0 plugins.
Preloading 0 native plugins for Editor in 0.00 ms.
Unloading 1122 Unused Serialized files (Serialized files now loaded: 0)
System memory in use before: 74.9 MB.
System memory in use after: 74.9 MB.

Unloading 5 unused Assets to reduce memory usage. Loaded Objects now: 1606.
Total: 2.667100 ms (FindLiveObjects: 0.232700 ms CreateObjectMapping: 0.046200 ms MarkObjects: 2.310700 ms  DeleteObjects: 0.076000 ms)

========================================================================
Received Import Request.
  Time since last request: 155.830568 seconds.
  path: Assets/Animations
  artifactKey: Guid(391dc314eda0460489b3035a5a8d4f18) Importer(815301076,1909f56bfc062723c751e8b465ee728b)
Start importing Assets/Animations using Guid(391dc314eda0460489b3035a5a8d4f18) Importer(815301076,1909f56bfc062723c751e8b465ee728b)  -> (artifact id: '99abacedc0ef907169ad74920eaaf991') in 0.008080 seconds
  Import took 0.011333 seconds .

========================================================================
Received Import Request.
  Time since last request: 0.015236 seconds.
  path: Assets/Animations
  artifactKey: Guid(391dc314eda0460489b3035a5a8d4f18) Importer(815301076,1909f56bfc062723c751e8b465ee728b)
Start importing Assets/Animations using Guid(391dc314eda0460489b3035a5a8d4f18) Importer(815301076,1909f56bfc062723c751e8b465ee728b)  -> (artifact id: '99abacedc0ef907169ad74920eaaf991') in 0.004030 seconds
  Import took 0.007105 seconds .

========================================================================
Received Import Request.
  Time since last request: 19.526902 seconds.
  path: Assets/Animations/Assault_Rifle_01
  artifactKey: Guid(1a88b21cdae75b44a81e92e723cbd10d) Importer(815301076,1909f56bfc062723c751e8b465ee728b)
Start importing Assets/Animations/Assault_Rifle_01 using Guid(1a88b21cdae75b44a81e92e723cbd10d) Importer(815301076,1909f56bfc062723c751e8b465ee728b)  -> (artifact id: '8548344192caaaea9652f60371bfdf07') in 0.006099 seconds
  Import took 0.009286 seconds .

========================================================================
Received Import Request.
  Time since last request: 0.007554 seconds.
  path: Assets/Animations/Assault_Rifle_01
  artifactKey: Guid(1a88b21cdae75b44a81e92e723cbd10d) Importer(815301076,1909f56bfc062723c751e8b465ee728b)
Start importing Assets/Animations/Assault_Rifle_01 using Guid(1a88b21cdae75b44a81e92e723cbd10d) Importer(815301076,1909f56bfc062723c751e8b465ee728b)  -> (artifact id: '8548344192caaaea9652f60371bfdf07') in 0.004519 seconds
  Import took 0.007609 seconds .

========================================================================
Received Import Request.
  Time since last request: 1.660732 seconds.
  path: Assets/Animations/Animators/Handgun_01
  artifactKey: Guid(c4af360f9b9c0d6498d4547cb5f2ca6d) Importer(815301076,1909f56bfc062723c751e8b465ee728b)
Start importing Assets/Animations/Animators/Handgun_01 using Guid(c4af360f9b9c0d6498d4547cb5f2ca6d) Importer(815301076,1909f56bfc062723c751e8b465ee728b)  -> (artifact id: 'f670df04229fa0f1d9968201faf08aa4') in 0.007017 seconds
  Import took 0.010936 seconds .

========================================================================
Received Prepare
Registering precompiled user dll's ...
Registered in 0.001308 seconds.
Begin MonoManager ReloadAssembly
Native extension for LinuxStandalone target not found
Native extension for WindowsStandalone target not found
Native extension for OSXStandalone target not found
Native extension for WebGL target not found
Refreshing native plugins compatible for Editor in 0.39 ms, found 0 plugins.
Preloading 0 native plugins for Editor in 0.00 ms.
Invoked RoslynAnalysisRunner static constructor.
RoslynAnalysisRunner will not be running.
RoslynAnalysisRunner has terminated.
Mono: successfully reloaded assembly
- Completed reload, in  1.358 seconds
Platform modules already initialized, skipping
Refreshing native plugins compatible for Editor in 0.38 ms, found 0 plugins.
Preloading 0 native plugins for Editor in 0.00 ms.
Unloading 1122 Unused Serialized files (Serialized files now loaded: 0)
System memory in use before: 74.9 MB.
System memory in use after: 74.9 MB.

Unloading 5 unused Assets to reduce memory usage. Loaded Objects now: 1608.
Total: 2.655200 ms (FindLiveObjects: 0.230400 ms CreateObjectMapping: 0.054000 ms MarkObjects: 2.299400 ms  DeleteObjects: 0.070000 ms)

AssetImportWorkerClient::OnTransportError - code=2 error=End of file
