Using pre-set license
Built from '2020.2/staging' branch; Version is '2020.2.6f1 (8a2143876886) revision 9052483'; Using compiler version '192528614'; Build Type 'Release'
OS: 'Windows 10 Pro; OS build 18363.1198; Version 1909; 64bit' Language: 'en' Physical Memory: 12222 MB
BatchMode: 1, IsHumanControllingUs: 0, StartBugReporterOnCrash: 0, Is64bit: 1, IsPro: 0

 COMMAND LINE ARGUMENTS:
C:\Program Files\Unity\Hub\Editor\2020.2.6f1\Editor\Unity.exe
-adb2
-batchMode
-noUpm
-name
AssetImportWorker3
-projectPath
C:/Users/Jamal Kamusoko/Documents/GitHub/PatientZero.RE/Patient_Zero
-logFile
Logs/AssetImportWorker3.log
-srvPort
61533
Successfully changed project path to: C:/Users/Jamal Kamusoko/Documents/GitHub/PatientZero.RE/Patient_Zero
C:/Users/Jamal Kamusoko/Documents/GitHub/PatientZero.RE/Patient_Zero
Using Asset Import Pipeline V2.
Refreshing native plugins compatible for Editor in 149.59 ms, found 0 plugins.
Preloading 0 native plugins for Editor in 0.00 ms.
Initialize engine version: 2020.2.6f1 (8a2143876886)
[Subsystems] Discovering subsystems at path C:/Program Files/Unity/Hub/Editor/2020.2.6f1/Editor/Data/Resources/UnitySubsystems
[Subsystems] Discovering subsystems at path C:/Users/Jamal Kamusoko/Documents/GitHub/PatientZero.RE/Patient_Zero/Assets
GfxDevice: creating device client; threaded=0
Direct3D:
    Version:  Direct3D 11.0 [level 11.1]
    Renderer: NVIDIA GeForce GTX 950 (ID=0x1402)
    Vendor:   
    VRAM:     2007 MB
    Driver:   27.21.14.6172
Initialize mono
Mono path[0] = 'C:/Program Files/Unity/Hub/Editor/2020.2.6f1/Editor/Data/Managed'
Mono path[1] = 'C:/Program Files/Unity/Hub/Editor/2020.2.6f1/Editor/Data/MonoBleedingEdge/lib/mono/unityjit'
Mono config path = 'C:/Program Files/Unity/Hub/Editor/2020.2.6f1/Editor/Data/MonoBleedingEdge/etc'
Using monoOptions --debugger-agent=transport=dt_socket,embedding=1,server=y,suspend=n,address=127.0.0.1:56860
Begin MonoManager ReloadAssembly
Registering precompiled unity dll's ...
Register platform support module: C:/Program Files/Unity/Hub/Editor/2020.2.6f1/Editor/Data/PlaybackEngines/WebGLSupport/UnityEditor.WebGL.Extensions.dll
Register platform support module: C:/Program Files/Unity/Hub/Editor/2020.2.6f1/Editor/Data/PlaybackEngines/MacStandaloneSupport/UnityEditor.OSXStandalone.Extensions.dll
Register platform support module: C:/Program Files/Unity/Hub/Editor/2020.2.6f1/Editor/Data/PlaybackEngines/WindowsStandaloneSupport/UnityEditor.WindowsStandalone.Extensions.dll
Register platform support module: C:/Program Files/Unity/Hub/Editor/2020.2.6f1/Editor/Data/PlaybackEngines/LinuxStandaloneSupport/UnityEditor.LinuxStandalone.Extensions.dll
Registered in 0.006691 seconds.
Native extension for LinuxStandalone target not found
Native extension for WindowsStandalone target not found
Native extension for OSXStandalone target not found
Native extension for WebGL target not found
Refreshing native plugins compatible for Editor in 141.25 ms, found 0 plugins.
Preloading 0 native plugins for Editor in 0.00 ms.
Invoked RoslynAnalysisRunner static constructor.
RoslynAnalysisRunner will not be running.
RoslynAnalysisRunner has terminated.
Mono: successfully reloaded assembly
- Completed reload, in  2.219 seconds
Platform modules already initialized, skipping
Registering precompiled user dll's ...
Registered in 0.009631 seconds.
Begin MonoManager ReloadAssembly
Native extension for LinuxStandalone target not found
Native extension for WindowsStandalone target not found
Native extension for OSXStandalone target not found
Native extension for WebGL target not found
Refreshing native plugins compatible for Editor in 1.34 ms, found 0 plugins.
Preloading 0 native plugins for Editor in 0.00 ms.
Invoked RoslynAnalysisRunner static constructor.
RoslynAnalysisRunner will not be running.
RoslynAnalysisRunner has terminated.
Mono: successfully reloaded assembly
- Completed reload, in  6.390 seconds
Platform modules already initialized, skipping
========================================================================
Worker process is ready to serve import requests
Launched and connected shader compiler UnityShaderCompiler.exe after 0.46 seconds
Refreshing native plugins compatible for Editor in 1.29 ms, found 0 plugins.
Preloading 0 native plugins for Editor in 0.00 ms.
Unloading 2010 Unused Serialized files (Serialized files now loaded: 0)
System memory in use before: 119.5 MB.
System memory in use after: 119.6 MB.

Unloading 110 unused Assets to reduce memory usage. Loaded Objects now: 2453.
Total: 3.959000 ms (FindLiveObjects: 0.303800 ms CreateObjectMapping: 0.085500 ms MarkObjects: 3.302100 ms  DeleteObjects: 0.265500 ms)

========================================================================
Received Import Request.
  path: Assets/LevelDesign/AssetStoreOriginals/_SNAPS_PrototypingAssets/About/Readme.asset
  artifactKey: Guid(83c2ed844a8c74b779a4c823d16594b1) Importer(815301076,1909f56bfc062723c751e8b465ee728b)
Start importing Assets/LevelDesign/AssetStoreOriginals/_SNAPS_PrototypingAssets/About/Readme.asset using Guid(83c2ed844a8c74b779a4c823d16594b1) Importer(815301076,1909f56bfc062723c751e8b465ee728b)  -> (artifact id: '3910b317677b53ef090fd74542167456') in 0.222186 seconds
  Import took 0.296450 seconds .

========================================================================
Received Import Request.
  Time since last request: 68.023243 seconds.
  path: Assets/LevelDesign/AssetStoreOriginals/_SNAPS_PrototypingAssets/About/Readme.asset
  artifactKey: Guid(83c2ed844a8c74b779a4c823d16594b1) Importer(815301076,1909f56bfc062723c751e8b465ee728b)
Start importing Assets/LevelDesign/AssetStoreOriginals/_SNAPS_PrototypingAssets/About/Readme.asset using Guid(83c2ed844a8c74b779a4c823d16594b1) Importer(815301076,1909f56bfc062723c751e8b465ee728b)  -> (artifact id: '3910b317677b53ef090fd74542167456') in 0.006119 seconds
  Import took 0.078396 seconds .

========================================================================
Received Import Request.
  Time since last request: 11472.974249 seconds.
  path: Assets/Prefabs/Assault_Rifle_Controller.prefab
  artifactKey: Guid(c4bd9a1739c10a04aa6bea70b09c7136) Importer(815301076,1909f56bfc062723c751e8b465ee728b)
Start importing Assets/Prefabs/Assault_Rifle_Controller.prefab using Guid(c4bd9a1739c10a04aa6bea70b09c7136) Importer(815301076,1909f56bfc062723c751e8b465ee728b)  -> (artifact id: 'e74789c6ec92c157c2d0f011058e25aa') in 4.544825 seconds
  Import took 4.670548 seconds .

========================================================================
Received Import Request.
  Time since last request: 0.000577 seconds.
  path: Assets/Prefabs/Explosive Barrel.prefab
  artifactKey: Guid(ba67efa6dcab9a54aac7e607f17f759c) Importer(815301076,1909f56bfc062723c751e8b465ee728b)
Start importing Assets/Prefabs/Explosive Barrel.prefab using Guid(ba67efa6dcab9a54aac7e607f17f759c) Importer(815301076,1909f56bfc062723c751e8b465ee728b)  -> (artifact id: '2fe73e7d145366c39fddc5e6073bc21b') in 0.517326 seconds
  Import took 0.576904 seconds .

========================================================================
Received Import Request.
  Time since last request: 0.000550 seconds.
  path: Assets/Prefabs/Target.prefab
  artifactKey: Guid(84e2da24fceb32c45a3059b4c1d82538) Importer(815301076,1909f56bfc062723c751e8b465ee728b)
Start importing Assets/Prefabs/Target.prefab using Guid(84e2da24fceb32c45a3059b4c1d82538) Importer(815301076,1909f56bfc062723c751e8b465ee728b)  -> (artifact id: 'ed519ccac2e0b42808ffa44f4d644dfe') in 0.155113 seconds
  Import took 0.217945 seconds .

========================================================================
Received Import Request.
  Time since last request: 0.000436 seconds.
  path: Assets/Prefabs/Explosive Barrel (Destroyed).prefab
  artifactKey: Guid(69583eba87a3a60449692cb2c09f4706) Importer(815301076,1909f56bfc062723c751e8b465ee728b)
Start importing Assets/Prefabs/Explosive Barrel (Destroyed).prefab using Guid(69583eba87a3a60449692cb2c09f4706) Importer(815301076,1909f56bfc062723c751e8b465ee728b)  -> (artifact id: 'fed904b65074d5ac4a82cf29f7527c27') in 0.022833 seconds
  Import took 0.072718 seconds .

========================================================================
Received Import Request.
  Time since last request: 0.000476 seconds.
  path: Assets/Prefabs/Handgun_Controller.prefab
  artifactKey: Guid(42f5bf363cd724b44bd390777ad01001) Importer(815301076,1909f56bfc062723c751e8b465ee728b)
Start importing Assets/Prefabs/Handgun_Controller.prefab using Guid(42f5bf363cd724b44bd390777ad01001) Importer(815301076,1909f56bfc062723c751e8b465ee728b)  -> (artifact id: '011a34371057fe845d9500c106d55609') in 1.608679 seconds
  Import took 1.672057 seconds .

========================================================================
Received Import Request.
  Time since last request: 0.000455 seconds.
  path: Assets/Prefabs/Explosive Barrel (Destroyed).prefab
  artifactKey: Guid(69583eba87a3a60449692cb2c09f4706) Importer(815301076,1909f56bfc062723c751e8b465ee728b)
Start importing Assets/Prefabs/Explosive Barrel (Destroyed).prefab using Guid(69583eba87a3a60449692cb2c09f4706) Importer(815301076,1909f56bfc062723c751e8b465ee728b)  -> (artifact id: 'fed904b65074d5ac4a82cf29f7527c27') in 0.017367 seconds
  Import took 0.022661 seconds .

========================================================================
Received Import Request.
  Time since last request: 0.000238 seconds.
  path: Assets/Prefabs/WaveSpawner.prefab
  artifactKey: Guid(0880deb8157057749b3ff117fcf30ad5) Importer(815301076,1909f56bfc062723c751e8b465ee728b)
Start importing Assets/Prefabs/WaveSpawner.prefab using Guid(0880deb8157057749b3ff117fcf30ad5) Importer(815301076,1909f56bfc062723c751e8b465ee728b)  -> (artifact id: 'ad7df27b9ee6b146badee32bfe446b6e') in 0.008093 seconds
  Import took 0.098712 seconds .

========================================================================
Received Import Request.
  Time since last request: 482.742007 seconds.
  path: Assets/Polygon zombie package/day.mat
  artifactKey: Guid(5dd8eb9c85770c242b95f81c03d21020) Importer(815301076,1909f56bfc062723c751e8b465ee728b)
Start importing Assets/Polygon zombie package/day.mat using Guid(5dd8eb9c85770c242b95f81c03d21020) Importer(815301076,1909f56bfc062723c751e8b465ee728b)  -> (artifact id: 'bc4ce14bf7ae9856b4728c7adc4d1df5') in 1.502375 seconds
  Import took 1.605223 seconds .

========================================================================
Received Import Request.
  Time since last request: 0.008114 seconds.
  path: Assets/Polygon zombie package/night.mat
  artifactKey: Guid(323d6bc1365cd1649862d449835ef75a) Importer(815301076,1909f56bfc062723c751e8b465ee728b)
Start importing Assets/Polygon zombie package/night.mat using Guid(323d6bc1365cd1649862d449835ef75a) Importer(815301076,1909f56bfc062723c751e8b465ee728b)  -> (artifact id: '67909d074ea03f0c3df5b5aa1f379a29') in 0.047419 seconds
  Import took 0.134184 seconds .

========================================================================
Received Import Request.
  Time since last request: 4.853938 seconds.
  path: Assets/Polygon zombie package/Zombie prefabs
  artifactKey: Guid(009fe79cb2579e3469519c2f890a4894) Importer(815301076,1909f56bfc062723c751e8b465ee728b)
Start importing Assets/Polygon zombie package/Zombie prefabs using Guid(009fe79cb2579e3469519c2f890a4894) Importer(815301076,1909f56bfc062723c751e8b465ee728b)  -> (artifact id: '7c0f0543fc25fd0e0a70aeedf750cae5') in 0.018075 seconds
  Import took 0.078571 seconds .

========================================================================
Received Import Request.
  Time since last request: 1.585841 seconds.
  path: Assets/Polygon zombie package/ReadMe.txt
  artifactKey: Guid(fa80bc6cb2bf4a34bb8d7e78cefc8c12) Importer(815301076,1909f56bfc062723c751e8b465ee728b)
Start importing Assets/Polygon zombie package/ReadMe.txt using Guid(fa80bc6cb2bf4a34bb8d7e78cefc8c12) Importer(815301076,1909f56bfc062723c751e8b465ee728b)  -> (artifact id: 'dccb39a64789a1330249b0a8e5dee16e') in 0.074496 seconds
  Import took 0.125325 seconds .

========================================================================
Received Prepare
Registering precompiled user dll's ...
Registered in 0.009234 seconds.
Begin MonoManager ReloadAssembly
Native extension for LinuxStandalone target not found
Native extension for WindowsStandalone target not found
Native extension for OSXStandalone target not found
Native extension for WebGL target not found
Refreshing native plugins compatible for Editor in 1.32 ms, found 0 plugins.
Preloading 0 native plugins for Editor in 0.00 ms.
Warning: Annotation not found!
UnityEngine.StackTraceUtility:ExtractStackTrace ()
UnityEditor.ProBuilder.EditorUtility:SetGizmoIconEnabled (System.Type,bool) (at Library/PackageCache/com.unity.probuilder@4.5.0/Editor/EditorCore/EditorUtility.cs:593)
UnityEditor.ProBuilder.HierarchyListener:.cctor () (at Library/PackageCache/com.unity.probuilder@4.5.0/Editor/EditorCore/HierarchyListener.cs:21)
System.Runtime.CompilerServices.RuntimeHelpers:RunClassConstructor (System.RuntimeTypeHandle)
UnityEditor.EditorAssemblies:ProcessInitializeOnLoadAttributes (System.Type[])

[Library/PackageCache/com.unity.probuilder@4.5.0/Editor/EditorCore/EditorUtility.cs line 593]

Invoked RoslynAnalysisRunner static constructor.
RoslynAnalysisRunner will not be running.
RoslynAnalysisRunner has terminated.
Mono: successfully reloaded assembly
- Completed reload, in  2.566 seconds
Platform modules already initialized, skipping
Refreshing native plugins compatible for Editor in 1.31 ms, found 0 plugins.
Preloading 0 native plugins for Editor in 0.00 ms.
Unloading 1930 Unused Serialized files (Serialized files now loaded: 0)
System memory in use before: 130.9 MB.
System memory in use after: 131.0 MB.

Unloading 30 unused Assets to reduce memory usage. Loaded Objects now: 2499.
Total: 4.064500 ms (FindLiveObjects: 0.317100 ms CreateObjectMapping: 0.092700 ms MarkObjects: 3.522100 ms  DeleteObjects: 0.130600 ms)

========================================================================
Received Import Request.
  Time since last request: 77.802610 seconds.
  path: Assets/Polygon zombie package/mesh.texture
  artifactKey: Guid(b3d630188ca411a47a68f0f843aa333d) Importer(815301076,1909f56bfc062723c751e8b465ee728b)
Start importing Assets/Polygon zombie package/mesh.texture using Guid(b3d630188ca411a47a68f0f843aa333d) Importer(815301076,1909f56bfc062723c751e8b465ee728b)  -> (artifact id: 'dd02e9dfd24d23f45e5a64358e8daa42') in 0.012492 seconds
  Import took 0.043490 seconds .

========================================================================
Received Import Request.
  Time since last request: 0.000483 seconds.
  path: Assets/Polygon zombie package/Zombie prefabs/Zombie B2 Prefab.prefab
  artifactKey: Guid(c7e72cdbd233be24eaa213b50b760ef8) Importer(815301076,1909f56bfc062723c751e8b465ee728b)
Start importing Assets/Polygon zombie package/Zombie prefabs/Zombie B2 Prefab.prefab using Guid(c7e72cdbd233be24eaa213b50b760ef8) Importer(815301076,1909f56bfc062723c751e8b465ee728b)  -> (artifact id: 'ca09d28424f2a8423debd64ed1227308') in 0.303986 seconds
  Import took 0.336391 seconds .

========================================================================
Received Import Request.
  Time since last request: 0.000279 seconds.
  path: Assets/Polygon zombie package/Zombie prefabs/Zombie N Prefab.prefab
  artifactKey: Guid(e4f04b6b72c1db646b2fc841c5785e4d) Importer(815301076,1909f56bfc062723c751e8b465ee728b)
Start importing Assets/Polygon zombie package/Zombie prefabs/Zombie N Prefab.prefab using Guid(e4f04b6b72c1db646b2fc841c5785e4d) Importer(815301076,1909f56bfc062723c751e8b465ee728b)  -> (artifact id: 'c8e049eee9a09103f45a5c8ead1c0945') in 0.165313 seconds
  Import took 0.198385 seconds .

========================================================================
Received Import Request.
  Time since last request: 0.000318 seconds.
  path: Assets/Polygon zombie package/Supermarket prefab/cash register prefab.prefab
  artifactKey: Guid(0ad72a3456f89d64cba3d87c6f38e993) Importer(815301076,1909f56bfc062723c751e8b465ee728b)
Start importing Assets/Polygon zombie package/Supermarket prefab/cash register prefab.prefab using Guid(0ad72a3456f89d64cba3d87c6f38e993) Importer(815301076,1909f56bfc062723c751e8b465ee728b)  -> (artifact id: '7becdaf37b7543d04bc457b63e8770b9') in 0.142102 seconds
  Import took 0.147414 seconds .

========================================================================
Received Import Request.
  Time since last request: 0.000327 seconds.
  path: Assets/Polygon zombie package/Supermarket prefab/cool time prefab.prefab
  artifactKey: Guid(96a70ddec43b1eb4fb31032cd75fd7b4) Importer(815301076,1909f56bfc062723c751e8b465ee728b)
Start importing Assets/Polygon zombie package/Supermarket prefab/cool time prefab.prefab using Guid(96a70ddec43b1eb4fb31032cd75fd7b4) Importer(815301076,1909f56bfc062723c751e8b465ee728b)  -> (artifact id: '687a02ac261d6797383582c539064651') in 0.185385 seconds
  Import took 0.233926 seconds .

========================================================================
Received Import Request.
  Time since last request: 0.000293 seconds.
  path: Assets/Polygon zombie package/Zombie prefabs/Zombie M Prefab.prefab
  artifactKey: Guid(c7b96bd30d9bdfb49ab77ab43d1cac44) Importer(815301076,1909f56bfc062723c751e8b465ee728b)
Start importing Assets/Polygon zombie package/Zombie prefabs/Zombie M Prefab.prefab using Guid(c7b96bd30d9bdfb49ab77ab43d1cac44) Importer(815301076,1909f56bfc062723c751e8b465ee728b)  -> (artifact id: '5db250e5f361ac7684ef49dc0b9a1300') in 0.343548 seconds
  Import took 0.378511 seconds .

========================================================================
Received Import Request.
  Time since last request: 0.000322 seconds.
  path: Assets/Polygon zombie package/Zombie prefabs/Zombie B1 Prefab.prefab
  artifactKey: Guid(7f89a1dce2bcc544c8d39447d69982d5) Importer(815301076,1909f56bfc062723c751e8b465ee728b)
Start importing Assets/Polygon zombie package/Zombie prefabs/Zombie B1 Prefab.prefab using Guid(7f89a1dce2bcc544c8d39447d69982d5) Importer(815301076,1909f56bfc062723c751e8b465ee728b)  -> (artifact id: 'baefd8210d54ceba1d6ecc219682e3c8') in 0.024347 seconds
  Import took 0.196412 seconds .

========================================================================
Received Import Request.
  Time since last request: 0.000323 seconds.
  path: Assets/Polygon zombie package/Supermarket prefab/GlassCoke prefab.prefab
  artifactKey: Guid(d55339d5a4e0b8f41a0448068bd26f4e) Importer(815301076,1909f56bfc062723c751e8b465ee728b)
Start importing Assets/Polygon zombie package/Supermarket prefab/GlassCoke prefab.prefab using Guid(d55339d5a4e0b8f41a0448068bd26f4e) Importer(815301076,1909f56bfc062723c751e8b465ee728b)  -> (artifact id: 'b9b7bade7d77053312de3ce8b659e8dd') in 0.230156 seconds
  Import took 0.286593 seconds .

========================================================================
Received Import Request.
  Time since last request: 0.000296 seconds.
  path: Assets/Polygon zombie package/mesh.texture/Zombie D.fbx
  artifactKey: Guid(d50f1d5de3dacd44fa27385661586e74) Importer(815301076,1909f56bfc062723c751e8b465ee728b)
Start importing Assets/Polygon zombie package/mesh.texture/Zombie D.fbx using Guid(d50f1d5de3dacd44fa27385661586e74) Importer(815301076,1909f56bfc062723c751e8b465ee728b)  -> (artifact id: 'ee743fb98cd37a56596f279ed00b671e') in 1.021132 seconds
  Import took 1.427375 seconds .

========================================================================
Received Import Request.
  Time since last request: 0.000332 seconds.
  path: Assets/Polygon zombie package/mesh.texture/Zombie M.fbx
  artifactKey: Guid(fa5d653a4f9f9a84389c38c7a69767a0) Importer(815301076,1909f56bfc062723c751e8b465ee728b)
Start importing Assets/Polygon zombie package/mesh.texture/Zombie M.fbx using Guid(fa5d653a4f9f9a84389c38c7a69767a0) Importer(815301076,1909f56bfc062723c751e8b465ee728b)  -> (artifact id: 'e2199d51c95690b4ae8b1617d850112a') in 0.057202 seconds
  Import took 0.063229 seconds .

========================================================================
Received Import Request.
  Time since last request: 0.000376 seconds.
  path: Assets/Polygon zombie package/mesh.texture/Zombie N.fbx
  artifactKey: Guid(6ff6d47b92c973e4194a68584da0b04e) Importer(815301076,1909f56bfc062723c751e8b465ee728b)
Start importing Assets/Polygon zombie package/mesh.texture/Zombie N.fbx using Guid(6ff6d47b92c973e4194a68584da0b04e) Importer(815301076,1909f56bfc062723c751e8b465ee728b)  -> (artifact id: 'd826a70ff5fac5760f9f318ab53615e2') in 0.051648 seconds
  Import took 0.089147 seconds .

========================================================================
Received Import Request.
  Time since last request: 0.000301 seconds.
  path: Assets/Polygon zombie package/mesh.texture/Zombie E 1.png
  artifactKey: Guid(e89c9e9cd63d93443aef3f96eb430570) Importer(815301076,1909f56bfc062723c751e8b465ee728b)
Start importing Assets/Polygon zombie package/mesh.texture/Zombie E 1.png using Guid(e89c9e9cd63d93443aef3f96eb430570) Importer(815301076,1909f56bfc062723c751e8b465ee728b)  -> (artifact id: 'a96b0302a2e8d09b2685477a2a058028') in 0.295802 seconds
  Import took 0.349873 seconds .

========================================================================
Received Import Request.
  Time since last request: 0.000308 seconds.
  path: Assets/Polygon zombie package/mesh.texture/zombie P.png
  artifactKey: Guid(0ca672a41f2e7aa4781d34046b6bc19e) Importer(815301076,1909f56bfc062723c751e8b465ee728b)
Start importing Assets/Polygon zombie package/mesh.texture/zombie P.png using Guid(0ca672a41f2e7aa4781d34046b6bc19e) Importer(815301076,1909f56bfc062723c751e8b465ee728b)  -> (artifact id: '1581d0f158e9c16d8739c7d5f3d392fc') in 0.104082 seconds
  Import took 0.134048 seconds .

========================================================================
Received Import Request.
  Time since last request: 0.000309 seconds.
  path: Assets/Polygon zombie package/Supermarket prefab/railing prefab.prefab
  artifactKey: Guid(ac7c49b9898c40446bb72dea091abe2f) Importer(815301076,1909f56bfc062723c751e8b465ee728b)
Start importing Assets/Polygon zombie package/Supermarket prefab/railing prefab.prefab using Guid(ac7c49b9898c40446bb72dea091abe2f) Importer(815301076,1909f56bfc062723c751e8b465ee728b)  -> (artifact id: 'dd32f8f5e18f4f2511fdda9611d3c40a') in 0.102859 seconds
  Import took 0.134155 seconds .

========================================================================
Received Import Request.
  Time since last request: 0.000302 seconds.
  path: Assets/Polygon zombie package/Supermarket prefab/Pot_tree prefab.prefab
  artifactKey: Guid(8e00364320862a746a6e67a5af5e5979) Importer(815301076,1909f56bfc062723c751e8b465ee728b)
Start importing Assets/Polygon zombie package/Supermarket prefab/Pot_tree prefab.prefab using Guid(8e00364320862a746a6e67a5af5e5979) Importer(815301076,1909f56bfc062723c751e8b465ee728b)  -> (artifact id: '108951401c03e3bab7305727b1a4a11e') in 0.175648 seconds
  Import took 0.201945 seconds .

========================================================================
Received Import Request.
  Time since last request: 0.000299 seconds.
  path: Assets/Polygon zombie package/mesh.texture/Zombie J.fbx
  artifactKey: Guid(f33712da9292b0d44aecc6b60d9a0589) Importer(815301076,1909f56bfc062723c751e8b465ee728b)
Start importing Assets/Polygon zombie package/mesh.texture/Zombie J.fbx using Guid(f33712da9292b0d44aecc6b60d9a0589) Importer(815301076,1909f56bfc062723c751e8b465ee728b)  -> (artifact id: '67e46a10d1fd6201df73592788a2b0f8') in 0.268108 seconds
  Import took 0.293497 seconds .

========================================================================
Received Import Request.
  Time since last request: 0.000430 seconds.
  path: Assets/Polygon zombie package/mesh.texture/Zombie H.fbx
  artifactKey: Guid(3a94f0da7ffa721478f398cab420dbee) Importer(815301076,1909f56bfc062723c751e8b465ee728b)
Start importing Assets/Polygon zombie package/mesh.texture/Zombie H.fbx using Guid(3a94f0da7ffa721478f398cab420dbee) Importer(815301076,1909f56bfc062723c751e8b465ee728b)  -> (artifact id: '980e4fe9730a044890dd026f6030ff12') in 0.048830 seconds
  Import took 0.078541 seconds .

========================================================================
Received Import Request.
  Time since last request: 0.000299 seconds.
  path: Assets/Polygon zombie package/mesh.texture/Zombie F.fbx
  artifactKey: Guid(2042c8a74cf9c8f49974c9913118ad9e) Importer(815301076,1909f56bfc062723c751e8b465ee728b)
Start importing Assets/Polygon zombie package/mesh.texture/Zombie F.fbx using Guid(2042c8a74cf9c8f49974c9913118ad9e) Importer(815301076,1909f56bfc062723c751e8b465ee728b)  -> (artifact id: '8ba5679abbad0826e4cf028f2d58a294') in 0.122107 seconds
  Import took 0.158505 seconds .

========================================================================
Received Import Request.
  Time since last request: 0.000306 seconds.
  path: Assets/Polygon zombie package/Supermarket prefab
  artifactKey: Guid(b674e077d11a35b4cac0a586bd1780e9) Importer(815301076,1909f56bfc062723c751e8b465ee728b)
Start importing Assets/Polygon zombie package/Supermarket prefab using Guid(b674e077d11a35b4cac0a586bd1780e9) Importer(815301076,1909f56bfc062723c751e8b465ee728b)  -> (artifact id: '93fda4b260f54d8fce54658da894c64c') in 0.022312 seconds
  Import took 0.041497 seconds .

========================================================================
Received Import Request.
  Time since last request: 0.000433 seconds.
  path: Assets/Polygon zombie package/mesh.texture/Zombie K.fbx
  artifactKey: Guid(373041783e64b364a8e05febf6f6baee) Importer(815301076,1909f56bfc062723c751e8b465ee728b)
Start importing Assets/Polygon zombie package/mesh.texture/Zombie K.fbx using Guid(373041783e64b364a8e05febf6f6baee) Importer(815301076,1909f56bfc062723c751e8b465ee728b)  -> (artifact id: '21c38e7007d1916c378b00e49ddde490') in 0.217483 seconds
  Import took 0.252372 seconds .

========================================================================
Received Import Request.
  Time since last request: 0.000329 seconds.
  path: Assets/Polygon zombie package/mesh.texture/zombie p.fbx
  artifactKey: Guid(345309c3b79f7d44a92c06d662be0d38) Importer(815301076,1909f56bfc062723c751e8b465ee728b)
Start importing Assets/Polygon zombie package/mesh.texture/zombie p.fbx using Guid(345309c3b79f7d44a92c06d662be0d38) Importer(815301076,1909f56bfc062723c751e8b465ee728b)  -> (artifact id: '967fa122c99493a566ce3a093619cc11') in 0.190626 seconds
  Import took 0.216047 seconds .

========================================================================
Received Import Request.
  Time since last request: 0.000281 seconds.
  path: Assets/Polygon zombie package/Zombie prefabs/Zombie F Prefab.prefab
  artifactKey: Guid(2545c22cbd874fd4f959688beeeb84fe) Importer(815301076,1909f56bfc062723c751e8b465ee728b)
Start importing Assets/Polygon zombie package/Zombie prefabs/Zombie F Prefab.prefab using Guid(2545c22cbd874fd4f959688beeeb84fe) Importer(815301076,1909f56bfc062723c751e8b465ee728b)  -> (artifact id: 'cf7e7f512e71ca393c61754687d6cd62') in 0.059345 seconds
  Import took 0.089612 seconds .

========================================================================
Received Import Request.
  Time since last request: 0.000296 seconds.
  path: Assets/Polygon zombie package/Zombie prefabs/Zombie I Prefab.prefab
  artifactKey: Guid(0b22e89abf82dad4d94db9317a86fce8) Importer(815301076,1909f56bfc062723c751e8b465ee728b)
Start importing Assets/Polygon zombie package/Zombie prefabs/Zombie I Prefab.prefab using Guid(0b22e89abf82dad4d94db9317a86fce8) Importer(815301076,1909f56bfc062723c751e8b465ee728b)  -> (artifact id: 'e995c49f3a3a636d5495646b6b0cc67d') in 0.041719 seconds
  Import took 0.075870 seconds .

========================================================================
Received Import Request.
  Time since last request: 0.000286 seconds.
  path: Assets/Polygon zombie package/Supermarket prefab/lamp prefab.prefab
  artifactKey: Guid(b2a07f71d1435654a9b5dc08935e815d) Importer(815301076,1909f56bfc062723c751e8b465ee728b)
Start importing Assets/Polygon zombie package/Supermarket prefab/lamp prefab.prefab using Guid(b2a07f71d1435654a9b5dc08935e815d) Importer(815301076,1909f56bfc062723c751e8b465ee728b)  -> (artifact id: '071f712f21ba13160a48d8b4cc47eec8') in 0.152181 seconds
  Import took 0.189890 seconds .

========================================================================
Received Import Request.
  Time since last request: 0.000267 seconds.
  path: Assets/Polygon zombie package/mesh.texture/Zombie G.fbx
  artifactKey: Guid(66fe560c63d034d40a4bf97db1ea027f) Importer(815301076,1909f56bfc062723c751e8b465ee728b)
Start importing Assets/Polygon zombie package/mesh.texture/Zombie G.fbx using Guid(66fe560c63d034d40a4bf97db1ea027f) Importer(815301076,1909f56bfc062723c751e8b465ee728b)  -> (artifact id: 'f170b9e353ab075af52ee03cddac7998') in 0.178952 seconds
  Import took 0.205152 seconds .

========================================================================
Received Import Request.
  Time since last request: 0.000311 seconds.
  path: Assets/Polygon zombie package/Supermarket prefab/checkOut prefab.prefab
  artifactKey: Guid(562b0ce36d512fa4091b1b21def068eb) Importer(815301076,1909f56bfc062723c751e8b465ee728b)
Start importing Assets/Polygon zombie package/Supermarket prefab/checkOut prefab.prefab using Guid(562b0ce36d512fa4091b1b21def068eb) Importer(815301076,1909f56bfc062723c751e8b465ee728b)  -> (artifact id: 'ef40ca3a07b65b335f34005df7537afe') in 0.163998 seconds
  Import took 0.196542 seconds .

========================================================================
Received Import Request.
  Time since last request: 0.000251 seconds.
  path: Assets/Polygon zombie package/Supermarket prefab/air conditioner wall Prefab.prefab
  artifactKey: Guid(3efcc829b17627b42be7c2557c91a937) Importer(815301076,1909f56bfc062723c751e8b465ee728b)
Start importing Assets/Polygon zombie package/Supermarket prefab/air conditioner wall Prefab.prefab using Guid(3efcc829b17627b42be7c2557c91a937) Importer(815301076,1909f56bfc062723c751e8b465ee728b)  -> (artifact id: '2b211e53edf60a41ae9675d2d393d6bb') in 0.117222 seconds
  Import took 0.147145 seconds .

========================================================================
Received Import Request.
  Time since last request: 0.000325 seconds.
  path: Assets/Polygon zombie package/Supermarket prefab/Hydrant prefab.prefab
  artifactKey: Guid(720c78343d80ef349af66886a0c6515d) Importer(815301076,1909f56bfc062723c751e8b465ee728b)
Start importing Assets/Polygon zombie package/Supermarket prefab/Hydrant prefab.prefab using Guid(720c78343d80ef349af66886a0c6515d) Importer(815301076,1909f56bfc062723c751e8b465ee728b)  -> (artifact id: '00899bf23124e14fa9ce5fdd3721eb7b') in 0.116609 seconds
  Import took 0.135812 seconds .

========================================================================
Received Import Request.
  Time since last request: 0.000300 seconds.
  path: Assets/Polygon zombie package/Zombie prefabs/Zombie Q Prefab.prefab
  artifactKey: Guid(c6f0d81e53ff4474f96f6410a24a4a09) Importer(815301076,1909f56bfc062723c751e8b465ee728b)
Start importing Assets/Polygon zombie package/Zombie prefabs/Zombie Q Prefab.prefab using Guid(c6f0d81e53ff4474f96f6410a24a4a09) Importer(815301076,1909f56bfc062723c751e8b465ee728b)  -> (artifact id: '4ad57bc5c9305a9ea7e56c0f17dd4825') in 0.064354 seconds
  Import took 0.102312 seconds .

========================================================================
Received Import Request.
  Time since last request: 0.000285 seconds.
  path: Assets/Polygon zombie package/mesh.texture/Zombie R.png
  artifactKey: Guid(9766ed0ed6845ac47ae1d76204dff056) Importer(815301076,1909f56bfc062723c751e8b465ee728b)
Start importing Assets/Polygon zombie package/mesh.texture/Zombie R.png using Guid(9766ed0ed6845ac47ae1d76204dff056) Importer(815301076,1909f56bfc062723c751e8b465ee728b)  -> (artifact id: '2fc44a13e1391daefb9f21b0b5a0c052') in 0.013789 seconds
  Import took 0.018739 seconds .

========================================================================
Received Import Request.
  Time since last request: 0.000305 seconds.
  path: Assets/Polygon zombie package/Supermarket prefab/Safe prefab.prefab
  artifactKey: Guid(829d8b11465306b428baf10b3782ad28) Importer(815301076,1909f56bfc062723c751e8b465ee728b)
Start importing Assets/Polygon zombie package/Supermarket prefab/Safe prefab.prefab using Guid(829d8b11465306b428baf10b3782ad28) Importer(815301076,1909f56bfc062723c751e8b465ee728b)  -> (artifact id: '4d52b92082493f0453d81c60d70eb32e') in 0.121255 seconds
  Import took 0.142919 seconds .

========================================================================
Received Import Request.
  Time since last request: 0.000301 seconds.
  path: Assets/Polygon zombie package/mesh.texture/Zombie B 2.png
  artifactKey: Guid(26263038c8d047e4b9ffa0c2c29c4815) Importer(815301076,1909f56bfc062723c751e8b465ee728b)
Start importing Assets/Polygon zombie package/mesh.texture/Zombie B 2.png using Guid(26263038c8d047e4b9ffa0c2c29c4815) Importer(815301076,1909f56bfc062723c751e8b465ee728b)  -> (artifact id: '49e2a408492626805d22948e4da8a53c') in 0.013189 seconds
  Import took 0.025135 seconds .

========================================================================
Received Import Request.
  Time since last request: 0.000290 seconds.
  path: Assets/Polygon zombie package/Supermarket prefab/Fruitshelft prefab.prefab
  artifactKey: Guid(4a703ff5dbbc9e64e86bd2ebca2ee353) Importer(815301076,1909f56bfc062723c751e8b465ee728b)
Start importing Assets/Polygon zombie package/Supermarket prefab/Fruitshelft prefab.prefab using Guid(4a703ff5dbbc9e64e86bd2ebca2ee353) Importer(815301076,1909f56bfc062723c751e8b465ee728b)  -> (artifact id: '14fb5ea3670f90f21dd389792edc4256') in 0.137468 seconds
  Import took 0.164014 seconds .

========================================================================
Received Import Request.
  Time since last request: 0.000342 seconds.
  path: Assets/Polygon zombie package/mesh.texture/Zombie N.png
  artifactKey: Guid(ada8da789b874444e84c99142df9106d) Importer(815301076,1909f56bfc062723c751e8b465ee728b)
Start importing Assets/Polygon zombie package/mesh.texture/Zombie N.png using Guid(ada8da789b874444e84c99142df9106d) Importer(815301076,1909f56bfc062723c751e8b465ee728b)  -> (artifact id: 'd2d2b70ae0380c53f0e0e3fd5baad15f') in 0.012963 seconds
  Import took 0.018003 seconds .

========================================================================
Received Import Request.
  Time since last request: 0.000294 seconds.
  path: Assets/Polygon zombie package/mesh.texture/zombie B.fbx
  artifactKey: Guid(2e154b8c67a6b2347b55532eeb7429da) Importer(815301076,1909f56bfc062723c751e8b465ee728b)
Start importing Assets/Polygon zombie package/mesh.texture/zombie B.fbx using Guid(2e154b8c67a6b2347b55532eeb7429da) Importer(815301076,1909f56bfc062723c751e8b465ee728b)  -> (artifact id: '5575005fe92fc4ec6a577f64f4857d83') in 0.049633 seconds
  Import took 0.055888 seconds .

========================================================================
Received Import Request.
  Time since last request: 0.000334 seconds.
  path: Assets/Polygon zombie package/mesh.texture/Zombie O.png
  artifactKey: Guid(50b42769bfe755d40b2cb8f3bad95ec8) Importer(815301076,1909f56bfc062723c751e8b465ee728b)
Start importing Assets/Polygon zombie package/mesh.texture/Zombie O.png using Guid(50b42769bfe755d40b2cb8f3bad95ec8) Importer(815301076,1909f56bfc062723c751e8b465ee728b)  -> (artifact id: '14442f5415f0fa2d2f3006658cba470e') in 0.088819 seconds
  Import took 0.115939 seconds .

========================================================================
Received Import Request.
  Time since last request: 0.000352 seconds.
  path: Assets/Polygon zombie package/Supermarket prefab/ColaMachine prefab.prefab
  artifactKey: Guid(2bf7da734f1a8224fb14055902b5b343) Importer(815301076,1909f56bfc062723c751e8b465ee728b)
Start importing Assets/Polygon zombie package/Supermarket prefab/ColaMachine prefab.prefab using Guid(2bf7da734f1a8224fb14055902b5b343) Importer(815301076,1909f56bfc062723c751e8b465ee728b)  -> (artifact id: '1893c8632535b8879cd0f9a81f397673') in 0.233440 seconds
  Import took 0.238579 seconds .

========================================================================
Received Import Request.
  Time since last request: 0.000329 seconds.
  path: Assets/Polygon zombie package/Supermarket prefab/carton 5 prefab.prefab
  artifactKey: Guid(b4a143281e4aeee4c8d66290d10490ab) Importer(815301076,1909f56bfc062723c751e8b465ee728b)
Start importing Assets/Polygon zombie package/Supermarket prefab/carton 5 prefab.prefab using Guid(b4a143281e4aeee4c8d66290d10490ab) Importer(815301076,1909f56bfc062723c751e8b465ee728b)  -> (artifact id: '9975b8d90808ff2a0c81d79d91ebefa8') in 0.181391 seconds
  Import took 0.204078 seconds .

========================================================================
Received Import Request.
  Time since last request: 0.000312 seconds.
  path: Assets/Polygon zombie package/mesh.texture/Zombie B 1.png
  artifactKey: Guid(266094a35f40f6d42a26630de36ead87) Importer(815301076,1909f56bfc062723c751e8b465ee728b)
Start importing Assets/Polygon zombie package/mesh.texture/Zombie B 1.png using Guid(266094a35f40f6d42a26630de36ead87) Importer(815301076,1909f56bfc062723c751e8b465ee728b)  -> (artifact id: 'ecf410261cc78e177ff1bddc94d1da8d') in 0.013120 seconds
  Import took 0.017915 seconds .

========================================================================
Received Import Request.
  Time since last request: 0.000273 seconds.
  path: Assets/Polygon zombie package/mesh.texture/Zombie F 1.png
  artifactKey: Guid(334567bae819ade498449a662ab01793) Importer(815301076,1909f56bfc062723c751e8b465ee728b)
Start importing Assets/Polygon zombie package/mesh.texture/Zombie F 1.png using Guid(334567bae819ade498449a662ab01793) Importer(815301076,1909f56bfc062723c751e8b465ee728b)  -> (artifact id: 'e96c5fb90342b675e28ec8f545fd59d4') in 0.014426 seconds
  Import took 0.019315 seconds .

========================================================================
Received Import Request.
  Time since last request: 0.000265 seconds.
  path: Assets/Polygon zombie package/Supermarket prefab/carton 2 prefab.prefab
  artifactKey: Guid(599134b029f46a7499877d070d6baa3c) Importer(815301076,1909f56bfc062723c751e8b465ee728b)
Start importing Assets/Polygon zombie package/Supermarket prefab/carton 2 prefab.prefab using Guid(599134b029f46a7499877d070d6baa3c) Importer(815301076,1909f56bfc062723c751e8b465ee728b)  -> (artifact id: 'cfe477d924b63cd53e477039262de139') in 0.098212 seconds
  Import took 0.103362 seconds .

========================================================================
Received Import Request.
  Time since last request: 0.000260 seconds.
  path: Assets/Polygon zombie package/mesh.texture/zombie c.fbx
  artifactKey: Guid(78a58b1657d87bb4bb38e3c7c79bf30c) Importer(815301076,1909f56bfc062723c751e8b465ee728b)
Start importing Assets/Polygon zombie package/mesh.texture/zombie c.fbx using Guid(78a58b1657d87bb4bb38e3c7c79bf30c) Importer(815301076,1909f56bfc062723c751e8b465ee728b)  -> (artifact id: 'd81399eb4fa17256524cfc9e9bc759f2') in 0.050422 seconds
  Import took 0.055704 seconds .

========================================================================
Received Import Request.
  Time since last request: 0.000256 seconds.
  path: Assets/Polygon zombie package/Supermarket prefab/carton 6 prefab.prefab
  artifactKey: Guid(836373eadf7a91548949b44adbdbf61a) Importer(815301076,1909f56bfc062723c751e8b465ee728b)
Start importing Assets/Polygon zombie package/Supermarket prefab/carton 6 prefab.prefab using Guid(836373eadf7a91548949b44adbdbf61a) Importer(815301076,1909f56bfc062723c751e8b465ee728b)  -> (artifact id: '0bd6216621cd3f0172ca5eabe311a944') in 0.052106 seconds
  Import took 0.057054 seconds .

========================================================================
Received Import Request.
  Time since last request: 0.000345 seconds.
  path: Assets/Polygon zombie package/mesh.texture/zombie k.png
  artifactKey: Guid(d89a9083ef9e2364ca345b83f5acd18b) Importer(815301076,1909f56bfc062723c751e8b465ee728b)
Start importing Assets/Polygon zombie package/mesh.texture/zombie k.png using Guid(d89a9083ef9e2364ca345b83f5acd18b) Importer(815301076,1909f56bfc062723c751e8b465ee728b)  -> (artifact id: 'e9c7c58b5124ff6f6b36778688f85f57') in 0.014490 seconds
  Import took 0.042072 seconds .

========================================================================
Received Import Request.
  Time since last request: 0.000274 seconds.
  path: Assets/Polygon zombie package/Supermarket prefab/carton 3 prefab.prefab
  artifactKey: Guid(4c266ac10f86e4f43a9e50cea261bb09) Importer(815301076,1909f56bfc062723c751e8b465ee728b)
Start importing Assets/Polygon zombie package/Supermarket prefab/carton 3 prefab.prefab using Guid(4c266ac10f86e4f43a9e50cea261bb09) Importer(815301076,1909f56bfc062723c751e8b465ee728b)  -> (artifact id: '9aa91497c5227ac28b454278ed51e5df') in 0.060597 seconds
  Import took 0.065526 seconds .

========================================================================
Received Import Request.
  Time since last request: 0.000285 seconds.
  path: Assets/Polygon zombie package/mesh.texture/zombie A.fbx
  artifactKey: Guid(2d08f5743fefe6544b433a666f476945) Importer(815301076,1909f56bfc062723c751e8b465ee728b)
Start importing Assets/Polygon zombie package/mesh.texture/zombie A.fbx using Guid(2d08f5743fefe6544b433a666f476945) Importer(815301076,1909f56bfc062723c751e8b465ee728b)  -> (artifact id: '1f64eb97cb8ce1b30ae59a9b14ebe67f') in 0.105332 seconds
  Import took 0.555335 seconds .

========================================================================
Received Import Request.
  Time since last request: 0.000303 seconds.
  path: Assets/Polygon zombie package/Supermarket prefab/Metal door2x2 prefab.prefab
  artifactKey: Guid(7cd75c2d90cf9d348a950fcf0bb0b98c) Importer(815301076,1909f56bfc062723c751e8b465ee728b)
Start importing Assets/Polygon zombie package/Supermarket prefab/Metal door2x2 prefab.prefab using Guid(7cd75c2d90cf9d348a950fcf0bb0b98c) Importer(815301076,1909f56bfc062723c751e8b465ee728b)  -> (artifact id: '9d7a1222a6ffbfa9b929782a165b2f20') in 0.257806 seconds
  Import took 0.263018 seconds .

========================================================================
Received Import Request.
  Time since last request: 0.000289 seconds.
  path: Assets/Polygon zombie package/Supermarket prefab/office chair prefab.prefab
  artifactKey: Guid(7b81ed1f1c3f906428cf7a2775eba745) Importer(815301076,1909f56bfc062723c751e8b465ee728b)
Start importing Assets/Polygon zombie package/Supermarket prefab/office chair prefab.prefab using Guid(7b81ed1f1c3f906428cf7a2775eba745) Importer(815301076,1909f56bfc062723c751e8b465ee728b)  -> (artifact id: '9fcca933dd4ad4e0e6ee060418cfd339') in 0.126159 seconds
  Import took 0.131050 seconds .

========================================================================
Received Import Request.
  Time since last request: 0.000324 seconds.
  path: Assets/Polygon zombie package/Supermarket prefab/office cabinet prefab.prefab
  artifactKey: Guid(1d57082b7885491479ec54b13fa87533) Importer(815301076,1909f56bfc062723c751e8b465ee728b)
Start importing Assets/Polygon zombie package/Supermarket prefab/office cabinet prefab.prefab using Guid(1d57082b7885491479ec54b13fa87533) Importer(815301076,1909f56bfc062723c751e8b465ee728b)  -> (artifact id: 'ab9e28f919bf6687e5ddf272006f64de') in 0.114612 seconds
  Import took 0.143392 seconds .

========================================================================
Received Import Request.
  Time since last request: 0.000315 seconds.
  path: Assets/Polygon zombie package/mesh.texture/Zombie A.png
  artifactKey: Guid(891f7fc3442029e49a2e02747f01cec4) Importer(815301076,1909f56bfc062723c751e8b465ee728b)
Start importing Assets/Polygon zombie package/mesh.texture/Zombie A.png using Guid(891f7fc3442029e49a2e02747f01cec4) Importer(815301076,1909f56bfc062723c751e8b465ee728b)  -> (artifact id: 'fdcc6a7caa715ec4965ad64c32ac9447') in 0.070473 seconds
  Import took 0.104939 seconds .

========================================================================
Received Import Request.
  Time since last request: 0.000294 seconds.
  path: Assets/Polygon zombie package/mesh.texture/Zombie M.png
  artifactKey: Guid(f51ffa4ad05ce7f4abea89a73b66e9ce) Importer(815301076,1909f56bfc062723c751e8b465ee728b)
Start importing Assets/Polygon zombie package/mesh.texture/Zombie M.png using Guid(f51ffa4ad05ce7f4abea89a73b66e9ce) Importer(815301076,1909f56bfc062723c751e8b465ee728b)  -> (artifact id: 'b0d35007727c69448ed96968dff7a5f8') in 0.014224 seconds
  Import took 0.021752 seconds .

========================================================================
Received Import Request.
  Time since last request: 0.000278 seconds.
  path: Assets/Polygon zombie package/Supermarket prefab/pallet prefab.prefab
  artifactKey: Guid(5bbbbc37c1ab2b64984fb65c08a73f1c) Importer(815301076,1909f56bfc062723c751e8b465ee728b)
Start importing Assets/Polygon zombie package/Supermarket prefab/pallet prefab.prefab using Guid(5bbbbc37c1ab2b64984fb65c08a73f1c) Importer(815301076,1909f56bfc062723c751e8b465ee728b)  -> (artifact id: '6d45161634fde24be1e6874271b8bdfe') in 0.139862 seconds
  Import took 0.144819 seconds .

========================================================================
Received Import Request.
  Time since last request: 0.000283 seconds.
  path: Assets/Polygon zombie package/mesh.texture/Zombie E.fbx
  artifactKey: Guid(5d7c9e9eea265fb4f8de5690d8273077) Importer(815301076,1909f56bfc062723c751e8b465ee728b)
Start importing Assets/Polygon zombie package/mesh.texture/Zombie E.fbx using Guid(5d7c9e9eea265fb4f8de5690d8273077) Importer(815301076,1909f56bfc062723c751e8b465ee728b)  -> (artifact id: 'e675dc37eeb0f4252385f72861c0fcce') in 0.091549 seconds
  Import took 0.237343 seconds .

========================================================================
Received Import Request.
  Time since last request: 0.000290 seconds.
  path: Assets/Polygon zombie package/mesh.texture/zombie Q.png
  artifactKey: Guid(0a04c024c2a1cea4cb64a42a7049b7c8) Importer(815301076,1909f56bfc062723c751e8b465ee728b)
Start importing Assets/Polygon zombie package/mesh.texture/zombie Q.png using Guid(0a04c024c2a1cea4cb64a42a7049b7c8) Importer(815301076,1909f56bfc062723c751e8b465ee728b)  -> (artifact id: '126890a931373ce527ba5a2b7e9c5423') in 0.014816 seconds
  Import took 0.077990 seconds .

========================================================================
Received Import Request.
  Time since last request: 0.000348 seconds.
  path: Assets/Polygon zombie package/Supermarket prefab/Sideway 4 prefab.prefab
  artifactKey: Guid(f24cfa7ea7c5c764dad9dddadf04cde2) Importer(815301076,1909f56bfc062723c751e8b465ee728b)
Start importing Assets/Polygon zombie package/Supermarket prefab/Sideway 4 prefab.prefab using Guid(f24cfa7ea7c5c764dad9dddadf04cde2) Importer(815301076,1909f56bfc062723c751e8b465ee728b)  -> (artifact id: '9cd76bd130ec0069605522e95458a96f') in 0.114528 seconds
  Import took 0.119510 seconds .

========================================================================
Received Import Request.
  Time since last request: 0.000278 seconds.
  path: Assets/Polygon zombie package/Zombie prefabs/Zombie C Prefab.prefab
  artifactKey: Guid(9459ff7e87b0c0e44abc9bb1663b459d) Importer(815301076,1909f56bfc062723c751e8b465ee728b)
Start importing Assets/Polygon zombie package/Zombie prefabs/Zombie C Prefab.prefab using Guid(9459ff7e87b0c0e44abc9bb1663b459d) Importer(815301076,1909f56bfc062723c751e8b465ee728b)  -> (artifact id: 'c3da4cee49aef823b87e6ce43977647d') in 0.042845 seconds
  Import took 0.097691 seconds .

========================================================================
Received Import Request.
  Time since last request: 0.000299 seconds.
  path: Assets/Polygon zombie package/Supermarket prefab/drain 2 prefab.prefab
  artifactKey: Guid(cc198c66ba240c946b6f10f40c60795a) Importer(815301076,1909f56bfc062723c751e8b465ee728b)
Start importing Assets/Polygon zombie package/Supermarket prefab/drain 2 prefab.prefab using Guid(cc198c66ba240c946b6f10f40c60795a) Importer(815301076,1909f56bfc062723c751e8b465ee728b)  -> (artifact id: 'ae49348d4ec25777c73aff3fb1e3b745') in 0.099593 seconds
  Import took 0.105949 seconds .

========================================================================
Received Import Request.
  Time since last request: 0.000292 seconds.
  path: Assets/Polygon zombie package/mesh.texture/Zombie I.fbx
  artifactKey: Guid(2bf59832971676a4ab199ee53621a1ea) Importer(815301076,1909f56bfc062723c751e8b465ee728b)
Start importing Assets/Polygon zombie package/mesh.texture/Zombie I.fbx using Guid(2bf59832971676a4ab199ee53621a1ea) Importer(815301076,1909f56bfc062723c751e8b465ee728b)  -> (artifact id: 'e3fc8e7ed128670b0a48b46939c2ef8f') in 0.038399 seconds
  Import took 0.043594 seconds .

========================================================================
Received Import Request.
  Time since last request: 0.000293 seconds.
  path: Assets/Polygon zombie package/Supermarket prefab/shopping cart prefab.prefab
  artifactKey: Guid(e70233268e8d3e64187fc14a41cacef0) Importer(815301076,1909f56bfc062723c751e8b465ee728b)
Start importing Assets/Polygon zombie package/Supermarket prefab/shopping cart prefab.prefab using Guid(e70233268e8d3e64187fc14a41cacef0) Importer(815301076,1909f56bfc062723c751e8b465ee728b)  -> (artifact id: '8bed22ab6fa1da6e2b13aef5e6e3f39f') in 0.311757 seconds
  Import took 0.316765 seconds .

========================================================================
Received Import Request.
  Time since last request: 0.000304 seconds.
  path: Assets/Polygon zombie package/mesh.texture/Zombie R.fbx
  artifactKey: Guid(96ed8eff16c021b4cbc6f1c9629f51fc) Importer(815301076,1909f56bfc062723c751e8b465ee728b)
Start importing Assets/Polygon zombie package/mesh.texture/Zombie R.fbx using Guid(96ed8eff16c021b4cbc6f1c9629f51fc) Importer(815301076,1909f56bfc062723c751e8b465ee728b)  -> (artifact id: '806086db9d51e9393ac9161313dd6685') in 0.067168 seconds
  Import took 0.109773 seconds .

========================================================================
Received Import Request.
  Time since last request: 0.000328 seconds.
  path: Assets/Polygon zombie package/Supermarket prefab/Bush 2 prefab.prefab
  artifactKey: Guid(6ebfc6898dc70814c86bb78d43e72a9c) Importer(815301076,1909f56bfc062723c751e8b465ee728b)
Start importing Assets/Polygon zombie package/Supermarket prefab/Bush 2 prefab.prefab using Guid(6ebfc6898dc70814c86bb78d43e72a9c) Importer(815301076,1909f56bfc062723c751e8b465ee728b)  -> (artifact id: 'f3cf948634b91b44688d8be8d64e4440') in 0.413923 seconds
  Import took 0.456834 seconds .

========================================================================
Received Import Request.
  Time since last request: 0.000352 seconds.
  path: Assets/Polygon zombie package/Zombie prefabs/Zombie T prefab.prefab
  artifactKey: Guid(4ed9c6a88176ac747b2c2f5b13b6e851) Importer(815301076,1909f56bfc062723c751e8b465ee728b)
Start importing Assets/Polygon zombie package/Zombie prefabs/Zombie T prefab.prefab using Guid(4ed9c6a88176ac747b2c2f5b13b6e851) Importer(815301076,1909f56bfc062723c751e8b465ee728b)  -> (artifact id: '894682f73d8c97ca364d6b64bc74de85') in 0.044018 seconds
  Import took 0.049887 seconds .

========================================================================
Received Import Request.
  Time since last request: 0.000262 seconds.
  path: Assets/Polygon zombie package/Supermarket prefab/carton 4 prefab.prefab
  artifactKey: Guid(46078c169788e5a468e5afb96fe56beb) Importer(815301076,1909f56bfc062723c751e8b465ee728b)
Start importing Assets/Polygon zombie package/Supermarket prefab/carton 4 prefab.prefab using Guid(46078c169788e5a468e5afb96fe56beb) Importer(815301076,1909f56bfc062723c751e8b465ee728b)  -> (artifact id: '935b042265e21b5e28fb204f8071ffd7') in 0.052018 seconds
  Import took 0.056895 seconds .

========================================================================
Received Import Request.
  Time since last request: 0.000290 seconds.
  path: Assets/Polygon zombie package/Supermarket prefab/Grid window 1.2 x 0.8 prefab.prefab
  artifactKey: Guid(9c4c5524fc1210f48a7966bed0699dad) Importer(815301076,1909f56bfc062723c751e8b465ee728b)
Start importing Assets/Polygon zombie package/Supermarket prefab/Grid window 1.2 x 0.8 prefab.prefab using Guid(9c4c5524fc1210f48a7966bed0699dad) Importer(815301076,1909f56bfc062723c751e8b465ee728b)  -> (artifact id: '95d2685ad2879146db1f37f58d38fd32') in 0.101105 seconds
  Import took 0.126092 seconds .

========================================================================
Received Import Request.
  Time since last request: 0.000300 seconds.
  path: Assets/Polygon zombie package/Zombie prefabs/Zombie O Prefab.prefab
  artifactKey: Guid(95fabbf19ac6e4c468fb0e9006174c20) Importer(815301076,1909f56bfc062723c751e8b465ee728b)
Start importing Assets/Polygon zombie package/Zombie prefabs/Zombie O Prefab.prefab using Guid(95fabbf19ac6e4c468fb0e9006174c20) Importer(815301076,1909f56bfc062723c751e8b465ee728b)  -> (artifact id: 'b269d22e0682c6d93702c40e17ca9682') in 0.144189 seconds
  Import took 0.149990 seconds .

========================================================================
Received Import Request.
  Time since last request: 0.000291 seconds.
  path: Assets/Polygon zombie package/Zombie prefabs/Zombie A Prefab.prefab
  artifactKey: Guid(f1851660e8e43df4480fc7deebe4e4b5) Importer(815301076,1909f56bfc062723c751e8b465ee728b)
Start importing Assets/Polygon zombie package/Zombie prefabs/Zombie A Prefab.prefab using Guid(f1851660e8e43df4480fc7deebe4e4b5) Importer(815301076,1909f56bfc062723c751e8b465ee728b)  -> (artifact id: '2549caacfd8e058ef6a60d411197b914') in 0.077540 seconds
  Import took 0.101776 seconds .

========================================================================
Received Import Request.
  Time since last request: 0.000326 seconds.
  path: Assets/Polygon zombie package/Zombie prefabs/Zombie E Prefab.prefab
  artifactKey: Guid(cbe686e54b8cfed4c903e93278a80d64) Importer(815301076,1909f56bfc062723c751e8b465ee728b)
Start importing Assets/Polygon zombie package/Zombie prefabs/Zombie E Prefab.prefab using Guid(cbe686e54b8cfed4c903e93278a80d64) Importer(815301076,1909f56bfc062723c751e8b465ee728b)  -> (artifact id: 'aaab2f42b8524b443e67479b772610de') in 0.046934 seconds
  Import took 0.052080 seconds .

========================================================================
Received Import Request.
  Time since last request: 0.000268 seconds.
  path: Assets/Polygon zombie package/mesh.texture/Zombie C 1.png
  artifactKey: Guid(fd4d2977d42041f4e9e19e2dd11c98f2) Importer(815301076,1909f56bfc062723c751e8b465ee728b)
Start importing Assets/Polygon zombie package/mesh.texture/Zombie C 1.png using Guid(fd4d2977d42041f4e9e19e2dd11c98f2) Importer(815301076,1909f56bfc062723c751e8b465ee728b)  -> (artifact id: '7f53a3ffaab843e49ac2ef891984ba6a') in 0.013594 seconds
  Import took 0.047713 seconds .

========================================================================
Received Import Request.
  Time since last request: 0.000264 seconds.
  path: Assets/Polygon zombie package/mesh.texture/Zombie H.png
  artifactKey: Guid(66dcd8794aaebed4a87b643b5d599f29) Importer(815301076,1909f56bfc062723c751e8b465ee728b)
Start importing Assets/Polygon zombie package/mesh.texture/Zombie H.png using Guid(66dcd8794aaebed4a87b643b5d599f29) Importer(815301076,1909f56bfc062723c751e8b465ee728b)  -> (artifact id: 'ada2e6ff2100497a2f3e5855d8bcd2f6') in 0.014500 seconds
  Import took 0.020082 seconds .

========================================================================
Received Import Request.
  Time since last request: 0.000335 seconds.
  path: Assets/Polygon zombie package/Zombie prefabs/Zombie R Prefab.prefab
  artifactKey: Guid(7f8483b0dd876f947b7fafcff18856b4) Importer(815301076,1909f56bfc062723c751e8b465ee728b)
Start importing Assets/Polygon zombie package/Zombie prefabs/Zombie R Prefab.prefab using Guid(7f8483b0dd876f947b7fafcff18856b4) Importer(815301076,1909f56bfc062723c751e8b465ee728b)  -> (artifact id: 'edf219829e173ee288b6440b06f75448') in 0.025886 seconds
  Import took 0.032493 seconds .

========================================================================
Received Import Request.
  Time since last request: 0.000378 seconds.
  path: Assets/Polygon zombie package/Supermarket prefab/chair prefab.prefab
  artifactKey: Guid(a3591a958e3433044970b362a48b1d6e) Importer(815301076,1909f56bfc062723c751e8b465ee728b)
Start importing Assets/Polygon zombie package/Supermarket prefab/chair prefab.prefab using Guid(a3591a958e3433044970b362a48b1d6e) Importer(815301076,1909f56bfc062723c751e8b465ee728b)  -> (artifact id: 'e97865f61adfd8dad6ebd5700856db36') in 0.118306 seconds
  Import took 0.123675 seconds .

========================================================================
Received Import Request.
  Time since last request: 0.000300 seconds.
  path: Assets/Polygon zombie package/mesh.texture/Zombie O.fbx
  artifactKey: Guid(81582fd5c123118448be84f581eb18dd) Importer(815301076,1909f56bfc062723c751e8b465ee728b)
Start importing Assets/Polygon zombie package/mesh.texture/Zombie O.fbx using Guid(81582fd5c123118448be84f581eb18dd) Importer(815301076,1909f56bfc062723c751e8b465ee728b)  -> (artifact id: '7298e8eb93b680843e095c4ff8abc3c4') in 0.040948 seconds
  Import took 0.527783 seconds .

========================================================================
Received Import Request.
  Time since last request: 0.000265 seconds.
  path: Assets/Polygon zombie package/Supermarket prefab/Door 2x1 prefab.prefab
  artifactKey: Guid(157417a44392d344fb096d6753d8ca7b) Importer(815301076,1909f56bfc062723c751e8b465ee728b)
Start importing Assets/Polygon zombie package/Supermarket prefab/Door 2x1 prefab.prefab using Guid(157417a44392d344fb096d6753d8ca7b) Importer(815301076,1909f56bfc062723c751e8b465ee728b)  -> (artifact id: 'e0847cf30083dc89f1c6cc664457b24c') in 0.147455 seconds
  Import took 0.152477 seconds .

========================================================================
Received Import Request.
  Time since last request: 0.000295 seconds.
  path: Assets/Polygon zombie package/Supermarket prefab/carton 1 prefab.prefab
  artifactKey: Guid(3b1fbbd5ab4fb7d4e988221cd9eb334d) Importer(815301076,1909f56bfc062723c751e8b465ee728b)
Start importing Assets/Polygon zombie package/Supermarket prefab/carton 1 prefab.prefab using Guid(3b1fbbd5ab4fb7d4e988221cd9eb334d) Importer(815301076,1909f56bfc062723c751e8b465ee728b)  -> (artifact id: '86c4bd440d3f279cde0e71d65112709a') in 0.044184 seconds
  Import took 0.079060 seconds .

========================================================================
Received Import Request.
  Time since last request: 0.000330 seconds.
  path: Assets/Polygon zombie package/Supermarket prefab/chest freezer prefab.prefab
  artifactKey: Guid(082a410487cafe840b0db79a2cc2d84a) Importer(815301076,1909f56bfc062723c751e8b465ee728b)
Start importing Assets/Polygon zombie package/Supermarket prefab/chest freezer prefab.prefab using Guid(082a410487cafe840b0db79a2cc2d84a) Importer(815301076,1909f56bfc062723c751e8b465ee728b)  -> (artifact id: '96ac6001802d6c9eaffa5595e6331030') in 0.190270 seconds
  Import took 0.195885 seconds .

========================================================================
Received Import Request.
  Time since last request: 0.000274 seconds.
  path: Assets/Polygon zombie package/mesh.texture/Zombie D 1.png
  artifactKey: Guid(1a88a640b5a0de543a9f5cdce5c2db9b) Importer(815301076,1909f56bfc062723c751e8b465ee728b)
Start importing Assets/Polygon zombie package/mesh.texture/Zombie D 1.png using Guid(1a88a640b5a0de543a9f5cdce5c2db9b) Importer(815301076,1909f56bfc062723c751e8b465ee728b)  -> (artifact id: '66e17e419a083ba64d87dc6cfabea461') in 0.013244 seconds
  Import took 0.038267 seconds .

========================================================================
Received Import Request.
  Time since last request: 0.000315 seconds.
  path: Assets/Polygon zombie package/Supermarket prefab/counter food prefab.prefab
  artifactKey: Guid(d510b494bec983342924e9e545651dd1) Importer(815301076,1909f56bfc062723c751e8b465ee728b)
Start importing Assets/Polygon zombie package/Supermarket prefab/counter food prefab.prefab using Guid(d510b494bec983342924e9e545651dd1) Importer(815301076,1909f56bfc062723c751e8b465ee728b)  -> (artifact id: '75690c2443bd0fe4861ac42e8107cd84') in 0.116398 seconds
  Import took 0.121774 seconds .

========================================================================
Received Import Request.
  Time since last request: 0.000318 seconds.
  path: Assets/Polygon zombie package/Zombie prefabs/Zombie H Prefab.prefab
  artifactKey: Guid(9871be7ce80acc14b88823cc50de00a7) Importer(815301076,1909f56bfc062723c751e8b465ee728b)
Start importing Assets/Polygon zombie package/Zombie prefabs/Zombie H Prefab.prefab using Guid(9871be7ce80acc14b88823cc50de00a7) Importer(815301076,1909f56bfc062723c751e8b465ee728b)  -> (artifact id: '6c6f577bdc6b2fb5d1d3b492ffb0893e') in 0.026937 seconds
  Import took 0.058282 seconds .

========================================================================
Received Import Request.
  Time since last request: 0.000278 seconds.
  path: Assets/Polygon zombie package/Zombie prefabs/Zombie J Prefab.prefab
  artifactKey: Guid(2350f66ce700ade4793681e75bbf455a) Importer(815301076,1909f56bfc062723c751e8b465ee728b)
Start importing Assets/Polygon zombie package/Zombie prefabs/Zombie J Prefab.prefab using Guid(2350f66ce700ade4793681e75bbf455a) Importer(815301076,1909f56bfc062723c751e8b465ee728b)  -> (artifact id: '12729f12331eb5814bbfd7009718dfc3') in 0.120139 seconds
  Import took 0.157953 seconds .

========================================================================
Received Import Request.
  Time since last request: 0.000328 seconds.
  path: Assets/Polygon zombie package/Supermarket prefab/shelf prefab.prefab
  artifactKey: Guid(1ecade4a1e0e6bc4f9c2fb095cb6506d) Importer(815301076,1909f56bfc062723c751e8b465ee728b)
Start importing Assets/Polygon zombie package/Supermarket prefab/shelf prefab.prefab using Guid(1ecade4a1e0e6bc4f9c2fb095cb6506d) Importer(815301076,1909f56bfc062723c751e8b465ee728b)  -> (artifact id: '0272ddc56bdefffe213ddc0c462a6f0d') in 0.103875 seconds
  Import took 0.145623 seconds .

========================================================================
Received Import Request.
  Time since last request: 0.000323 seconds.
  path: Assets/Polygon zombie package/Zombie prefabs/Zombie G Prefab.prefab
  artifactKey: Guid(f4bc611c4d0c9734c9b363db6cb9e3a5) Importer(815301076,1909f56bfc062723c751e8b465ee728b)
Start importing Assets/Polygon zombie package/Zombie prefabs/Zombie G Prefab.prefab using Guid(f4bc611c4d0c9734c9b363db6cb9e3a5) Importer(815301076,1909f56bfc062723c751e8b465ee728b)  -> (artifact id: 'e31952364e5c9140f6139eeeb4cf8427') in 0.142740 seconds
  Import took 0.171827 seconds .

========================================================================
Received Import Request.
  Time since last request: 0.000302 seconds.
  path: Assets/Polygon zombie package/mesh.texture/Zombie G.png
  artifactKey: Guid(fd048e1f6abf5ee4da136ab2a9173cba) Importer(815301076,1909f56bfc062723c751e8b465ee728b)
Start importing Assets/Polygon zombie package/mesh.texture/Zombie G.png using Guid(fd048e1f6abf5ee4da136ab2a9173cba) Importer(815301076,1909f56bfc062723c751e8b465ee728b)  -> (artifact id: 'd54dcf3dd111aa0d62c8167ee8398e11') in 0.012407 seconds
  Import took 0.037477 seconds .

========================================================================
Received Import Request.
  Time since last request: 0.000286 seconds.
  path: Assets/Polygon zombie package/Zombie prefabs/Zombie P Prefab.prefab
  artifactKey: Guid(916de83d2e3f92c4e9bad1d330a56588) Importer(815301076,1909f56bfc062723c751e8b465ee728b)
Start importing Assets/Polygon zombie package/Zombie prefabs/Zombie P Prefab.prefab using Guid(916de83d2e3f92c4e9bad1d330a56588) Importer(815301076,1909f56bfc062723c751e8b465ee728b)  -> (artifact id: 'ed69cfe0610255d89bbafd12888f4bfe') in 0.184000 seconds
  Import took 0.189731 seconds .

========================================================================
Received Import Request.
  Time since last request: 0.000288 seconds.
  path: Assets/Polygon zombie package/mesh.texture/Zombie Q.fbx
  artifactKey: Guid(647207f93bf034548b80d6c1fd92386e) Importer(815301076,1909f56bfc062723c751e8b465ee728b)
Start importing Assets/Polygon zombie package/mesh.texture/Zombie Q.fbx using Guid(647207f93bf034548b80d6c1fd92386e) Importer(815301076,1909f56bfc062723c751e8b465ee728b)  -> (artifact id: 'ec5d905f5c47a04414a323c8f9ec200e') in 0.065171 seconds
  Import took 0.184727 seconds .

========================================================================
Received Import Request.
  Time since last request: 0.000362 seconds.
  path: Assets/Polygon zombie package/mesh.texture/Zombie T.fbx
  artifactKey: Guid(0d68d47e633e5994280798da87f5a0d2) Importer(815301076,1909f56bfc062723c751e8b465ee728b)
Start importing Assets/Polygon zombie package/mesh.texture/Zombie T.fbx using Guid(0d68d47e633e5994280798da87f5a0d2) Importer(815301076,1909f56bfc062723c751e8b465ee728b)  -> (artifact id: '52242d2f49b0738ff623f114953b00db') in 0.041576 seconds
  Import took 0.199646 seconds .

========================================================================
Received Import Request.
  Time since last request: 0.000330 seconds.
  path: Assets/Polygon zombie package/Zombie prefabs/Zombie K Prefab.prefab
  artifactKey: Guid(b3c719446f593454b84a59f905151521) Importer(815301076,1909f56bfc062723c751e8b465ee728b)
Start importing Assets/Polygon zombie package/Zombie prefabs/Zombie K Prefab.prefab using Guid(b3c719446f593454b84a59f905151521) Importer(815301076,1909f56bfc062723c751e8b465ee728b)  -> (artifact id: '1bf664957a0278e256034fc5261a09ab') in 0.086121 seconds
  Import took 0.117841 seconds .

========================================================================
Received Import Request.
  Time since last request: 0.000282 seconds.
  path: Assets/Polygon zombie package/Zombie prefabs/Zombie D Prefab.prefab
  artifactKey: Guid(7d2d84a8422de95469f164a35e4de741) Importer(815301076,1909f56bfc062723c751e8b465ee728b)
Start importing Assets/Polygon zombie package/Zombie prefabs/Zombie D Prefab.prefab using Guid(7d2d84a8422de95469f164a35e4de741) Importer(815301076,1909f56bfc062723c751e8b465ee728b)  -> (artifact id: '0f6439fdcc444daa813ee505c0ceb3d8') in 0.054098 seconds
  Import took 0.059438 seconds .

========================================================================
Received Import Request.
  Time since last request: 0.000321 seconds.
  path: Assets/Polygon zombie package/Supermarket prefab/Bin prefab.prefab
  artifactKey: Guid(dd28fe4d5eb7bcb479b5338f128cdf70) Importer(815301076,1909f56bfc062723c751e8b465ee728b)
Start importing Assets/Polygon zombie package/Supermarket prefab/Bin prefab.prefab using Guid(dd28fe4d5eb7bcb479b5338f128cdf70) Importer(815301076,1909f56bfc062723c751e8b465ee728b)  -> (artifact id: '24f5f3233820cc6f0e86a00d99467447') in 0.098341 seconds
  Import took 0.103611 seconds .

========================================================================
Received Import Request.
  Time since last request: 0.000303 seconds.
  path: Assets/Polygon zombie package/mesh.texture/Zombie I.png
  artifactKey: Guid(5b5e229078aa7784fac33df9aecdbca4) Importer(815301076,1909f56bfc062723c751e8b465ee728b)
Start importing Assets/Polygon zombie package/mesh.texture/Zombie I.png using Guid(5b5e229078aa7784fac33df9aecdbca4) Importer(815301076,1909f56bfc062723c751e8b465ee728b)  -> (artifact id: 'e8a77083a486a95bcc1de6d0c590cc94') in 0.012810 seconds
  Import took 0.051456 seconds .

========================================================================
Received Import Request.
  Time since last request: 0.000289 seconds.
  path: Assets/Polygon zombie package/Supermarket prefab/medic box prefab.prefab
  artifactKey: Guid(392a16315036bf8438d6ff5eb74e8a01) Importer(815301076,1909f56bfc062723c751e8b465ee728b)
Start importing Assets/Polygon zombie package/Supermarket prefab/medic box prefab.prefab using Guid(392a16315036bf8438d6ff5eb74e8a01) Importer(815301076,1909f56bfc062723c751e8b465ee728b)  -> (artifact id: '5ce1a5ed99fc279e0fed726be7c73458') in 0.167123 seconds
  Import took 0.192402 seconds .

========================================================================
Received Import Request.
  Time since last request: 0.000485 seconds.
  path: Assets/Polygon zombie package/Supermarket prefab/shop shelf prefab.prefab
  artifactKey: Guid(f459a39cf0324c542a0c63d6d25e2ebe) Importer(815301076,1909f56bfc062723c751e8b465ee728b)
Start importing Assets/Polygon zombie package/Supermarket prefab/shop shelf prefab.prefab using Guid(f459a39cf0324c542a0c63d6d25e2ebe) Importer(815301076,1909f56bfc062723c751e8b465ee728b)  -> (artifact id: 'ecc89b434fbc9726217590d09c43c485') in 0.095502 seconds
  Import took 0.100856 seconds .

========================================================================
Received Import Request.
  Time since last request: 0.000270 seconds.
  path: Assets/Polygon zombie package/Supermarket prefab/genderSign prefab.prefab
  artifactKey: Guid(d26c86b8f16a194488b535078b5acc52) Importer(815301076,1909f56bfc062723c751e8b465ee728b)
Start importing Assets/Polygon zombie package/Supermarket prefab/genderSign prefab.prefab using Guid(d26c86b8f16a194488b535078b5acc52) Importer(815301076,1909f56bfc062723c751e8b465ee728b)  -> (artifact id: '4eb2072b73aefd69652d76e496c15874') in 0.093006 seconds
  Import took 0.113644 seconds .

========================================================================
Received Import Request.
  Time since last request: 0.000293 seconds.
  path: Assets/Polygon zombie package/Supermarket prefab/Big_trash_bin prefab.prefab
  artifactKey: Guid(331560f2206dc024cb084301a19c05ad) Importer(815301076,1909f56bfc062723c751e8b465ee728b)
Start importing Assets/Polygon zombie package/Supermarket prefab/Big_trash_bin prefab.prefab using Guid(331560f2206dc024cb084301a19c05ad) Importer(815301076,1909f56bfc062723c751e8b465ee728b)  -> (artifact id: '2ae06629e5a9f4bbcc25d4ff00de121b') in 0.108900 seconds
  Import took 0.114070 seconds .

========================================================================
Received Import Request.
  Time since last request: 214.017303 seconds.
  path: Assets/Enviroment/enviroment/Office building/meshes/office building.fbx
  artifactKey: Guid(18cd780e6948a554a850b2d047ebf8fb) Importer(815301076,1909f56bfc062723c751e8b465ee728b)
Start importing Assets/Enviroment/enviroment/Office building/meshes/office building.fbx using Guid(18cd780e6948a554a850b2d047ebf8fb) Importer(815301076,1909f56bfc062723c751e8b465ee728b)  -> (artifact id: 'd097da33a0e144b4468b6aadc5df7593') in 5.999497 seconds
  Import took 6.122493 seconds .

========================================================================
Received Import Request.
  Time since last request: 0.015800 seconds.
  path: Assets/LevelDesign/AssetStoreOriginals/_SNAPS_PrototypingAssets/ModernOffice_Interior/Prefabs/Props/Meshes/AirDuct_01_Corner_Collider.asset
  artifactKey: Guid(f2211dd587b1cf64d8afb8cc257c51ec) Importer(815301076,1909f56bfc062723c751e8b465ee728b)
Start importing Assets/LevelDesign/AssetStoreOriginals/_SNAPS_PrototypingAssets/ModernOffice_Interior/Prefabs/Props/Meshes/AirDuct_01_Corner_Collider.asset using Guid(f2211dd587b1cf64d8afb8cc257c51ec) Importer(815301076,1909f56bfc062723c751e8b465ee728b)  -> (artifact id: '1834ec8f0ba874f8f252cad25aba4ea2') in 0.085425 seconds
  Import took 0.115317 seconds .

========================================================================
Received Import Request.
  Time since last request: 0.000398 seconds.
  path: Assets/LevelDesign/AssetStoreOriginals/_SNAPS_PrototypingAssets/ModernOffice_Interior/Prefabs/Props/Meshes/AirDuct_01_Corner_snaps001.asset
  artifactKey: Guid(fc0b5d78437d37148ae72498507177d1) Importer(815301076,1909f56bfc062723c751e8b465ee728b)
Start importing Assets/LevelDesign/AssetStoreOriginals/_SNAPS_PrototypingAssets/ModernOffice_Interior/Prefabs/Props/Meshes/AirDuct_01_Corner_snaps001.asset using Guid(fc0b5d78437d37148ae72498507177d1) Importer(815301076,1909f56bfc062723c751e8b465ee728b)  -> (artifact id: 'd4dcf6e352d581153cda75e0d3dd3eaa') in 0.048080 seconds
  Import took 0.082206 seconds .

========================================================================
Received Import Request.
  Time since last request: 0.000355 seconds.
  path: Assets/Polygon zombie package/mesh.texture/supermarket mesh,texture/air conditioner wall.fbx
  artifactKey: Guid(ae9812275f0412b4c9f838a2e16f8f83) Importer(815301076,1909f56bfc062723c751e8b465ee728b)
Start importing Assets/Polygon zombie package/mesh.texture/supermarket mesh,texture/air conditioner wall.fbx using Guid(ae9812275f0412b4c9f838a2e16f8f83) Importer(815301076,1909f56bfc062723c751e8b465ee728b)  -> (artifact id: '6e7b112fb5a0b78cdb47d9c7f3447a24') in 0.051223 seconds
  Import took 0.087767 seconds .

========================================================================
Received Import Request.
  Time since last request: 0.000324 seconds.
  path: Assets/LevelDesign/AssetStoreOriginals/_SNAPS_PrototypingAssets/ModernOffice_Interior/Prefabs/Props/Meshes/AirDuct_01_snaps001.asset
  artifactKey: Guid(dc132711e5cf0d8489ca0c2edc965e27) Importer(815301076,1909f56bfc062723c751e8b465ee728b)
Start importing Assets/LevelDesign/AssetStoreOriginals/_SNAPS_PrototypingAssets/ModernOffice_Interior/Prefabs/Props/Meshes/AirDuct_01_snaps001.asset using Guid(dc132711e5cf0d8489ca0c2edc965e27) Importer(815301076,1909f56bfc062723c751e8b465ee728b)  -> (artifact id: '7465b7ef3124cb7e768440bbea98d8b1') in 0.037783 seconds
  Import took 0.046157 seconds .

========================================================================
Received Import Request.
  Time since last request: 160.064958 seconds.
  path: Assets/Scripts/End trigger.prefab
  artifactKey: Guid(9f6ea673d88d3c8468c157f7fa1a4ec9) Importer(815301076,1909f56bfc062723c751e8b465ee728b)
Start importing Assets/Scripts/End trigger.prefab using Guid(9f6ea673d88d3c8468c157f7fa1a4ec9) Importer(815301076,1909f56bfc062723c751e8b465ee728b)  -> (artifact id: 'c53f3e5a5938432654363e85ddb4d08f') in 0.100001 seconds
  Import took 0.139854 seconds .

========================================================================
Received Import Request.
  Time since last request: 3.997905 seconds.
  path: Assets/Scripts/ChangeState.cs
  artifactKey: Guid(548e05f2b1b5e4a46ae71cd2cd7ee5e3) Importer(815301076,1909f56bfc062723c751e8b465ee728b)
Start importing Assets/Scripts/ChangeState.cs using Guid(548e05f2b1b5e4a46ae71cd2cd7ee5e3) Importer(815301076,1909f56bfc062723c751e8b465ee728b)  -> (artifact id: '4e8e5ecbccd4f929e4d69acd7f17dd47') in 0.126070 seconds
  Import took 0.164317 seconds .

========================================================================
Received Import Request.
  Time since last request: 9.852682 seconds.
  path: Assets/Scripts/TargetScript.cs
  artifactKey: Guid(cbc4c318247cfe2428546d89544fe5d1) Importer(815301076,1909f56bfc062723c751e8b465ee728b)
Start importing Assets/Scripts/TargetScript.cs using Guid(cbc4c318247cfe2428546d89544fe5d1) Importer(815301076,1909f56bfc062723c751e8b465ee728b)  -> (artifact id: '24a05a836fe331b7e978bb532df01593') in 0.005204 seconds
  Import took 0.024213 seconds .

========================================================================
Received Import Request.
  Time since last request: 5.802116 seconds.
  path: Assets/Scripts/PlayerController.cs
  artifactKey: Guid(1b318d53a09128947afc70f7bacb503c) Importer(815301076,1909f56bfc062723c751e8b465ee728b)
Start importing Assets/Scripts/PlayerController.cs using Guid(1b318d53a09128947afc70f7bacb503c) Importer(815301076,1909f56bfc062723c751e8b465ee728b)  -> (artifact id: 'b1ac62f02edd820b15674e07d5e817b1') in 0.058259 seconds
  Import took 0.097790 seconds .

========================================================================
Received Prepare
Registering precompiled user dll's ...
Registered in 0.009194 seconds.
Begin MonoManager ReloadAssembly
Native extension for LinuxStandalone target not found
Native extension for WindowsStandalone target not found
Native extension for OSXStandalone target not found
Native extension for WebGL target not found
Refreshing native plugins compatible for Editor in 1.39 ms, found 0 plugins.
Preloading 0 native plugins for Editor in 0.00 ms.
Warning: Annotation not found!
UnityEngine.StackTraceUtility:ExtractStackTrace ()
UnityEditor.ProBuilder.EditorUtility:SetGizmoIconEnabled (System.Type,bool) (at Library/PackageCache/com.unity.probuilder@4.5.0/Editor/EditorCore/EditorUtility.cs:593)
UnityEditor.ProBuilder.HierarchyListener:.cctor () (at Library/PackageCache/com.unity.probuilder@4.5.0/Editor/EditorCore/HierarchyListener.cs:21)
System.Runtime.CompilerServices.RuntimeHelpers:RunClassConstructor (System.RuntimeTypeHandle)
UnityEditor.EditorAssemblies:ProcessInitializeOnLoadAttributes (System.Type[])

[Library/PackageCache/com.unity.probuilder@4.5.0/Editor/EditorCore/EditorUtility.cs line 593]

Invoked RoslynAnalysisRunner static constructor.
RoslynAnalysisRunner will not be running.
RoslynAnalysisRunner has terminated.
Mono: successfully reloaded assembly
- Completed reload, in  1.976 seconds
Platform modules already initialized, skipping
Refreshing native plugins compatible for Editor in 1.34 ms, found 0 plugins.
Preloading 0 native plugins for Editor in 0.00 ms.
Unloading 1930 Unused Serialized files (Serialized files now loaded: 0)
System memory in use before: 132.8 MB.
System memory in use after: 132.9 MB.

Unloading 31 unused Assets to reduce memory usage. Loaded Objects now: 2507.
Total: 3245.433300 ms (FindLiveObjects: 372.890100 ms CreateObjectMapping: 0.218500 ms MarkObjects: 2394.375000 ms  DeleteObjects: 22.485900 ms)

========================================================================
Received Import Request.
  Time since last request: 129.489277 seconds.
  path: Assets/Scripts/FPSController/Weapon_Scripts
  artifactKey: Guid(568693c8ad53bf247b5c64db8497d7bc) Importer(815301076,1909f56bfc062723c751e8b465ee728b)
Start importing Assets/Scripts/FPSController/Weapon_Scripts using Guid(568693c8ad53bf247b5c64db8497d7bc) Importer(815301076,1909f56bfc062723c751e8b465ee728b)  -> (artifact id: '81543da5fcb76067115100134636b4ea') in 3.263004 seconds
  Import took 4.155189 seconds .

========================================================================
Received Import Request.
  Time since last request: 0.000407 seconds.
  path: Assets/Scripts/FPSController/Weapon_Scripts/AutomaticGunScriptLPFP.cs
  artifactKey: Guid(dd38df9a0796d9842adfbe580ed6042e) Importer(815301076,1909f56bfc062723c751e8b465ee728b)
Start importing Assets/Scripts/FPSController/Weapon_Scripts/AutomaticGunScriptLPFP.cs using Guid(dd38df9a0796d9842adfbe580ed6042e) Importer(815301076,1909f56bfc062723c751e8b465ee728b)  -> (artifact id: '5e3261403b5d51d2dfe1eb7f2d0653ae') in 0.557876 seconds
  Import took 1.932301 seconds .

========================================================================
Received Import Request.
  Time since last request: 0.000379 seconds.
  path: Assets/Scripts/FPSController/Weapon_Scripts/HandgunScriptLPFP.cs
  artifactKey: Guid(e56ac14cb72efeb4b92cf5cb025a97c0) Importer(815301076,1909f56bfc062723c751e8b465ee728b)
Start importing Assets/Scripts/FPSController/Weapon_Scripts/HandgunScriptLPFP.cs using Guid(e56ac14cb72efeb4b92cf5cb025a97c0) Importer(815301076,1909f56bfc062723c751e8b465ee728b)  -> (artifact id: '921d980914acbc8a0dea910b3d0a4d76') in 0.651039 seconds
  Import took 1.956754 seconds .

========================================================================
Received Import Request.
  Time since last request: 0.000310 seconds.
  path: Assets/Scripts/FPSController
  artifactKey: Guid(c06ccbc20b212924b93a4fd46ff0e348) Importer(815301076,1909f56bfc062723c751e8b465ee728b)
Start importing Assets/Scripts/FPSController using Guid(c06ccbc20b212924b93a4fd46ff0e348) Importer(815301076,1909f56bfc062723c751e8b465ee728b)  -> (artifact id: '3c895c3ae99ef990db1fc429a087e0ff') in 0.136327 seconds
  Import took 0.702952 seconds .

========================================================================
Received Import Request.
  Time since last request: 0.000304 seconds.
  path: Assets/Scripts/FPSController/FpsControllerLPFP.cs
  artifactKey: Guid(f9ebbf09afaa7a14fa049921e4516bf1) Importer(815301076,1909f56bfc062723c751e8b465ee728b)
Start importing Assets/Scripts/FPSController/FpsControllerLPFP.cs using Guid(f9ebbf09afaa7a14fa049921e4516bf1) Importer(815301076,1909f56bfc062723c751e8b465ee728b)  -> (artifact id: '8ae1e2d05b85a95bcf844346d099d6bf') in 0.623612 seconds
  Import took 0.666778 seconds .

========================================================================
Received Prepare
Registering precompiled user dll's ...
Registered in 0.154733 seconds.
Begin MonoManager ReloadAssembly
Native extension for LinuxStandalone target not found
Native extension for WindowsStandalone target not found
Native extension for OSXStandalone target not found
Native extension for WebGL target not found
Refreshing native plugins compatible for Editor in 1.53 ms, found 0 plugins.
Preloading 0 native plugins for Editor in 0.00 ms.
Warning: Annotation not found!
UnityEngine.StackTraceUtility:ExtractStackTrace ()
UnityEditor.ProBuilder.EditorUtility:SetGizmoIconEnabled (System.Type,bool) (at Library/PackageCache/com.unity.probuilder@4.5.0/Editor/EditorCore/EditorUtility.cs:593)
UnityEditor.ProBuilder.HierarchyListener:.cctor () (at Library/PackageCache/com.unity.probuilder@4.5.0/Editor/EditorCore/HierarchyListener.cs:21)
System.Runtime.CompilerServices.RuntimeHelpers:RunClassConstructor (System.RuntimeTypeHandle)
UnityEditor.EditorAssemblies:ProcessInitializeOnLoadAttributes (System.Type[])

[Library/PackageCache/com.unity.probuilder@4.5.0/Editor/EditorCore/EditorUtility.cs line 593]

Invoked RoslynAnalysisRunner static constructor.
RoslynAnalysisRunner will not be running.
RoslynAnalysisRunner has terminated.
Mono: successfully reloaded assembly
- Completed reload, in  9.490 seconds
Platform modules already initialized, skipping
Refreshing native plugins compatible for Editor in 1.32 ms, found 0 plugins.
Preloading 0 native plugins for Editor in 0.00 ms.
Unloading 1930 Unused Serialized files (Serialized files now loaded: 0)
System memory in use before: 132.9 MB.
System memory in use after: 132.9 MB.

Unloading 30 unused Assets to reduce memory usage. Loaded Objects now: 2509.
Total: 376.556000 ms (FindLiveObjects: 31.686500 ms CreateObjectMapping: 0.199300 ms MarkObjects: 314.383300 ms  DeleteObjects: 11.296100 ms)

========================================================================
Received Prepare
Registering precompiled user dll's ...
Registered in 0.009182 seconds.
Begin MonoManager ReloadAssembly
Native extension for LinuxStandalone target not found
Native extension for WindowsStandalone target not found
Native extension for OSXStandalone target not found
Native extension for WebGL target not found
Refreshing native plugins compatible for Editor in 1.45 ms, found 0 plugins.
Preloading 0 native plugins for Editor in 0.00 ms.
Warning: Annotation not found!
UnityEngine.StackTraceUtility:ExtractStackTrace ()
UnityEditor.ProBuilder.EditorUtility:SetGizmoIconEnabled (System.Type,bool) (at Library/PackageCache/com.unity.probuilder@4.5.0/Editor/EditorCore/EditorUtility.cs:593)
UnityEditor.ProBuilder.HierarchyListener:.cctor () (at Library/PackageCache/com.unity.probuilder@4.5.0/Editor/EditorCore/HierarchyListener.cs:21)
System.Runtime.CompilerServices.RuntimeHelpers:RunClassConstructor (System.RuntimeTypeHandle)
UnityEditor.EditorAssemblies:ProcessInitializeOnLoadAttributes (System.Type[])

[Library/PackageCache/com.unity.probuilder@4.5.0/Editor/EditorCore/EditorUtility.cs line 593]

Invoked RoslynAnalysisRunner static constructor.
RoslynAnalysisRunner will not be running.
RoslynAnalysisRunner has terminated.
Mono: successfully reloaded assembly
- Completed reload, in  2.309 seconds
Platform modules already initialized, skipping
Script is not up to date after domain reload: guid(3eebf92a651c3764cbbb04aef11d8701) path("Assets/Scripts/JammoHP.cs") state(2)
Refreshing native plugins compatible for Editor in 1.31 ms, found 0 plugins.
Preloading 0 native plugins for Editor in 0.00 ms.
Unloading 1931 Unused Serialized files (Serialized files now loaded: 0)
System memory in use before: 132.9 MB.
System memory in use after: 133.0 MB.

Unloading 30 unused Assets to reduce memory usage. Loaded Objects now: 2512.
Total: 3.822100 ms (FindLiveObjects: 0.307500 ms CreateObjectMapping: 0.081300 ms MarkObjects: 3.317000 ms  DeleteObjects: 0.114300 ms)

========================================================================
Received Prepare
Registering precompiled user dll's ...
Registered in 0.008904 seconds.
Begin MonoManager ReloadAssembly
Native extension for LinuxStandalone target not found
Native extension for WindowsStandalone target not found
Native extension for OSXStandalone target not found
Native extension for WebGL target not found
Refreshing native plugins compatible for Editor in 1.31 ms, found 0 plugins.
Preloading 0 native plugins for Editor in 0.00 ms.
Warning: Annotation not found!
UnityEngine.StackTraceUtility:ExtractStackTrace ()
UnityEditor.ProBuilder.EditorUtility:SetGizmoIconEnabled (System.Type,bool) (at Library/PackageCache/com.unity.probuilder@4.5.0/Editor/EditorCore/EditorUtility.cs:593)
UnityEditor.ProBuilder.HierarchyListener:.cctor () (at Library/PackageCache/com.unity.probuilder@4.5.0/Editor/EditorCore/HierarchyListener.cs:21)
System.Runtime.CompilerServices.RuntimeHelpers:RunClassConstructor (System.RuntimeTypeHandle)
UnityEditor.EditorAssemblies:ProcessInitializeOnLoadAttributes (System.Type[])

[Library/PackageCache/com.unity.probuilder@4.5.0/Editor/EditorCore/EditorUtility.cs line 593]

Invoked RoslynAnalysisRunner static constructor.
RoslynAnalysisRunner will not be running.
RoslynAnalysisRunner has terminated.
Mono: successfully reloaded assembly
- Completed reload, in  1.612 seconds
Platform modules already initialized, skipping
Refreshing native plugins compatible for Editor in 1.42 ms, found 0 plugins.
Preloading 0 native plugins for Editor in 0.00 ms.
Unloading 1932 Unused Serialized files (Serialized files now loaded: 0)
System memory in use before: 132.9 MB.
System memory in use after: 133.0 MB.

Unloading 30 unused Assets to reduce memory usage. Loaded Objects now: 2515.
Total: 4.559600 ms (FindLiveObjects: 0.310600 ms CreateObjectMapping: 0.086200 ms MarkObjects: 4.044300 ms  DeleteObjects: 0.116100 ms)

========================================================================
Received Import Request.
  Time since last request: 670.594811 seconds.
  path: Assets/Scripts/HealthBar.cs
  artifactKey: Guid(bf4a09c6fd505234eb99592b917ff59f) Importer(815301076,1909f56bfc062723c751e8b465ee728b)
Start importing Assets/Scripts/HealthBar.cs using Guid(bf4a09c6fd505234eb99592b917ff59f) Importer(815301076,1909f56bfc062723c751e8b465ee728b)  -> (artifact id: '534ba3e634b913130d7336cc2e7ae5ad') in 0.231510 seconds
  Import took 0.372984 seconds .

========================================================================
Received Prepare
Registering precompiled user dll's ...
Registered in 0.009339 seconds.
Begin MonoManager ReloadAssembly
Native extension for LinuxStandalone target not found
Native extension for WindowsStandalone target not found
Native extension for OSXStandalone target not found
Native extension for WebGL target not found
Refreshing native plugins compatible for Editor in 1.36 ms, found 0 plugins.
Preloading 0 native plugins for Editor in 0.00 ms.
Warning: Annotation not found!
UnityEngine.StackTraceUtility:ExtractStackTrace ()
UnityEditor.ProBuilder.EditorUtility:SetGizmoIconEnabled (System.Type,bool) (at Library/PackageCache/com.unity.probuilder@4.5.0/Editor/EditorCore/EditorUtility.cs:593)
UnityEditor.ProBuilder.HierarchyListener:.cctor () (at Library/PackageCache/com.unity.probuilder@4.5.0/Editor/EditorCore/HierarchyListener.cs:21)
System.Runtime.CompilerServices.RuntimeHelpers:RunClassConstructor (System.RuntimeTypeHandle)
UnityEditor.EditorAssemblies:ProcessInitializeOnLoadAttributes (System.Type[])

[Library/PackageCache/com.unity.probuilder@4.5.0/Editor/EditorCore/EditorUtility.cs line 593]

Invoked RoslynAnalysisRunner static constructor.
RoslynAnalysisRunner will not be running.
RoslynAnalysisRunner has terminated.
Mono: successfully reloaded assembly
- Completed reload, in  5.834 seconds
Platform modules already initialized, skipping
Refreshing native plugins compatible for Editor in 1.31 ms, found 0 plugins.
Preloading 0 native plugins for Editor in 0.00 ms.
Unloading 1931 Unused Serialized files (Serialized files now loaded: 0)
System memory in use before: 132.9 MB.
System memory in use after: 133.0 MB.

Unloading 31 unused Assets to reduce memory usage. Loaded Objects now: 2516.
Total: 4.490100 ms (FindLiveObjects: 0.342100 ms CreateObjectMapping: 0.090100 ms MarkObjects: 3.861200 ms  DeleteObjects: 0.192700 ms)

========================================================================
Received Import Request.
  Time since last request: 194.565172 seconds.
  path: Assets/Scripts/Enemy
  artifactKey: Guid(1feb0b1b3c0932b49a0d671f3e6c0228) Importer(815301076,1909f56bfc062723c751e8b465ee728b)
Start importing Assets/Scripts/Enemy using Guid(1feb0b1b3c0932b49a0d671f3e6c0228) Importer(815301076,1909f56bfc062723c751e8b465ee728b)  -> (artifact id: 'd99410fd09ec9636ce662a39c86ef5b3') in 0.123984 seconds
  Import took 0.331788 seconds .

========================================================================
Received Import Request.
  Time since last request: 0.032105 seconds.
  path: Assets/Scripts/NPCInteract.cs
  artifactKey: Guid(05f3daf567abf0249a696537de28e455) Importer(815301076,1909f56bfc062723c751e8b465ee728b)
Start importing Assets/Scripts/NPCInteract.cs using Guid(05f3daf567abf0249a696537de28e455) Importer(815301076,1909f56bfc062723c751e8b465ee728b)  -> (artifact id: '22ea377c4659811365d49c3c027ad5c0') in 0.043623 seconds
  Import took 0.092106 seconds .

========================================================================
Received Import Request.
  Time since last request: 0.000358 seconds.
  path: Assets/Scripts/InputManager.cs
  artifactKey: Guid(9af1c3d5ee76d654682138374bc08f3d) Importer(815301076,1909f56bfc062723c751e8b465ee728b)
Start importing Assets/Scripts/InputManager.cs using Guid(9af1c3d5ee76d654682138374bc08f3d) Importer(815301076,1909f56bfc062723c751e8b465ee728b)  -> (artifact id: '55c994f8b9ed69975a10d4a842499d51') in 0.057969 seconds
  Import took 0.062766 seconds .

========================================================================
Received Import Request.
  Time since last request: 16.655468 seconds.
  path: Assets/Scripts/Enemy/EnemyFollow.cs
  artifactKey: Guid(075c7c3cc19c9f04e88a2cb14ec1c20f) Importer(815301076,1909f56bfc062723c751e8b465ee728b)
Start importing Assets/Scripts/Enemy/EnemyFollow.cs using Guid(075c7c3cc19c9f04e88a2cb14ec1c20f) Importer(815301076,1909f56bfc062723c751e8b465ee728b)  -> (artifact id: 'cb74cddbbe34c190007b257dfe399c6f') in 0.049376 seconds
  Import took 0.574346 seconds .

========================================================================
Received Import Request.
  Time since last request: 118.745654 seconds.
  path: Assets/Scripts/Enemy/EnemyBehaviour.cs
  artifactKey: Guid(e22802e0ba593734b9cba5bd8e123f2a) Importer(815301076,1909f56bfc062723c751e8b465ee728b)
Start importing Assets/Scripts/Enemy/EnemyBehaviour.cs using Guid(e22802e0ba593734b9cba5bd8e123f2a) Importer(815301076,1909f56bfc062723c751e8b465ee728b)  -> (artifact id: '51f5b32ec8d6e8470079ac90dd77ebed') in 0.092523 seconds
  Import took 0.134792 seconds .

========================================================================
Received Import Request.
  Time since last request: 129.609072 seconds.
  path: ProjectSettings/TagManager.asset
  artifactKey: Guid(00000000000000003000000000000000) Importer(815301076,1909f56bfc062723c751e8b465ee728b)
Start importing ProjectSettings/TagManager.asset using Guid(00000000000000003000000000000000) Importer(815301076,1909f56bfc062723c751e8b465ee728b)  -> (artifact id: 'bfe9282ef8090b88199819c156ab0028') in 1.754941 seconds
  Import took 1.807009 seconds .

========================================================================
Received Import Request.
  Time since last request: 2577.041161 seconds.
  path: Assets/Scripts/JammoHP.cs
  artifactKey: Guid(3eebf92a651c3764cbbb04aef11d8701) Importer(815301076,1909f56bfc062723c751e8b465ee728b)
Start importing Assets/Scripts/JammoHP.cs using Guid(3eebf92a651c3764cbbb04aef11d8701) Importer(815301076,1909f56bfc062723c751e8b465ee728b)  -> (artifact id: 'cda09624338c6ef73757fdccb0d18a4d') in 0.248179 seconds
  Import took 0.751992 seconds .

========================================================================
Received Prepare
Registering precompiled user dll's ...
Registered in 0.233796 seconds.
Begin MonoManager ReloadAssembly
Native extension for LinuxStandalone target not found
Native extension for WindowsStandalone target not found
Native extension for OSXStandalone target not found
Native extension for WebGL target not found
Refreshing native plugins compatible for Editor in 1.39 ms, found 0 plugins.
Preloading 0 native plugins for Editor in 0.00 ms.
Warning: Annotation not found!
UnityEngine.StackTraceUtility:ExtractStackTrace ()
UnityEditor.ProBuilder.EditorUtility:SetGizmoIconEnabled (System.Type,bool) (at Library/PackageCache/com.unity.probuilder@4.5.0/Editor/EditorCore/EditorUtility.cs:593)
UnityEditor.ProBuilder.HierarchyListener:.cctor () (at Library/PackageCache/com.unity.probuilder@4.5.0/Editor/EditorCore/HierarchyListener.cs:21)
System.Runtime.CompilerServices.RuntimeHelpers:RunClassConstructor (System.RuntimeTypeHandle)
UnityEditor.EditorAssemblies:ProcessInitializeOnLoadAttributes (System.Type[])

[Library/PackageCache/com.unity.probuilder@4.5.0/Editor/EditorCore/EditorUtility.cs line 593]

Invoked RoslynAnalysisRunner static constructor.
RoslynAnalysisRunner will not be running.
RoslynAnalysisRunner has terminated.
Mono: successfully reloaded assembly
- Completed reload, in 33.956 seconds
Platform modules already initialized, skipping
Refreshing native plugins compatible for Editor in 1.33 ms, found 0 plugins.
Preloading 0 native plugins for Editor in 0.00 ms.
Unloading 1931 Unused Serialized files (Serialized files now loaded: 0)
System memory in use before: 132.9 MB.
System memory in use after: 133.0 MB.

Unloading 31 unused Assets to reduce memory usage. Loaded Objects now: 2518.
Total: 330.693500 ms (FindLiveObjects: 22.721500 ms CreateObjectMapping: 0.204400 ms MarkObjects: 212.069400 ms  DeleteObjects: 25.758800 ms)

========================================================================
Received Prepare
Registering precompiled user dll's ...
Registered in 0.643929 seconds.
Begin MonoManager ReloadAssembly
Native extension for LinuxStandalone target not found
Native extension for WindowsStandalone target not found
Native extension for OSXStandalone target not found
Native extension for WebGL target not found
Refreshing native plugins compatible for Editor in 1.42 ms, found 0 plugins.
Preloading 0 native plugins for Editor in 0.00 ms.
Warning: Annotation not found!
UnityEngine.StackTraceUtility:ExtractStackTrace ()
UnityEditor.ProBuilder.EditorUtility:SetGizmoIconEnabled (System.Type,bool) (at Library/PackageCache/com.unity.probuilder@4.5.0/Editor/EditorCore/EditorUtility.cs:593)
UnityEditor.ProBuilder.HierarchyListener:.cctor () (at Library/PackageCache/com.unity.probuilder@4.5.0/Editor/EditorCore/HierarchyListener.cs:21)
System.Runtime.CompilerServices.RuntimeHelpers:RunClassConstructor (System.RuntimeTypeHandle)
UnityEditor.EditorAssemblies:ProcessInitializeOnLoadAttributes (System.Type[])

[Library/PackageCache/com.unity.probuilder@4.5.0/Editor/EditorCore/EditorUtility.cs line 593]

Invoked RoslynAnalysisRunner static constructor.
RoslynAnalysisRunner will not be running.
RoslynAnalysisRunner has terminated.
Mono: successfully reloaded assembly
- Completed reload, in 17.526 seconds
Platform modules already initialized, skipping
Refreshing native plugins compatible for Editor in 1.39 ms, found 0 plugins.
Preloading 0 native plugins for Editor in 0.00 ms.
Unloading 1931 Unused Serialized files (Serialized files now loaded: 0)
System memory in use before: 133.0 MB.
System memory in use after: 133.1 MB.

Unloading 30 unused Assets to reduce memory usage. Loaded Objects now: 2520.
Total: 3.853900 ms (FindLiveObjects: 0.320700 ms CreateObjectMapping: 0.082100 ms MarkObjects: 3.265400 ms  DeleteObjects: 0.181800 ms)

========================================================================
Received Prepare
Registering precompiled user dll's ...
Registered in 0.467909 seconds.
Begin MonoManager ReloadAssembly
Native extension for LinuxStandalone target not found
Native extension for WindowsStandalone target not found
Native extension for OSXStandalone target not found
Native extension for WebGL target not found
Refreshing native plugins compatible for Editor in 1.40 ms, found 0 plugins.
Preloading 0 native plugins for Editor in 0.00 ms.
Warning: Annotation not found!
UnityEngine.StackTraceUtility:ExtractStackTrace ()
UnityEditor.ProBuilder.EditorUtility:SetGizmoIconEnabled (System.Type,bool) (at Library/PackageCache/com.unity.probuilder@4.5.0/Editor/EditorCore/EditorUtility.cs:593)
UnityEditor.ProBuilder.HierarchyListener:.cctor () (at Library/PackageCache/com.unity.probuilder@4.5.0/Editor/EditorCore/HierarchyListener.cs:21)
System.Runtime.CompilerServices.RuntimeHelpers:RunClassConstructor (System.RuntimeTypeHandle)
UnityEditor.EditorAssemblies:ProcessInitializeOnLoadAttributes (System.Type[])

[Library/PackageCache/com.unity.probuilder@4.5.0/Editor/EditorCore/EditorUtility.cs line 593]

Invoked RoslynAnalysisRunner static constructor.
RoslynAnalysisRunner will not be running.
RoslynAnalysisRunner has terminated.
Mono: successfully reloaded assembly
- Completed reload, in 12.533 seconds
Platform modules already initialized, skipping
Refreshing native plugins compatible for Editor in 1.30 ms, found 0 plugins.
Preloading 0 native plugins for Editor in 0.00 ms.
Unloading 1931 Unused Serialized files (Serialized files now loaded: 0)
System memory in use before: 133.0 MB.
System memory in use after: 133.1 MB.

Unloading 30 unused Assets to reduce memory usage. Loaded Objects now: 2522.
Total: 4.365100 ms (FindLiveObjects: 0.322400 ms CreateObjectMapping: 0.097900 ms MarkObjects: 3.752200 ms  DeleteObjects: 0.188700 ms)

