Using pre-set license
Built from '2020.2/china_unity/release' branch; Version is '2020.2.6f1c1 (88e64323f9a5) revision 8971843'; Using compiler version '192528614'; Build Type 'Release'
OS: 'Windows 10 Education; OS build 18363.1500; Version 1909; 64bit' Language: 'zh' Physical Memory: 16336 MB
BatchMode: 1, IsHumanControllingUs: 0, StartBugReporterOnCrash: 0, Is64bit: 1, IsPro: 0

 COMMAND LINE ARGUMENTS:
D:\unityInstall\2020.2.6f1c1\Editor\Unity.exe
-adb2
-batchMode
-noUpm
-name
AssetImportWorker0
-projectPath
G:/Unity/GithubWork/PatientZero.RE/Patient_Zero
-logFile
Logs/AssetImportWorker0.log
-srvPort
19619
Successfully changed project path to: G:/Unity/GithubWork/PatientZero.RE/Patient_Zero
G:/Unity/GithubWork/PatientZero.RE/Patient_Zero
Using Asset Import Pipeline V2.
Refreshing native plugins compatible for Editor in 93.41 ms, found 0 plugins.
Preloading 0 native plugins for Editor in 0.00 ms.
Initialize engine version: 2020.2.6f1c1 (88e64323f9a5)
[Subsystems] Discovering subsystems at path D:/unityInstall/2020.2.6f1c1/Editor/Data/Resources/UnitySubsystems
[Subsystems] Discovering subsystems at path G:/Unity/GithubWork/PatientZero.RE/Patient_Zero/Assets
GfxDevice: creating device client; threaded=0
Direct3D:
    Version:  Direct3D 11.0 [level 11.1]
    Renderer: NVIDIA GeForce GTX 1060 3GB (ID=0x1c02)
    Vendor:   
    VRAM:     2988 MB
    Driver:   27.21.14.5671
Initialize mono
Mono path[0] = 'D:/unityInstall/2020.2.6f1c1/Editor/Data/Managed'
Mono path[1] = 'D:/unityInstall/2020.2.6f1c1/Editor/Data/MonoBleedingEdge/lib/mono/unityjit'
Mono config path = 'D:/unityInstall/2020.2.6f1c1/Editor/Data/MonoBleedingEdge/etc'
Using monoOptions --debugger-agent=transport=dt_socket,embedding=1,server=y,suspend=n,address=127.0.0.1:56880
Begin MonoManager ReloadAssembly
Registering precompiled unity dll's ...
Register platform support module: D:/unityInstall/2020.2.6f1c1/Editor/Data/PlaybackEngines/WindowsStandaloneSupport/UnityEditor.WindowsStandalone.Extensions.dll
Registered in 0.001302 seconds.
Native extension for WindowsStandalone target not found
Refreshing native plugins compatible for Editor in 80.75 ms, found 0 plugins.
Preloading 0 native plugins for Editor in 0.00 ms.
Invoked RoslynAnalysisRunner static constructor.
RoslynAnalysisRunner will not be running.
RoslynAnalysisRunner has terminated.
Mono: successfully reloaded assembly
- Completed reload, in  1.233 seconds
Platform modules already initialized, skipping
Registering precompiled user dll's ...
Registered in 0.007684 seconds.
Begin MonoManager ReloadAssembly
Native extension for WindowsStandalone target not found
Refreshing native plugins compatible for Editor in 1.00 ms, found 0 plugins.
Preloading 0 native plugins for Editor in 0.00 ms.
Can't find custom attr constructor image: G:\Unity\GithubWork\PatientZero.RE\Patient_Zero\Library\PackageCache\com.unity.ads@3.4.5\Editor\UnityEditor.Advertisements.dll mtoken: 0x0a00000f due to:  assembly:D:\unityInstall\2020.2.6f1c1\Editor\Data\Managed\UnityEngine\UnityEngine.CoreModule.dll type:UnityAPICompatibilityVersionAttribute member:void {0}(string,string[]) signature:.ctor
Invoked RoslynAnalysisRunner static constructor.
RoslynAnalysisRunner will not be running.
RoslynAnalysisRunner has terminated.
Mono: successfully reloaded assembly
- Completed reload, in  1.235 seconds
Platform modules already initialized, skipping
========================================================================
Worker process is ready to serve import requests
Launched and connected shader compiler UnityShaderCompiler.exe after 0.12 seconds
Refreshing native plugins compatible for Editor in 0.83 ms, found 0 plugins.
Preloading 0 native plugins for Editor in 0.00 ms.
Unloading 2007 Unused Serialized files (Serialized files now loaded: 0)
System memory in use before: 99.7 MB.
System memory in use after: 99.7 MB.

Unloading 111 unused Assets to reduce memory usage. Loaded Objects now: 2422.
Total: 2.853200 ms (FindLiveObjects: 0.221200 ms CreateObjectMapping: 0.119700 ms MarkObjects: 2.305500 ms  DeleteObjects: 0.205300 ms)

========================================================================
Received Import Request.
  path: Assets/LevelDesign/AssetStoreOriginals/_SNAPS_PrototypingAssets/About/Readme.asset
  artifactKey: Guid(83c2ed844a8c74b779a4c823d16594b1) Importer(815301076,1909f56bfc062723c751e8b465ee728b)
Start importing Assets/LevelDesign/AssetStoreOriginals/_SNAPS_PrototypingAssets/About/Readme.asset using Guid(83c2ed844a8c74b779a4c823d16594b1) Importer(815301076,1909f56bfc062723c751e8b465ee728b)  -> (artifact id: 'bacecaa8e1a88274aa7b83c400f2920f') in 0.047886 seconds
  Import took 0.051866 seconds .

========================================================================
Received Import Request.
  Time since last request: 1196.096899 seconds.
  path: Assets/Scenes/BaseCampHub.unity
  artifactKey: Guid(f912a646d11a3cc42893900bcf72720a) Importer(815301076,1909f56bfc062723c751e8b465ee728b)
Start importing Assets/Scenes/BaseCampHub.unity using Guid(f912a646d11a3cc42893900bcf72720a) Importer(815301076,1909f56bfc062723c751e8b465ee728b)  -> (artifact id: '4d5f247b4b7a093f0a68acd5d5184ef7') in 0.008701 seconds
  Import took 0.013406 seconds .

========================================================================
Received Import Request.
  Time since last request: 0.019823 seconds.
  path: Assets/Scenes/BaseCampHub.unity
  artifactKey: Guid(f912a646d11a3cc42893900bcf72720a) Importer(815301076,1909f56bfc062723c751e8b465ee728b)
Start importing Assets/Scenes/BaseCampHub.unity using Guid(f912a646d11a3cc42893900bcf72720a) Importer(815301076,1909f56bfc062723c751e8b465ee728b)  -> (artifact id: '4d5f247b4b7a093f0a68acd5d5184ef7') in 0.010417 seconds
  Import took 0.015140 seconds .

========================================================================
Received Import Request.
  Time since last request: 12.623299 seconds.
  path: Assets/Scenes/FinalTower.unity
  artifactKey: Guid(4dbd1e6653c887544af07632deacd001) Importer(815301076,1909f56bfc062723c751e8b465ee728b)
Start importing Assets/Scenes/FinalTower.unity using Guid(4dbd1e6653c887544af07632deacd001) Importer(815301076,1909f56bfc062723c751e8b465ee728b)  -> (artifact id: '919e66c44bbb9f32987fdc196d492af6') in 0.010030 seconds
  Import took 0.013412 seconds .

========================================================================
Received Import Request.
  Time since last request: 7.350839 seconds.
  path: Assets/Scenes/Hospital.unity
  artifactKey: Guid(f0bee1d887ed63d4aa63f9dcc919bb22) Importer(815301076,1909f56bfc062723c751e8b465ee728b)
Start importing Assets/Scenes/Hospital.unity using Guid(f0bee1d887ed63d4aa63f9dcc919bb22) Importer(815301076,1909f56bfc062723c751e8b465ee728b)  -> (artifact id: '6c121692b7a50ea1837eaa74f8b4e867') in 0.010135 seconds
  Import took 0.013833 seconds .

========================================================================
Received Import Request.
  Time since last request: 166.563051 seconds.
  path: Assets/Scenes/Tutorial.unity
  artifactKey: Guid(8f776ee643b132c838c6ed979f5d032b) Importer(815301076,1909f56bfc062723c751e8b465ee728b)
Start importing Assets/Scenes/Tutorial.unity using Guid(8f776ee643b132c838c6ed979f5d032b) Importer(815301076,1909f56bfc062723c751e8b465ee728b)  -> (artifact id: '074a0ee41c639b1ce6bc59fe3a8e350a') in 0.013061 seconds
  Import took 0.017905 seconds .

========================================================================
Received Import Request.
  Time since last request: 5.864118 seconds.
  path: Assets/Scenes/TownScene1to4.unity
  artifactKey: Guid(c3ef2b02c7a9391408eb81fddb908a29) Importer(815301076,1909f56bfc062723c751e8b465ee728b)
Start importing Assets/Scenes/TownScene1to4.unity using Guid(c3ef2b02c7a9391408eb81fddb908a29) Importer(815301076,1909f56bfc062723c751e8b465ee728b)  -> (artifact id: 'fa471a17e5a54bd29fe3ff3f90ecf920') in 0.012083 seconds
  Import took 0.016340 seconds .

========================================================================
Received Prepare
Registering precompiled user dll's ...
Registered in 0.007460 seconds.
Begin MonoManager ReloadAssembly
Native extension for WindowsStandalone target not found
Refreshing native plugins compatible for Editor in 1.04 ms, found 0 plugins.
Preloading 0 native plugins for Editor in 0.00 ms.
Can't find custom attr constructor image: G:\Unity\GithubWork\PatientZero.RE\Patient_Zero\Library\PackageCache\com.unity.ads@3.4.5\Editor\UnityEditor.Advertisements.dll mtoken: 0x0a00000f due to:  assembly:D:\unityInstall\2020.2.6f1c1\Editor\Data\Managed\UnityEngine\UnityEngine.CoreModule.dll type:UnityAPICompatibilityVersionAttribute member:void {0}(string,string[]) signature:.ctor
Warning: Annotation not found!
UnityEngine.StackTraceUtility:ExtractStackTrace ()
UnityEditor.ProBuilder.EditorUtility:SetGizmoIconEnabled (System.Type,bool) (at Library/PackageCache/com.unity.probuilder@4.5.0/Editor/EditorCore/EditorUtility.cs:593)
UnityEditor.ProBuilder.HierarchyListener:.cctor () (at Library/PackageCache/com.unity.probuilder@4.5.0/Editor/EditorCore/HierarchyListener.cs:21)
System.Runtime.CompilerServices.RuntimeHelpers:RunClassConstructor (System.RuntimeTypeHandle)
UnityEditor.EditorAssemblies:ProcessInitializeOnLoadAttributes (System.Type[])

[Library/PackageCache/com.unity.probuilder@4.5.0/Editor/EditorCore/EditorUtility.cs line 593]

Invoked RoslynAnalysisRunner static constructor.
RoslynAnalysisRunner will not be running.
RoslynAnalysisRunner has terminated.
Mono: successfully reloaded assembly
- Completed reload, in  1.461 seconds
Platform modules already initialized, skipping
Refreshing native plugins compatible for Editor in 1.64 ms, found 0 plugins.
Preloading 0 native plugins for Editor in 0.00 ms.
Unloading 1927 Unused Serialized files (Serialized files now loaded: 0)
System memory in use before: 93.7 MB.
System memory in use after: 93.8 MB.

Unloading 30 unused Assets to reduce memory usage. Loaded Objects now: 2424.
Total: 4.842600 ms (FindLiveObjects: 0.220900 ms CreateObjectMapping: 0.156200 ms MarkObjects: 4.115200 ms  DeleteObjects: 0.348500 ms)

========================================================================
Received Import Request.
  Time since last request: 17.734699 seconds.
  path: Assets/Scenes/Jamal's TESTY westy Ting.unity
  artifactKey: Guid(1a0c77e3738d51c4b896f28213cfd7ea) Importer(815301076,1909f56bfc062723c751e8b465ee728b)
Start importing Assets/Scenes/Jamal's TESTY westy Ting.unity using Guid(1a0c77e3738d51c4b896f28213cfd7ea) Importer(815301076,1909f56bfc062723c751e8b465ee728b)  -> (artifact id: '6094ff044e93c40a8bb21560d788991f') in 0.017290 seconds
  Import took 0.022035 seconds .

========================================================================
Received Prepare
Registering precompiled user dll's ...
Registered in 0.013297 seconds.
Begin MonoManager ReloadAssembly
Native extension for WindowsStandalone target not found
Refreshing native plugins compatible for Editor in 1.25 ms, found 0 plugins.
Preloading 0 native plugins for Editor in 0.00 ms.
Can't find custom attr constructor image: G:\Unity\GithubWork\PatientZero.RE\Patient_Zero\Library\PackageCache\com.unity.ads@3.4.5\Editor\UnityEditor.Advertisements.dll mtoken: 0x0a00000f due to:  assembly:D:\unityInstall\2020.2.6f1c1\Editor\Data\Managed\UnityEngine\UnityEngine.CoreModule.dll type:UnityAPICompatibilityVersionAttribute member:void {0}(string,string[]) signature:.ctor
Warning: Annotation not found!
UnityEngine.StackTraceUtility:ExtractStackTrace ()
UnityEditor.ProBuilder.EditorUtility:SetGizmoIconEnabled (System.Type,bool) (at Library/PackageCache/com.unity.probuilder@4.5.0/Editor/EditorCore/EditorUtility.cs:593)
UnityEditor.ProBuilder.HierarchyListener:.cctor () (at Library/PackageCache/com.unity.probuilder@4.5.0/Editor/EditorCore/HierarchyListener.cs:21)
System.Runtime.CompilerServices.RuntimeHelpers:RunClassConstructor (System.RuntimeTypeHandle)
UnityEditor.EditorAssemblies:ProcessInitializeOnLoadAttributes (System.Type[])

[Library/PackageCache/com.unity.probuilder@4.5.0/Editor/EditorCore/EditorUtility.cs line 593]

Invoked RoslynAnalysisRunner static constructor.
RoslynAnalysisRunner will not be running.
RoslynAnalysisRunner has terminated.
Mono: successfully reloaded assembly
- Completed reload, in  1.554 seconds
Platform modules already initialized, skipping
Refreshing native plugins compatible for Editor in 0.99 ms, found 0 plugins.
Preloading 0 native plugins for Editor in 0.00 ms.
Unloading 1927 Unused Serialized files (Serialized files now loaded: 0)
System memory in use before: 93.7 MB.
System memory in use after: 93.8 MB.

Unloading 30 unused Assets to reduce memory usage. Loaded Objects now: 2426.
Total: 2.836500 ms (FindLiveObjects: 0.200200 ms CreateObjectMapping: 0.077300 ms MarkObjects: 2.441400 ms  DeleteObjects: 0.115700 ms)

========================================================================
Received Import Request.
  Time since last request: 3261.123255 seconds.
  path: Assets/Polygon zombie package
  artifactKey: Guid(fdea14b6aeaf24148b696838fd31d849) Importer(815301076,1909f56bfc062723c751e8b465ee728b)
Start importing Assets/Polygon zombie package using Guid(fdea14b6aeaf24148b696838fd31d849) Importer(815301076,1909f56bfc062723c751e8b465ee728b)  -> (artifact id: 'fd347b2d53f0e85cd58b7ccd135223c7') in 0.015800 seconds
  Import took 0.021804 seconds .

========================================================================
Received Import Request.
  Time since last request: 0.363164 seconds.
  path: Assets/ProBuilder Data
  artifactKey: Guid(efc48a9771426094c9a0dbeb96dc4c96) Importer(815301076,1909f56bfc062723c751e8b465ee728b)
Start importing Assets/ProBuilder Data using Guid(efc48a9771426094c9a0dbeb96dc4c96) Importer(815301076,1909f56bfc062723c751e8b465ee728b)  -> (artifact id: '9ec1297734324c9bd46e12a52606d62b') in 0.009915 seconds
  Import took 0.013959 seconds .

========================================================================
Received Import Request.
  Time since last request: 0.568826 seconds.
  path: Assets/Scripts
  artifactKey: Guid(4f358856577996c22bf7f3148f75326a) Importer(815301076,1909f56bfc062723c751e8b465ee728b)
Start importing Assets/Scripts using Guid(4f358856577996c22bf7f3148f75326a) Importer(815301076,1909f56bfc062723c751e8b465ee728b)  -> (artifact id: 'f8b1c23060801cf49187377a25844b81') in 0.012161 seconds
  Import took 0.017841 seconds .

========================================================================
Received Prepare
Registering precompiled user dll's ...
Registered in 0.007942 seconds.
Begin MonoManager ReloadAssembly
Native extension for WindowsStandalone target not found
Refreshing native plugins compatible for Editor in 1.16 ms, found 0 plugins.
Preloading 0 native plugins for Editor in 0.00 ms.
Can't find custom attr constructor image: G:\Unity\GithubWork\PatientZero.RE\Patient_Zero\Library\PackageCache\com.unity.ads@3.4.5\Editor\UnityEditor.Advertisements.dll mtoken: 0x0a00000f due to:  assembly:D:\unityInstall\2020.2.6f1c1\Editor\Data\Managed\UnityEngine\UnityEngine.CoreModule.dll type:UnityAPICompatibilityVersionAttribute member:void {0}(string,string[]) signature:.ctor
Warning: Annotation not found!
UnityEngine.StackTraceUtility:ExtractStackTrace ()
UnityEditor.ProBuilder.EditorUtility:SetGizmoIconEnabled (System.Type,bool) (at Library/PackageCache/com.unity.probuilder@4.5.0/Editor/EditorCore/EditorUtility.cs:593)
UnityEditor.ProBuilder.HierarchyListener:.cctor () (at Library/PackageCache/com.unity.probuilder@4.5.0/Editor/EditorCore/HierarchyListener.cs:21)
System.Runtime.CompilerServices.RuntimeHelpers:RunClassConstructor (System.RuntimeTypeHandle)
UnityEditor.EditorAssemblies:ProcessInitializeOnLoadAttributes (System.Type[])

[Library/PackageCache/com.unity.probuilder@4.5.0/Editor/EditorCore/EditorUtility.cs line 593]

Invoked RoslynAnalysisRunner static constructor.
RoslynAnalysisRunner will not be running.
RoslynAnalysisRunner has terminated.
Mono: successfully reloaded assembly
- Completed reload, in  1.303 seconds
Platform modules already initialized, skipping
Refreshing native plugins compatible for Editor in 1.40 ms, found 0 plugins.
Preloading 0 native plugins for Editor in 0.00 ms.
Unloading 1928 Unused Serialized files (Serialized files now loaded: 0)
System memory in use before: 93.8 MB.
System memory in use after: 93.8 MB.

Unloading 30 unused Assets to reduce memory usage. Loaded Objects now: 2429.
Total: 4.758800 ms (FindLiveObjects: 0.431500 ms CreateObjectMapping: 0.281000 ms MarkObjects: 3.957300 ms  DeleteObjects: 0.087700 ms)

========================================================================
Received Import Request.
  Time since last request: 261.960215 seconds.
  path: Assets/UIProject/UIScenes/level2.unity
  artifactKey: Guid(0e88d9b7a6954dc4cb5be4ff3ebd1ad5) Importer(815301076,1909f56bfc062723c751e8b465ee728b)
Start importing Assets/UIProject/UIScenes/level2.unity using Guid(0e88d9b7a6954dc4cb5be4ff3ebd1ad5) Importer(815301076,1909f56bfc062723c751e8b465ee728b)  -> (artifact id: '82de87cf817622343712ad5cfd23423b') in 0.012901 seconds
  Import took 0.016608 seconds .

========================================================================
Received Import Request.
  Time since last request: 0.453852 seconds.
  path: Assets/UIProject/UIScenes/level1.unity
  artifactKey: Guid(2cda990e2423bbf4892e6590ba056729) Importer(815301076,1909f56bfc062723c751e8b465ee728b)
Start importing Assets/UIProject/UIScenes/level1.unity using Guid(2cda990e2423bbf4892e6590ba056729) Importer(815301076,1909f56bfc062723c751e8b465ee728b)  -> (artifact id: '78586891dfa407272fc66bc2fcb80959') in 0.011406 seconds
  Import took 0.016595 seconds .

========================================================================
Received Import Request.
  Time since last request: 45.239925 seconds.
  path: Assets/UIProject/切图/01/images/01-A界面.png
  artifactKey: Guid(e33b19d372e4f764e95e90c0187d0ba4) Importer(815301076,1909f56bfc062723c751e8b465ee728b)
Start importing Assets/UIProject/切图/01/images/01-A界面.png using Guid(e33b19d372e4f764e95e90c0187d0ba4) Importer(815301076,1909f56bfc062723c751e8b465ee728b)  -> (artifact id: 'a074d9e46f674fc358f76f69bcf8cb80') in 0.490140 seconds
  Import took 0.494025 seconds .

========================================================================
Received Import Request.
  Time since last request: 0.000266 seconds.
  path: Assets/UIProject/切图/01/images/01-A界面_07.png
  artifactKey: Guid(8d88b92df8eaaa6408a1277df856bb2d) Importer(815301076,1909f56bfc062723c751e8b465ee728b)
Start importing Assets/UIProject/切图/01/images/01-A界面_07.png using Guid(8d88b92df8eaaa6408a1277df856bb2d) Importer(815301076,1909f56bfc062723c751e8b465ee728b)  -> (artifact id: 'a9e77a428f556e65598d1f8e48282b71') in 0.023924 seconds
  Import took 0.028021 seconds .

========================================================================
Received Import Request.
  Time since last request: 0.000330 seconds.
  path: Assets/UIProject/切图/03/images/03-A界面_11.png
  artifactKey: Guid(e73fde55e9a0c3748b8a2517a3f8799f) Importer(815301076,1909f56bfc062723c751e8b465ee728b)
Start importing Assets/UIProject/切图/03/images/03-A界面_11.png using Guid(e73fde55e9a0c3748b8a2517a3f8799f) Importer(815301076,1909f56bfc062723c751e8b465ee728b)  -> (artifact id: 'b7a6a7af99ae464e40f7b0f4df3c2a2b') in 0.025409 seconds
  Import took 0.030405 seconds .

========================================================================
Received Import Request.
  Time since last request: 0.000241 seconds.
  path: Assets/UIProject/切图/02/images/02-A界面_07.png
  artifactKey: Guid(ba9526ae02053284a9113ed3f9347880) Importer(815301076,1909f56bfc062723c751e8b465ee728b)
Start importing Assets/UIProject/切图/02/images/02-A界面_07.png using Guid(ba9526ae02053284a9113ed3f9347880) Importer(815301076,1909f56bfc062723c751e8b465ee728b)  -> (artifact id: '309807f18b48fd93923bb73c8e66d937') in 0.026769 seconds
  Import took 0.031625 seconds .

========================================================================
Received Import Request.
  Time since last request: 0.000709 seconds.
  path: Assets/UIProject/切图/03/03-A界面.psd
  artifactKey: Guid(88feb7b286927074c92d27d2018c9477) Importer(815301076,1909f56bfc062723c751e8b465ee728b)
Start importing Assets/UIProject/切图/03/03-A界面.psd using Guid(88feb7b286927074c92d27d2018c9477) Importer(815301076,1909f56bfc062723c751e8b465ee728b)  -> (artifact id: '6550ee864bac6d5cdb758d46c85ed685') in 0.032119 seconds
  Import took 0.036014 seconds .

========================================================================
Received Import Request.
  Time since last request: 0.000231 seconds.
  path: Assets/UIProject/切图/03/images/03-A界面_10.png
  artifactKey: Guid(ba4be51252d37324b99f4f85206d376b) Importer(815301076,1909f56bfc062723c751e8b465ee728b)
Start importing Assets/UIProject/切图/03/images/03-A界面_10.png using Guid(ba4be51252d37324b99f4f85206d376b) Importer(815301076,1909f56bfc062723c751e8b465ee728b)  -> (artifact id: '4d1c26a21b6094d840ba53c7cd92ed4a') in 0.017573 seconds
  Import took 0.021614 seconds .

========================================================================
Received Import Request.
  Time since last request: 0.000217 seconds.
  path: Assets/UIProject/切图/03/images/03-A界面_12.png
  artifactKey: Guid(57e22184a013b414c968638ffcfad7d3) Importer(815301076,1909f56bfc062723c751e8b465ee728b)
Start importing Assets/UIProject/切图/03/images/03-A界面_12.png using Guid(57e22184a013b414c968638ffcfad7d3) Importer(815301076,1909f56bfc062723c751e8b465ee728b)  -> (artifact id: '173157b491cbfb03efde382620dd06bc') in 0.021163 seconds
  Import took 0.024865 seconds .

========================================================================
Received Import Request.
  Time since last request: 0.000224 seconds.
  path: Assets/UIProject/切图/01/01-A界面.jpg
  artifactKey: Guid(2e9cdac92825f79438ab39a22e8679aa) Importer(815301076,1909f56bfc062723c751e8b465ee728b)
Start importing Assets/UIProject/切图/01/01-A界面.jpg using Guid(2e9cdac92825f79438ab39a22e8679aa) Importer(815301076,1909f56bfc062723c751e8b465ee728b)  -> (artifact id: '1100a652b78fcfbd3a10e1edfe77bc21') in 0.030546 seconds
  Import took 0.061069 seconds .

========================================================================
Received Import Request.
  Time since last request: 0.000226 seconds.
  path: Assets/UIProject/切图/02/images/02-A界面.png
  artifactKey: Guid(ca258b720631b0943a0c3123521ae76d) Importer(815301076,1909f56bfc062723c751e8b465ee728b)
Start importing Assets/UIProject/切图/02/images/02-A界面.png using Guid(ca258b720631b0943a0c3123521ae76d) Importer(815301076,1909f56bfc062723c751e8b465ee728b)  -> (artifact id: '70fd06b11bade0a674b70bba3a1e0be5') in 0.023817 seconds
  Import took 0.029005 seconds .

========================================================================
Received Import Request.
  Time since last request: 0.000231 seconds.
  path: Assets/UIProject/切图/01/01-A界面.psd
  artifactKey: Guid(24eb38451884ae94181cfb78a7fbed4f) Importer(815301076,1909f56bfc062723c751e8b465ee728b)
Start importing Assets/UIProject/切图/01/01-A界面.psd using Guid(24eb38451884ae94181cfb78a7fbed4f) Importer(815301076,1909f56bfc062723c751e8b465ee728b)  -> (artifact id: '4bc556e7826ce0f297131e27efa00c86') in 0.030383 seconds
  Import took 0.034883 seconds .

========================================================================
Received Import Request.
  Time since last request: 0.000245 seconds.
  path: Assets/UIProject/切图/02/02-A界面.psd
  artifactKey: Guid(4fa762267f63bfe478009cc497e6457d) Importer(815301076,1909f56bfc062723c751e8b465ee728b)
Start importing Assets/UIProject/切图/02/02-A界面.psd using Guid(4fa762267f63bfe478009cc497e6457d) Importer(815301076,1909f56bfc062723c751e8b465ee728b)  -> (artifact id: '94ca0b07b65ae50e42ca365fea4a2139') in 0.021219 seconds
  Import took 0.026217 seconds .

========================================================================
Received Import Request.
  Time since last request: 0.000304 seconds.
  path: Assets/UIProject/切图/03/images/03-A界面_03.png
  artifactKey: Guid(8565e1ea9e7791f49adcd72c41d50d7b) Importer(815301076,1909f56bfc062723c751e8b465ee728b)
Start importing Assets/UIProject/切图/03/images/03-A界面_03.png using Guid(8565e1ea9e7791f49adcd72c41d50d7b) Importer(815301076,1909f56bfc062723c751e8b465ee728b)  -> (artifact id: '614993e0fd9f2edbca25a783956a721b') in 0.020663 seconds
  Import took 0.024669 seconds .

========================================================================
Received Import Request.
  Time since last request: 0.000333 seconds.
  path: Assets/UIProject/切图/01/images/01-A界面_03.png
  artifactKey: Guid(084080cd1d97e5e45a3837a2a0083416) Importer(815301076,1909f56bfc062723c751e8b465ee728b)
Start importing Assets/UIProject/切图/01/images/01-A界面_03.png using Guid(084080cd1d97e5e45a3837a2a0083416) Importer(815301076,1909f56bfc062723c751e8b465ee728b)  -> (artifact id: '4c6dda6a40c59f4c3737c7735e48be4b') in 0.021892 seconds
  Import took 0.027216 seconds .

========================================================================
Received Import Request.
  Time since last request: 0.000310 seconds.
  path: Assets/UIProject/切图/01/images/01-A界面_15.png
  artifactKey: Guid(278d652f48bbfa74a8278a0c4980442b) Importer(815301076,1909f56bfc062723c751e8b465ee728b)
Start importing Assets/UIProject/切图/01/images/01-A界面_15.png using Guid(278d652f48bbfa74a8278a0c4980442b) Importer(815301076,1909f56bfc062723c751e8b465ee728b)  -> (artifact id: '517a0aacf9749576c37f6996497bcbb6') in 0.024220 seconds
  Import took 0.028014 seconds .

========================================================================
Received Import Request.
  Time since last request: 0.000224 seconds.
  path: Assets/UIProject/切图/02/02-A界面.jpg
  artifactKey: Guid(6fd5029185942004a9857116079c8218) Importer(815301076,1909f56bfc062723c751e8b465ee728b)
Start importing Assets/UIProject/切图/02/02-A界面.jpg using Guid(6fd5029185942004a9857116079c8218) Importer(815301076,1909f56bfc062723c751e8b465ee728b)  -> (artifact id: '0fe4dec23a785f5507b7263293254a60') in 0.021092 seconds
  Import took 0.024767 seconds .

========================================================================
Received Import Request.
  Time since last request: 0.000243 seconds.
  path: Assets/UIProject/切图/03/03-A界面.jpg
  artifactKey: Guid(c27355ddfd39a564e9dc3b35b6917645) Importer(815301076,1909f56bfc062723c751e8b465ee728b)
Start importing Assets/UIProject/切图/03/03-A界面.jpg using Guid(c27355ddfd39a564e9dc3b35b6917645) Importer(815301076,1909f56bfc062723c751e8b465ee728b)  -> (artifact id: 'b14633e1afec3793d78e853564e25c65') in 0.022423 seconds
  Import took 0.026880 seconds .

========================================================================
Received Import Request.
  Time since last request: 0.000255 seconds.
  path: Assets/UIProject/切图/03/images/03-A界面.png
  artifactKey: Guid(d3d365bb201cd1c4ab7f3e573697b7af) Importer(815301076,1909f56bfc062723c751e8b465ee728b)
Start importing Assets/UIProject/切图/03/images/03-A界面.png using Guid(d3d365bb201cd1c4ab7f3e573697b7af) Importer(815301076,1909f56bfc062723c751e8b465ee728b)  -> (artifact id: '59a694159323063d7c4229be7df940f6') in 0.020456 seconds
  Import took 0.024453 seconds .

========================================================================
Received Import Request.
  Time since last request: 0.000855 seconds.
  path: Assets/UIProject/切图/03/images/03-A界面_14.png
  artifactKey: Guid(68d931c452335254897a981033533047) Importer(815301076,1909f56bfc062723c751e8b465ee728b)
Start importing Assets/UIProject/切图/03/images/03-A界面_14.png using Guid(68d931c452335254897a981033533047) Importer(815301076,1909f56bfc062723c751e8b465ee728b)  -> (artifact id: 'fb285b26e76036ce1df6ecb7c6ada040') in 0.020389 seconds
  Import took 0.024935 seconds .

========================================================================
Received Import Request.
  Time since last request: 0.000617 seconds.
  path: Assets/UIProject/切图/01/images/01-A界面_12.png
  artifactKey: Guid(36bf7d109f0ecb346a49fa22772948e5) Importer(815301076,1909f56bfc062723c751e8b465ee728b)
Start importing Assets/UIProject/切图/01/images/01-A界面_12.png using Guid(36bf7d109f0ecb346a49fa22772948e5) Importer(815301076,1909f56bfc062723c751e8b465ee728b)  -> (artifact id: '5a15affabba7a64720367e0fe80b6fcf') in 0.021200 seconds
  Import took 0.026560 seconds .

========================================================================
Received Import Request.
  Time since last request: 0.000251 seconds.
  path: Assets/UIProject/切图/02/images/02-A界面_11.png
  artifactKey: Guid(b86111dd245d9c84fb06060fee56708f) Importer(815301076,1909f56bfc062723c751e8b465ee728b)
Start importing Assets/UIProject/切图/02/images/02-A界面_11.png using Guid(b86111dd245d9c84fb06060fee56708f) Importer(815301076,1909f56bfc062723c751e8b465ee728b)  -> (artifact id: '0b2aeeba0cf4328e8a6a200af8ef5929') in 0.021623 seconds
  Import took 0.025733 seconds .

========================================================================
Received Import Request.
  Time since last request: 0.000234 seconds.
  path: Assets/UIProject/切图/02/images/02-A界面_03.png
  artifactKey: Guid(e2049c087f4d1004592a8cb9a571f2c0) Importer(815301076,1909f56bfc062723c751e8b465ee728b)
Start importing Assets/UIProject/切图/02/images/02-A界面_03.png using Guid(e2049c087f4d1004592a8cb9a571f2c0) Importer(815301076,1909f56bfc062723c751e8b465ee728b)  -> (artifact id: '00f62c083d7fd4926e930afdf632cbd4') in 0.016673 seconds
  Import took 0.022581 seconds .

========================================================================
Received Import Request.
  Time since last request: 0.000234 seconds.
  path: Assets/UIProject/切图/03/images/03-A界面_04.png
  artifactKey: Guid(63fb33e1acbd8ee49b7690d88908f47c) Importer(815301076,1909f56bfc062723c751e8b465ee728b)
Start importing Assets/UIProject/切图/03/images/03-A界面_04.png using Guid(63fb33e1acbd8ee49b7690d88908f47c) Importer(815301076,1909f56bfc062723c751e8b465ee728b)  -> (artifact id: 'd2861115139e314674c938ccfae819f1') in 0.023086 seconds
  Import took 0.027099 seconds .

========================================================================
Received Import Request.
  Time since last request: 0.000261 seconds.
  path: Assets/UIProject/切图/01/images/01-A界面_10.png
  artifactKey: Guid(2c0c67965f0115a4e9f316f5c527bfed) Importer(815301076,1909f56bfc062723c751e8b465ee728b)
Start importing Assets/UIProject/切图/01/images/01-A界面_10.png using Guid(2c0c67965f0115a4e9f316f5c527bfed) Importer(815301076,1909f56bfc062723c751e8b465ee728b)  -> (artifact id: '18842b295a49a1fc500099eaf1ef8b96') in 0.024590 seconds
  Import took 0.028587 seconds .

========================================================================
Received Import Request.
  Time since last request: 0.000284 seconds.
  path: Assets/UIProject/切图/03/images/03-A界面_08.png
  artifactKey: Guid(cfcca4887f6b613418eaaafd4d1f3075) Importer(815301076,1909f56bfc062723c751e8b465ee728b)
Start importing Assets/UIProject/切图/03/images/03-A界面_08.png using Guid(cfcca4887f6b613418eaaafd4d1f3075) Importer(815301076,1909f56bfc062723c751e8b465ee728b)  -> (artifact id: '5a71523b32110620c46277a315421191') in 0.020431 seconds
  Import took 0.024753 seconds .

========================================================================
Received Import Request.
  Time since last request: 0.000234 seconds.
  path: Assets/UIProject/切图/02/images/02-A界面_09.png
  artifactKey: Guid(fc0a411f3acac824a9ca397c1ebed7ad) Importer(815301076,1909f56bfc062723c751e8b465ee728b)
Start importing Assets/UIProject/切图/02/images/02-A界面_09.png using Guid(fc0a411f3acac824a9ca397c1ebed7ad) Importer(815301076,1909f56bfc062723c751e8b465ee728b)  -> (artifact id: 'cde1afc87922354aae5d95f72a761d4d') in 0.021302 seconds
  Import took 0.026083 seconds .

